2023-10-17 10:57:06,553 [INFO] Activator:176 - 


2023-10-17 10:57:06,559 [INFO] Activator:177 - !SESSION log4j initialized
2023-10-17 10:57:11,584 [INFO] LogOutputStream:77 - [STDOUT_REDIRECT] 
2023-10-17 10:57:14,190 [INFO] ApplicationProperties:184 - Using Application install path: C:\ST\STM32CubeIDE_1.13.2\STM32CubeIDE\plugins\com.st.stm32cube.common.mx_6.9.2.202309101412
2023-10-17 10:57:14,207 [INFO] DbMcusXml:78 - Set database path to: C:\ST\STM32CubeIDE_1.13.2\STM32CubeIDE\plugins\com.st.stm32cube.common.mx_6.9.2.202309101412\\db\/mcu/
2023-10-17 10:57:14,207 [INFO] ApiDb:274 - Set plugin database path to: C:\ST\STM32CubeIDE_1.13.2\STM32CubeIDE\plugins\com.st.stm32cube.common.mx_6.9.2.202309101412\\db\/plugins/boardmanager/
2023-10-17 10:57:14,207 [WARN] ApiDb:259 - Overriding images path with different value:  => C:\ST\STM32CubeIDE_1.13.2\STM32CubeIDE\plugins\com.st.stm32cube.common.mx_6.9.2.202309101412\\db\/plugins/mcufinder/images/
2023-10-17 10:57:14,219 [INFO] ApiDb:250 - Set database path to: C:\Users\GGPC\.stmcufinder\plugins\mcufinder//mcu/
2023-10-17 10:57:14,220 [INFO] DbMcusAds:125 - Set database path to: C:\Users\GGPC\.stmcufinder\plugins\mcufinder//mcu/
2023-10-17 10:57:14,222 [INFO] CrossReferenceDbSqlite:203 - Set database path to: C:\Users\GGPC\.stmcufinder\plugins\mcufinder//mcu/cs/
2023-10-17 10:57:14,321 [INFO] RulesReader:64 - Compatibility file has been processed (293 Rules)
2023-10-17 10:57:14,393 [INFO] DbMcusXml:78 - Set database path to: C:\ST\STM32CubeIDE_1.13.2\STM32CubeIDE\plugins\com.st.stm32cube.common.mx_6.9.2.202309101412\\db\/mcu/
2023-10-17 10:57:14,394 [INFO] ApiDb:274 - Set plugin database path to: C:\ST\STM32CubeIDE_1.13.2\STM32CubeIDE\plugins\com.st.stm32cube.common.mx_6.9.2.202309101412\\db\/plugins/boardmanager/
2023-10-17 10:57:14,394 [INFO] ApiDb:261 - Set plugin images path to: C:\ST\STM32CubeIDE_1.13.2\STM32CubeIDE\plugins\com.st.stm32cube.common.mx_6.9.2.202309101412\\db\/plugins/mcufinder/images/
2023-10-17 10:57:14,394 [WARN] DbFile:41 - Overriding database path with different value: C:\Users\GGPC\.stmcufinder\plugins\mcufinder/ => C:\Users\GGPC\.stmcufinder\plugins\mcufinder
2023-10-17 10:57:14,394 [INFO] ApiDb:250 - Set database path to: C:\Users\GGPC\.stmcufinder\plugins\mcufinder//mcu/
2023-10-17 10:57:14,394 [WARN] DbFile:41 - Overriding database path with different value: C:\Users\GGPC\.stmcufinder\plugins\mcufinder/ => C:\Users\GGPC\.stmcufinder\plugins\mcufinder
2023-10-17 10:57:14,394 [INFO] DbMcusAds:125 - Set database path to: C:\Users\GGPC\.stmcufinder\plugins\mcufinder//mcu/
2023-10-17 10:57:14,394 [WARN] DbFile:41 - Overriding database path with different value: C:\Users\GGPC\.stmcufinder\plugins\mcufinder/ => C:\Users\GGPC\.stmcufinder\plugins\mcufinder
2023-10-17 10:57:14,394 [WARN] DbFile:41 - Overriding database path with different value: C:\Users\GGPC\.stmcufinder\plugins\mcufinder/ => C:\Users\GGPC\.stmcufinder\plugins\mcufinder
2023-10-17 10:57:14,395 [INFO] CrossReferenceDbSqlite:203 - Set database path to: C:\Users\GGPC\.stmcufinder\plugins\mcufinder//mcu/cs/
2023-10-17 10:57:14,467 [INFO] MainPanel:262 - HeapMemory: 268435456
2023-10-17 10:57:14,552 [INFO] DbMcusXml:78 - Set database path to: C:\ST\STM32CubeIDE_1.13.2\STM32CubeIDE\plugins\com.st.stm32cube.common.mx_6.9.2.202309101412\\db\/mcu/
2023-10-17 10:57:14,552 [INFO] ApiDb:274 - Set plugin database path to: C:\ST\STM32CubeIDE_1.13.2\STM32CubeIDE\plugins\com.st.stm32cube.common.mx_6.9.2.202309101412\\db\/plugins/boardmanager/
2023-10-17 10:57:14,552 [INFO] ApiDb:261 - Set plugin images path to: C:\ST\STM32CubeIDE_1.13.2\STM32CubeIDE\plugins\com.st.stm32cube.common.mx_6.9.2.202309101412\\db\/plugins/mcufinder/images/
2023-10-17 10:57:14,553 [WARN] DbFile:41 - Overriding database path with different value: C:\Users\GGPC\.stmcufinder\plugins\mcufinder/ => C:\Users\GGPC\.stmcufinder\plugins\mcufinder
2023-10-17 10:57:14,553 [INFO] ApiDb:250 - Set database path to: C:\Users\GGPC\.stmcufinder\plugins\mcufinder//mcu/
2023-10-17 10:57:14,553 [WARN] DbFile:41 - Overriding database path with different value: C:\Users\GGPC\.stmcufinder\plugins\mcufinder/ => C:\Users\GGPC\.stmcufinder\plugins\mcufinder
2023-10-17 10:57:14,553 [INFO] DbMcusAds:125 - Set database path to: C:\Users\GGPC\.stmcufinder\plugins\mcufinder//mcu/
2023-10-17 10:57:14,553 [WARN] DbFile:41 - Overriding database path with different value: C:\Users\GGPC\.stmcufinder\plugins\mcufinder/ => C:\Users\GGPC\.stmcufinder\plugins\mcufinder
2023-10-17 10:57:14,553 [WARN] DbFile:41 - Overriding database path with different value: C:\Users\GGPC\.stmcufinder\plugins\mcufinder/ => C:\Users\GGPC\.stmcufinder\plugins\mcufinder
2023-10-17 10:57:14,553 [INFO] CrossReferenceDbSqlite:203 - Set database path to: C:\Users\GGPC\.stmcufinder\plugins\mcufinder//mcu/cs/
2023-10-17 10:57:14,572 [INFO] ApplicationProperties:184 - Using Application install path: C:\ST\STM32CubeIDE_1.13.2\STM32CubeIDE\plugins\com.st.stm32cube.common.mx_6.9.2.202309101412
2023-10-17 10:57:14,573 [INFO] PluginManage:196 - Search for loadable plugins [exclusion list=, ]
2023-10-17 10:57:14,575 [INFO] PluginManage:310 - Check plugin analytics
2023-10-17 10:57:14,708 [INFO] AnalyticsPlugin:253 - Accepted Software Licenses: 
2023-10-17 10:57:14,708 [INFO] AnalyticsPlugin:255 - Accepted CMSIS Pack Licenses: 
2023-10-17 10:57:14,708 [INFO] AnalyticsPlugin:257 - Accepted Firmware Licenses: 
2023-10-17 10:57:14,710 [INFO] PluginManage:359 - Loaded plugin analytics (category:tool,tabindex:-1)
2023-10-17 10:57:14,711 [INFO] PluginManage:310 - Check plugin cadmodel
2023-10-17 10:57:14,724 [INFO] CADModel:105 - Init CAD model plugin
2023-10-17 10:57:14,724 [INFO] PluginManage:359 - Loaded plugin cadmodel (category:power,tabindex:5)
2023-10-17 10:57:14,724 [INFO] PluginManage:310 - Check plugin clock
2023-10-17 10:57:14,743 [INFO] PluginManage:359 - Loaded plugin clock (category:base,tabindex:2)
2023-10-17 10:57:14,743 [INFO] PluginManage:310 - Check plugin ddr
2023-10-17 10:57:14,745 [INFO] PluginManage:359 - Loaded plugin ddr (category:tool,tabindex:6)
2023-10-17 10:57:14,745 [INFO] PluginManage:310 - Check plugin filemanager
2023-10-17 10:57:14,862 [INFO] PluginManage:359 - Loaded plugin filemanager (category:base,tabindex:10)
2023-10-17 10:57:14,862 [INFO] PluginManage:310 - Check plugin ipmanager
2023-10-17 10:57:14,868 [INFO] PluginManage:359 - Loaded plugin ipmanager (category:base,tabindex:5)
2023-10-17 10:57:14,868 [INFO] PluginManage:310 - Check plugin lpbam
2023-10-17 10:57:14,883 [INFO] PluginManage:359 - Loaded plugin lpbam (category:base,tabindex:0)
2023-10-17 10:57:14,883 [INFO] PluginManage:310 - Check plugin memorymap
2023-10-17 10:57:14,903 [INFO] PluginManage:359 - Loaded plugin memorymap (category:base,tabindex:4)
2023-10-17 10:57:14,904 [INFO] PluginManage:310 - Check plugin pinoutandconfiguration
2023-10-17 10:57:14,918 [INFO] PluginManage:359 - Loaded plugin pinoutandconfiguration (category:base,tabindex:1)
2023-10-17 10:57:14,918 [INFO] PluginManage:310 - Check plugin pinoutconfig
2023-10-17 10:57:15,006 [WARN] SupportedApi:132 - Cannot load RTOS API schema: s4s-elt-must-match.1: The content of 'definitions' must match (annotation?, (simpleType | complexType)?, (unique | key | keyref)*)). A problem was found starting at: attribute.
2023-10-17 10:57:15,125 [INFO] PluginManage:359 - Loaded plugin pinoutconfig (category:base,tabindex:0)
2023-10-17 10:57:15,125 [INFO] PluginManage:310 - Check plugin power
2023-10-17 10:57:15,143 [INFO] PluginManage:359 - Loaded plugin power (category:power,tabindex:4)
2023-10-17 10:57:15,143 [INFO] PluginManage:310 - Check plugin projectmanager
2023-10-17 10:57:15,155 [INFO] PluginManage:359 - Loaded plugin projectmanager (category:projectmanager,tabindex:3)
2023-10-17 10:57:15,155 [INFO] PluginManage:310 - Check plugin thirdparty
2023-10-17 10:57:15,374 [INFO] PluginManage:359 - Loaded plugin thirdparty (category:base,tabindex:-1)
2023-10-17 10:57:15,375 [INFO] PluginManage:310 - Check plugin tools
2023-10-17 10:57:15,374 [WARN] IntegrityCheckThread:84 - waiting for thirdparty lock release [integrity check]
2023-10-17 10:57:15,375 [INFO] IntegrityCheckThread:86 - entering critical section [integrity check]
2023-10-17 10:57:15,375 [INFO] ThirdPartyUpdaterWithRetryManager:70 - Updater plugin not ready yet. [1/15]
2023-10-17 10:57:15,408 [INFO] PluginManage:359 - Loaded plugin tools (category:base,tabindex:7)
2023-10-17 10:57:15,408 [INFO] PluginManage:310 - Check plugin tutovideos
2023-10-17 10:57:15,586 [INFO] PluginManage:359 - Loaded plugin tutovideos (category:base,tabindex:-1)
2023-10-17 10:57:15,586 [INFO] PluginManage:310 - Check plugin updater
2023-10-17 10:57:15,600 [INFO] PluginManage:359 - Loaded plugin updater (category:base,tabindex:12)
2023-10-17 10:57:15,600 [INFO] PluginManage:310 - Check plugin userauth
2023-10-17 10:57:15,605 [INFO] UserAuth:113 - Init User Auth plugin
2023-10-17 10:57:15,605 [INFO] PluginManage:359 - Loaded plugin userauth (category:base,tabindex:14)
2023-10-17 10:57:15,605 [INFO] PluginManage:283 - PluginManage : Loaded plugins [17]
2023-10-17 10:57:15,790 [INFO] PinOutPanel:1499 - setPackage(No Configuration,No Configuration)
2023-10-17 10:57:15,880 [INFO] CADModel:165 - CPN selected for project level
2023-10-17 10:57:15,880 [INFO] CADModel:114 - Register for checkConnection events
2023-10-17 10:57:15,902 [INFO] IPUIPlugin:80 - create IPUIPlugin
2023-10-17 10:57:15,902 [INFO] PluginManager:220 - loadIPPluginJar : add adc
2023-10-17 10:57:15,931 [INFO] IPUIPlugin:80 - create IPUIPlugin
2023-10-17 10:57:15,932 [INFO] PluginManager:220 - loadIPPluginJar : add aes
2023-10-17 10:57:15,965 [INFO] IPUIPlugin:80 - create IPUIPlugin
2023-10-17 10:57:15,965 [INFO] PluginManager:220 - loadIPPluginJar : add can
2023-10-17 10:57:15,984 [INFO] IPUIPlugin:80 - create IPUIPlugin
2023-10-17 10:57:15,984 [INFO] PluginManager:220 - loadIPPluginJar : add comp
2023-10-17 10:57:16,011 [INFO] IPUIPlugin:80 - create IPUIPlugin
2023-10-17 10:57:16,012 [INFO] PluginManager:220 - loadIPPluginJar : add cryp
2023-10-17 10:57:16,036 [INFO] IPUIPlugin:80 - create IPUIPlugin
2023-10-17 10:57:16,036 [INFO] PluginManager:220 - loadIPPluginJar : add dfsdm
2023-10-17 10:57:16,048 [INFO] IPUIPlugin:80 - create IPUIPlugin
2023-10-17 10:57:16,049 [INFO] PluginManager:220 - loadIPPluginJar : add dma
2023-10-17 10:57:16,081 [INFO] IPUIPlugin:80 - create IPUIPlugin
2023-10-17 10:57:16,081 [INFO] PluginManager:220 - loadIPPluginJar : add dma3
2023-10-17 10:57:16,098 [INFO] IPUIPlugin:80 - create IPUIPlugin
2023-10-17 10:57:16,098 [INFO] PluginManager:220 - loadIPPluginJar : add fatfs
2023-10-17 10:57:16,135 [INFO] IPUIPlugin:80 - create IPUIPlugin
2023-10-17 10:57:16,135 [INFO] PluginManager:220 - loadIPPluginJar : add fmc
2023-10-17 10:57:16,147 [INFO] IPUIPlugin:80 - create IPUIPlugin
2023-10-17 10:57:16,148 [INFO] PluginManager:220 - loadIPPluginJar : add freertos
2023-10-17 10:57:16,164 [INFO] IPUIPlugin:80 - create IPUIPlugin
2023-10-17 10:57:16,165 [INFO] PluginManager:220 - loadIPPluginJar : add genericplugin
2023-10-17 10:57:16,235 [INFO] IPUIPlugin:80 - create IPUIPlugin
2023-10-17 10:57:16,235 [INFO] PluginManager:220 - loadIPPluginJar : add gfxmmu
2023-10-17 10:57:16,339 [INFO] IPUIPlugin:80 - create IPUIPlugin
2023-10-17 10:57:16,340 [INFO] PluginManager:220 - loadIPPluginJar : add gic
2023-10-17 10:57:16,351 [INFO] IPUIPlugin:80 - create IPUIPlugin
2023-10-17 10:57:16,351 [INFO] PluginManager:220 - loadIPPluginJar : add gpio
2023-10-17 10:57:16,432 [INFO] IPUIPlugin:80 - create IPUIPlugin
2023-10-17 10:57:16,433 [INFO] PluginManager:220 - loadIPPluginJar : add gtzc
2023-10-17 10:57:16,459 [INFO] IPUIPlugin:80 - create IPUIPlugin
2023-10-17 10:57:16,459 [INFO] PluginManager:220 - loadIPPluginJar : add hash
2023-10-17 10:57:16,500 [INFO] IPUIPlugin:80 - create IPUIPlugin
2023-10-17 10:57:16,500 [INFO] PluginManager:220 - loadIPPluginJar : add i2c
2023-10-17 10:57:16,537 [INFO] IPUIPlugin:80 - create IPUIPlugin
2023-10-17 10:57:16,538 [INFO] PluginManager:220 - loadIPPluginJar : add i2s
2023-10-17 10:57:16,578 [INFO] IPUIPlugin:80 - create IPUIPlugin
2023-10-17 10:57:16,578 [INFO] PluginManager:220 - loadIPPluginJar : add i3c
2023-10-17 10:57:16,658 [INFO] IPUIPlugin:80 - create IPUIPlugin
2023-10-17 10:57:16,658 [INFO] PluginManager:220 - loadIPPluginJar : add ipddr
2023-10-17 10:57:16,729 [INFO] IPUIPlugin:80 - create IPUIPlugin
2023-10-17 10:57:16,729 [INFO] PluginManager:220 - loadIPPluginJar : add linkedlist
2023-10-17 10:57:16,754 [INFO] IPUIPlugin:80 - create IPUIPlugin
2023-10-17 10:57:16,754 [INFO] PluginManager:220 - loadIPPluginJar : add lorawan
2023-10-17 10:57:16,779 [INFO] IPUIPlugin:80 - create IPUIPlugin
2023-10-17 10:57:16,779 [INFO] PluginManager:220 - loadIPPluginJar : add ltdc
2023-10-17 10:57:16,791 [INFO] IPUIPlugin:80 - create IPUIPlugin
2023-10-17 10:57:16,791 [INFO] PluginManager:220 - loadIPPluginJar : add mdma
2023-10-17 10:57:16,801 [INFO] IPUIPlugin:80 - create IPUIPlugin
2023-10-17 10:57:16,801 [INFO] PluginManager:220 - loadIPPluginJar : add nvic
2023-10-17 10:57:16,827 [INFO] IPUIPlugin:80 - create IPUIPlugin
2023-10-17 10:57:16,827 [INFO] PluginManager:220 - loadIPPluginJar : add opamp
2023-10-17 10:57:16,871 [INFO] IPUIPlugin:80 - create IPUIPlugin
2023-10-17 10:57:16,871 [INFO] PluginManager:220 - loadIPPluginJar : add openamp
2023-10-17 10:57:16,913 [INFO] IPUIPlugin:80 - create IPUIPlugin
2023-10-17 10:57:16,913 [INFO] PluginManager:220 - loadIPPluginJar : add pdm2pcm
2023-10-17 10:57:16,925 [INFO] IPUIPlugin:80 - create IPUIPlugin
2023-10-17 10:57:16,927 [INFO] PluginManager:220 - loadIPPluginJar : add plateformsettings
2023-10-17 10:57:16,945 [INFO] IPUIPlugin:80 - create IPUIPlugin
2023-10-17 10:57:16,946 [INFO] PluginManager:220 - loadIPPluginJar : add quadspi
2023-10-17 10:57:16,957 [INFO] IPUIPlugin:80 - create IPUIPlugin
2023-10-17 10:57:16,957 [INFO] PluginManager:220 - loadIPPluginJar : add resmgrutility
2023-10-17 10:57:16,995 [INFO] IPUIPlugin:80 - create IPUIPlugin
2023-10-17 10:57:16,995 [INFO] PluginManager:220 - loadIPPluginJar : add sai
2023-10-17 10:57:17,022 [INFO] IPUIPlugin:80 - create IPUIPlugin
2023-10-17 10:57:17,023 [INFO] PluginManager:220 - loadIPPluginJar : add spi
2023-10-17 10:57:17,073 [INFO] IPUIPlugin:80 - create IPUIPlugin
2023-10-17 10:57:17,073 [INFO] PluginManager:220 - loadIPPluginJar : add stm32_wpan
2023-10-17 10:57:17,093 [INFO] IPUIPlugin:80 - create IPUIPlugin
2023-10-17 10:57:17,093 [INFO] PluginManager:220 - loadIPPluginJar : add tim
2023-10-17 10:57:17,134 [INFO] IPUIPlugin:80 - create IPUIPlugin
2023-10-17 10:57:17,134 [INFO] PluginManager:220 - loadIPPluginJar : add touchsensing
2023-10-17 10:57:17,152 [INFO] IPUIPlugin:80 - create IPUIPlugin
2023-10-17 10:57:17,153 [INFO] PluginManager:220 - loadIPPluginJar : add tracer_emb
2023-10-17 10:57:17,170 [INFO] IPUIPlugin:80 - create IPUIPlugin
2023-10-17 10:57:17,170 [INFO] PluginManager:220 - loadIPPluginJar : add ts
2023-10-17 10:57:17,186 [INFO] IPUIPlugin:80 - create IPUIPlugin
2023-10-17 10:57:17,186 [INFO] PluginManager:220 - loadIPPluginJar : add tsc
2023-10-17 10:57:17,206 [INFO] IPUIPlugin:80 - create IPUIPlugin
2023-10-17 10:57:17,206 [INFO] PluginManager:220 - loadIPPluginJar : add ucpd
2023-10-17 10:57:17,244 [INFO] IPUIPlugin:80 - create IPUIPlugin
2023-10-17 10:57:17,244 [INFO] PluginManager:220 - loadIPPluginJar : add usart
2023-10-17 10:57:17,279 [INFO] IPUIPlugin:80 - create IPUIPlugin
2023-10-17 10:57:17,280 [INFO] PluginManager:220 - loadIPPluginJar : add usbx
2023-10-17 10:57:17,391 [INFO] CADModel:165 - CPN selected for project level
2023-10-17 10:57:17,392 [INFO] CADModel:114 - Register for checkConnection events
2023-10-17 10:57:17,392 [FATAL] Updater:308 - Updater called before beeing initialized
2023-10-17 10:57:17,392 [ERROR] CADModel:125 - Updater not yet initialized, retry later 
2023-10-17 10:57:17,507 [INFO] CADModel:165 - CPN selected for project level
2023-10-17 10:57:17,507 [INFO] CADModel:114 - Register for checkConnection events
2023-10-17 10:57:17,508 [FATAL] Updater:308 - Updater called before beeing initialized
2023-10-17 10:57:17,508 [ERROR] CADModel:125 - Updater not yet initialized, retry later 
2023-10-17 10:57:17,511 [FATAL] Updater:308 - Updater called before beeing initialized
2023-10-17 10:57:17,580 [FATAL] Updater:308 - Updater called before beeing initialized
2023-10-17 10:57:17,590 [INFO] DbMcusAds:53 - JSON generation date=Thu Sep 30 19:55:09 NZDT 2021 (1632984909247)
2023-10-17 10:57:17,590 [FATAL] Updater:308 - Updater called before beeing initialized
2023-10-17 10:57:17,665 [WARN] DetailPanel:346 - Failed to get advertising image, set to default
2023-10-17 10:57:17,754 [FATAL] Updater:308 - Updater called before beeing initialized
2023-10-17 10:57:17,756 [FATAL] Updater:308 - Updater called before beeing initialized
2023-10-17 10:57:17,756 [FATAL] Updater:308 - Updater called before beeing initialized
2023-10-17 10:57:17,756 [WARN] DetailPanel:346 - Failed to get advertising image, set to default
2023-10-17 10:57:17,757 [FATAL] Updater:308 - Updater called before beeing initialized
2023-10-17 10:57:17,828 [ERROR] Updater:1120 - MainUpdater not yet initialized. External WinMGr cannot be set.
2023-10-17 10:57:17,837 [INFO] Updater:1056 - Updater Version found : 6.9.2
2023-10-17 10:57:17,853 [INFO] ApplicationProperties:184 - Using Application install path: C:\ST\STM32CubeIDE_1.13.2\STM32CubeIDE\plugins\com.st.stm32cube.common.mx_6.9.2.202309101412
2023-10-17 10:57:17,963 [INFO] MainUpdater:2868 - connection check result : 10
2023-10-17 10:57:17,964 [INFO] MainUpdater:3562 - Updater definition file requires update
2023-10-17 10:57:17,965 [INFO] MainUpdater:285 - Updater Check For Update Now.
2023-10-17 10:57:17,965 [INFO] MicroXplorer:498 - Change Database Version : DB.6.0.92
2023-10-17 10:57:17,981 [INFO] McuFinderGlobals:63 - Set McuFinder mode to 2 (CubeIDE integrated)
2023-10-17 10:57:17,981 [INFO] UserAuth:179 - activating auth plugin
2023-10-17 10:57:17,983 [INFO] UserAuth:393 - Internet connection configuration mode: 1
2023-10-17 10:57:17,991 [INFO] ServerAccessManage:473 - Download File updaters.zip
2023-10-17 10:57:18,001 [INFO] JxBrowserEngine:151 - Initiate JxBrowser Engine with user profile folder
2023-10-17 10:57:18,049 [INFO] FileExtend:240 - Unzip File : updaters.zip
2023-10-17 10:57:18,049 [INFO] FileExtend:255 - Standard Zip Deflate
2023-10-17 10:57:18,378 [WARN] MainUpdater:1189 - Updater busy. Cannot search thirdparties
2023-10-17 10:57:18,378 [INFO] ThirdPartyUpdaterWithRetryManager:96 - Updater plugin is busy. [1/15]
2023-10-17 10:57:18,398 [INFO] ServerAccessManage:473 - Download File PacksControlFlags.xml
2023-10-17 10:57:18,474 [INFO] ServerAccessManage:473 - Download File cubemx.pidx
2023-10-17 10:57:19,025 [INFO] ServerAccessManage:473 - Download File STMicroelectronics.X-CUBE-MEMS1.pdsc
2023-10-17 10:57:19,511 [ERROR] ServerAccessManage:1089 - Problem, file not found on Server
2023-10-17 10:57:20,661 [INFO] WebApp:157 - Instantiating new browser for Auth
2023-10-17 10:57:21,157 [ERROR] ServerAccessManage:1096 - Problem, Http access forbiden
2023-10-17 10:57:21,157 [ERROR] ServerAccessManage:651 - Problem, Http access forbiden : RoweBots.I-CUBE-UNISONRTOS.pdsc.
2023-10-17 10:57:21,380 [WARN] MainUpdater:1189 - Updater busy. Cannot search thirdparties
2023-10-17 10:57:21,380 [INFO] WebApp:753 - Register for checkConnection events
2023-10-17 10:57:21,380 [INFO] ThirdPartyUpdaterWithRetryManager:96 - Updater plugin is busy. [2/15]
2023-10-17 10:57:21,380 [INFO] WebApp:390 - Apply proxy settings
2023-10-17 10:57:21,380 [INFO] WebApp:475 - Chromium requires no authentication
2023-10-17 10:57:21,389 [INFO] WebApp:418 - Direct internet connection detected
2023-10-17 10:57:21,424 [INFO] CheckServerUpdateThread:120 - End of CheckServer Thread
2023-10-17 10:57:21,454 [INFO] PopulateThirdPartyThread:66 - Ending populate Thread
2023-10-17 10:57:21,455 [INFO] ThirdParty:1030 - CMSIS Pack Vendor :STMicroelectronics X-CUBE-MEMS1 10.0.0
2023-10-17 10:57:21,455 [INFO] LoadServerUpdatesThread:373 - End of LoadServerUpdate Thread
2023-10-17 10:57:21,547 [INFO] WebApp:188 - Starting web application
2023-10-17 10:57:21,548 [INFO] WebApp:520 - Web application path used C:\ST\STM32CubeIDE_1.13.2\STM32CubeIDE\plugins\com.st.stm32cube.common.mx_6.9.2.202309101412\db\plugins\mcufinder\reactClient1\index.html
2023-10-17 10:57:24,490 [WARN] PackLoader:240 - Cannot read IP mode file for STMicroelectronics.X-CUBE-SMBUS.2.1.0
2023-10-17 10:57:24,515 [WARN] PackLoader:240 - Cannot read IP mode file for STMicroelectronics.X-CUBE-AZRTOS-F7.1.1.0
2023-10-17 10:57:24,528 [WARN] PackLoader:240 - Cannot read IP mode file for STMicroelectronics.FP-SNS-MOTENV1.4.3.2
2023-10-17 10:57:24,534 [WARN] PackLoader:240 - Cannot read IP mode file for STMicroelectronics.FP-SNS-FLIGHT1.5.0.2
2023-10-17 10:57:24,547 [WARN] PackLoader:240 - Cannot read IP mode file for STMicroelectronics.X-CUBE-DISPLAY.3.0.0
2023-10-17 10:57:24,562 [WARN] PackLoader:240 - Cannot read IP mode file for STMicroelectronics.X-CUBE-BLE1.7.0.0
2023-10-17 10:57:24,572 [WARN] PackLoader:240 - Cannot read IP mode file for emotas.I-CUBE-CANOPEN.1.3.0
2023-10-17 10:57:24,582 [WARN] PackLoader:240 - Cannot read IP mode file for STMicroelectronics.X-CUBE-TOUCHGFX.4.22.1
2023-10-17 10:57:24,591 [WARN] PackLoader:240 - Cannot read IP mode file for STMicroelectronics.FP-SNS-SMARTAG2.1.2.0
2023-10-17 10:57:24,604 [INFO] LogOutputStream:77 - [STDOUT_REDIRECT] 1 : Invalid condition id : UX_CORESTACK_Condition cause : null
2023-10-17 10:57:24,605 [INFO] LogOutputStream:77 - [STDOUT_REDIRECT] 1 : Invalid condition id : UX_CORESTACK_Condition cause : null
2023-10-17 10:57:24,605 [INFO] LogOutputStream:77 - [STDOUT_REDIRECT] 1 : Invalid condition id : UX_CORESTACK_Condition cause : null
2023-10-17 10:57:24,606 [INFO] LogOutputStream:77 - [STDOUT_REDIRECT] 1 : Invalid condition id : UX_CORESTACK_Condition cause : null
2023-10-17 10:57:24,607 [INFO] LogOutputStream:77 - [STDOUT_REDIRECT] 1 : Invalid condition id : UX_CORESTACK_Condition cause : null
2023-10-17 10:57:24,609 [WARN] PackLoader:240 - Cannot read IP mode file for STMicroelectronics.X-CUBE-AZRTOS-WL.2.0.0
2023-10-17 10:57:24,620 [WARN] PackLoader:240 - Cannot read IP mode file for WES.I-CUBE-Cesium.1.3.0
2023-10-17 10:57:24,630 [WARN] PackLoader:240 - Cannot read IP mode file for STMicroelectronics.X-CUBE-BLE2.3.3.0
2023-10-17 10:57:24,640 [WARN] PackLoader:240 - Cannot read IP mode file for STMicroelectronics.X-CUBE-ALGOBUILD.1.3.0
2023-10-17 10:57:24,663 [WARN] PackLoader:240 - Cannot read IP mode file for STMicroelectronics.X-CUBE-AZRTOS-G0.1.1.0
2023-10-17 10:57:24,679 [WARN] PackLoader:240 - Cannot read IP mode file for STMicroelectronics.X-CUBE-NFC4.3.0.0
2023-10-17 10:57:24,686 [WARN] PackLoader:240 - Cannot read IP mode file for STMicroelectronics.FP-ATR-SIGFOX1.3.2.0
2023-10-17 10:57:24,719 [WARN] PackLoader:240 - Cannot read IP mode file for SEGGER.I-CUBE-embOS.1.3.1
2023-10-17 10:57:24,771 [WARN] PackLoader:240 - Cannot read IP mode file for STMicroelectronics.X-CUBE-GNSS1.6.0.0
2023-10-17 10:57:24,796 [WARN] PackLoader:240 - Cannot read IP mode file for STMicroelectronics.X-CUBE-AZRTOS-F4.1.1.0
2023-10-17 10:57:24,808 [WARN] PackLoader:240 - Cannot read IP mode file for wolfSSL.I-CUBE-wolfSSL.5.6.3
2023-10-17 10:57:24,827 [WARN] PackLoader:240 - Cannot read IP mode file for STMicroelectronics.X-CUBE-AZRTOS-L5.2.0.0
2023-10-17 10:57:24,861 [WARN] PackLoader:240 - Cannot read IP mode file for STMicroelectronics.X-CUBE-MEMS1.9.6.0
2023-10-17 10:57:24,968 [WARN] PackLoader:240 - Cannot read IP mode file for ITTIA_DB.I-CUBE-ITTIADB.8.8.0
2023-10-17 10:57:24,980 [WARN] PackLoader:240 - Cannot read IP mode file for STMicroelectronics.X-CUBE-BLEMGR.2.0.0
2023-10-17 10:57:25,001 [WARN] ConditionMgr:438 - getConditionDescription Invalid condition id : UX DEVICE CLASS RTOS Condition cause : null
2023-10-17 10:57:25,001 [WARN] ConditionMgr:438 - getConditionDescription Invalid condition id : UX DEVICE CLASS RTOS Condition cause : null
2023-10-17 10:57:25,003 [WARN] PackLoader:240 - Cannot read IP mode file for STMicroelectronics.X-CUBE-AZRTOS-H7.3.1.0
2023-10-17 10:57:25,003 [WARN] ConditionMgr:1039 - genDependencies : Invalid condition id : UX DEVICE CLASS RTOS Condition cause : null
2023-10-17 10:57:25,003 [WARN] ConditionMgr:1039 - genDependencies : Invalid condition id : UX DEVICE CLASS RTOS Condition cause : null
2023-10-17 10:57:25,004 [WARN] ConditionMgr:1039 - genDependencies : Invalid condition id : UX DEVICE CLASS RTOS Condition cause : null
2023-10-17 10:57:25,004 [WARN] ConditionMgr:1039 - genDependencies : Invalid condition id : UX DEVICE CLASS RTOS Condition cause : null
2023-10-17 10:57:25,004 [WARN] ConditionMgr:1039 - genDependencies : Invalid condition id : UX DEVICE CLASS RTOS Condition cause : null
2023-10-17 10:57:25,015 [WARN] PackLoader:240 - Cannot read IP mode file for STMicroelectronics.X-CUBE-NFC7.1.0.1
2023-10-17 10:57:25,026 [WARN] PackLoader:240 - Cannot read IP mode file for STMicroelectronics.X-CUBE-NFC6.3.0.0
2023-10-17 10:57:25,037 [WARN] PackLoader:240 - Cannot read IP mode file for STMicroelectronics.X-CUBE-EEPRMA1.4.1.0
2023-10-17 10:57:25,047 [WARN] PackLoader:240 - Cannot read IP mode file for STMicroelectronics.X-CUBE-AI.8.1.0
2023-10-17 10:57:25,068 [WARN] ConditionMgr:438 - getConditionDescription Invalid condition id : LAN8742 Phy interface Condition cause : null
2023-10-17 10:57:25,068 [WARN] PackLoader:240 - Cannot read IP mode file for STMicroelectronics.X-CUBE-AZRTOS-L4.2.0.0
2023-10-17 10:57:25,069 [WARN] ConditionMgr:1039 - genDependencies : Invalid condition id : LAN8742 Phy interface Condition cause : null
2023-10-17 10:57:25,069 [WARN] ConditionMgr:1039 - genDependencies : Invalid condition id : LAN8742 Phy interface Condition cause : null
2023-10-17 10:57:25,069 [WARN] ConditionMgr:1039 - genDependencies : Invalid condition id : LAN8742 Phy interface Condition cause : null
2023-10-17 10:57:25,081 [WARN] PackLoader:240 - Cannot read IP mode file for STMicroelectronics.X-CUBE-SFXS2LP1.4.0.0
2023-10-17 10:57:25,092 [WARN] PackLoader:240 - Cannot read IP mode file for STMicroelectronics.X-CUBE-ISPU.1.1.0
2023-10-17 10:57:25,111 [WARN] ConditionMgr:438 - getConditionDescription Invalid condition id : UX DEVICE CLASS RTOS Condition cause : null
2023-10-17 10:57:25,111 [WARN] ConditionMgr:438 - getConditionDescription Invalid condition id : UX DEVICE CLASS RTOS Condition cause : null
2023-10-17 10:57:25,113 [WARN] PackLoader:240 - Cannot read IP mode file for STMicroelectronics.X-CUBE-AZRTOS-WB.2.0.0
2023-10-17 10:57:25,113 [WARN] ConditionMgr:1039 - genDependencies : Invalid condition id : UX DEVICE CLASS RTOS Condition cause : null
2023-10-17 10:57:25,113 [WARN] ConditionMgr:1039 - genDependencies : Invalid condition id : UX DEVICE CLASS RTOS Condition cause : null
2023-10-17 10:57:25,114 [WARN] ConditionMgr:1039 - genDependencies : Invalid condition id : UX DEVICE CLASS RTOS Condition cause : null
2023-10-17 10:57:25,114 [WARN] ConditionMgr:1039 - genDependencies : Invalid condition id : UX DEVICE CLASS RTOS Condition cause : null
2023-10-17 10:57:25,114 [WARN] ConditionMgr:1039 - genDependencies : Invalid condition id : UX DEVICE CLASS RTOS Condition cause : null
2023-10-17 10:57:25,129 [WARN] PackLoader:240 - Cannot read IP mode file for STMicroelectronics.X-CUBE-SUBG2.5.0.0
2023-10-17 10:57:25,148 [WARN] PackLoader:240 - Cannot read IP mode file for STMicroelectronics.X-CUBE-TOF1.3.3.1
2023-10-17 10:57:25,177 [WARN] PackLoader:240 - Cannot read IP mode file for STMicroelectronics.X-CUBE-AZRTOS-G4.2.0.0
2023-10-17 10:57:25,194 [WARN] PackLoader:240 - Cannot read IP mode file for Infineon.AIROC-Wi-Fi-Bluetooth-STM32.1.5.1
2023-10-17 10:57:25,204 [WARN] PackLoader:240 - Cannot read IP mode file for STMicroelectronics.X-CUBE-FREERTOS.1.1.0
2023-10-17 10:57:25,214 [WARN] PackLoader:240 - Cannot read IP mode file for portGmbH.I-Cube-SoM-uGOAL.1.1.0
2023-10-17 10:57:25,223 [WARN] PackLoader:240 - Cannot read IP mode file for STMicroelectronics.X-CUBE-ALS.1.0.1
2023-10-17 10:57:25,226 [WARN] PackLoader:240 - Cannot read IP mode file for STMicroelectronics.FP-ATR-ASTRA1.2.0.0
2023-10-17 10:57:25,226 [INFO] ThirdParty:978 - Integrity check success = true
2023-10-17 10:57:25,226 [INFO] IntegrityCheckThread:100 - exiting critical section [integrity check]
2023-10-17 10:57:25,226 [INFO] IntegrityCheckThread:103 - End integrity checks thread
2023-10-17 10:57:42,283 [ERROR] LogOutputStream:75 - [STDERR_REDIRECT] SLF4J: Failed to load class "org.slf4j.impl.StaticLoggerBinder".
2023-10-17 10:57:42,283 [ERROR] LogOutputStream:75 - [STDERR_REDIRECT] SLF4J: Defaulting to no-operation (NOP) logger implementation
2023-10-17 10:57:42,284 [ERROR] LogOutputStream:75 - [STDERR_REDIRECT] SLF4J: See http://www.slf4j.org/codes.html#StaticLoggerBinder for further details.
2023-10-17 13:39:05,472 [ERROR] LogOutputStream:75 - [STDERR_REDIRECT] 
2023-10-17 22:11:25,712 [INFO] Activator:176 - 


2023-10-17 22:11:25,714 [INFO] Activator:177 - !SESSION log4j initialized
2023-10-17 22:11:30,887 [INFO] LogOutputStream:77 - [STDOUT_REDIRECT] 
2023-10-17 22:11:31,988 [INFO] ApplicationProperties:184 - Using Application install path: C:\ST\STM32CubeIDE_1.13.2\STM32CubeIDE\plugins\com.st.stm32cube.common.mx_6.9.2.202309101412
2023-10-17 22:11:32,003 [INFO] DbMcusXml:78 - Set database path to: C:\ST\STM32CubeIDE_1.13.2\STM32CubeIDE\plugins\com.st.stm32cube.common.mx_6.9.2.202309101412\\db\/mcu/
2023-10-17 22:11:32,003 [INFO] ApiDb:274 - Set plugin database path to: C:\ST\STM32CubeIDE_1.13.2\STM32CubeIDE\plugins\com.st.stm32cube.common.mx_6.9.2.202309101412\\db\/plugins/boardmanager/
2023-10-17 22:11:32,003 [WARN] ApiDb:259 - Overriding images path with different value:  => C:\ST\STM32CubeIDE_1.13.2\STM32CubeIDE\plugins\com.st.stm32cube.common.mx_6.9.2.202309101412\\db\/plugins/mcufinder/images/
2023-10-17 22:11:32,013 [INFO] ApiDb:250 - Set database path to: C:\Users\GGPC\.stmcufinder\plugins\mcufinder//mcu/
2023-10-17 22:11:32,014 [INFO] DbMcusAds:125 - Set database path to: C:\Users\GGPC\.stmcufinder\plugins\mcufinder//mcu/
2023-10-17 22:11:32,015 [INFO] CrossReferenceDbSqlite:203 - Set database path to: C:\Users\GGPC\.stmcufinder\plugins\mcufinder//mcu/cs/
2023-10-17 22:11:32,107 [INFO] RulesReader:64 - Compatibility file has been processed (293 Rules)
2023-10-17 22:11:32,178 [INFO] DbMcusXml:78 - Set database path to: C:\ST\STM32CubeIDE_1.13.2\STM32CubeIDE\plugins\com.st.stm32cube.common.mx_6.9.2.202309101412\\db\/mcu/
2023-10-17 22:11:32,178 [INFO] ApiDb:274 - Set plugin database path to: C:\ST\STM32CubeIDE_1.13.2\STM32CubeIDE\plugins\com.st.stm32cube.common.mx_6.9.2.202309101412\\db\/plugins/boardmanager/
2023-10-17 22:11:32,179 [INFO] ApiDb:261 - Set plugin images path to: C:\ST\STM32CubeIDE_1.13.2\STM32CubeIDE\plugins\com.st.stm32cube.common.mx_6.9.2.202309101412\\db\/plugins/mcufinder/images/
2023-10-17 22:11:32,179 [WARN] DbFile:41 - Overriding database path with different value: C:\Users\GGPC\.stmcufinder\plugins\mcufinder/ => C:\Users\GGPC\.stmcufinder\plugins\mcufinder
2023-10-17 22:11:32,179 [INFO] ApiDb:250 - Set database path to: C:\Users\GGPC\.stmcufinder\plugins\mcufinder//mcu/
2023-10-17 22:11:32,179 [WARN] DbFile:41 - Overriding database path with different value: C:\Users\GGPC\.stmcufinder\plugins\mcufinder/ => C:\Users\GGPC\.stmcufinder\plugins\mcufinder
2023-10-17 22:11:32,179 [INFO] DbMcusAds:125 - Set database path to: C:\Users\GGPC\.stmcufinder\plugins\mcufinder//mcu/
2023-10-17 22:11:32,180 [WARN] DbFile:41 - Overriding database path with different value: C:\Users\GGPC\.stmcufinder\plugins\mcufinder/ => C:\Users\GGPC\.stmcufinder\plugins\mcufinder
2023-10-17 22:11:32,180 [WARN] DbFile:41 - Overriding database path with different value: C:\Users\GGPC\.stmcufinder\plugins\mcufinder/ => C:\Users\GGPC\.stmcufinder\plugins\mcufinder
2023-10-17 22:11:32,180 [INFO] CrossReferenceDbSqlite:203 - Set database path to: C:\Users\GGPC\.stmcufinder\plugins\mcufinder//mcu/cs/
2023-10-17 22:11:32,248 [INFO] MainPanel:262 - HeapMemory: 268435456
2023-10-17 22:11:32,329 [INFO] DbMcusXml:78 - Set database path to: C:\ST\STM32CubeIDE_1.13.2\STM32CubeIDE\plugins\com.st.stm32cube.common.mx_6.9.2.202309101412\\db\/mcu/
2023-10-17 22:11:32,329 [INFO] ApiDb:274 - Set plugin database path to: C:\ST\STM32CubeIDE_1.13.2\STM32CubeIDE\plugins\com.st.stm32cube.common.mx_6.9.2.202309101412\\db\/plugins/boardmanager/
2023-10-17 22:11:32,329 [INFO] ApiDb:261 - Set plugin images path to: C:\ST\STM32CubeIDE_1.13.2\STM32CubeIDE\plugins\com.st.stm32cube.common.mx_6.9.2.202309101412\\db\/plugins/mcufinder/images/
2023-10-17 22:11:32,330 [WARN] DbFile:41 - Overriding database path with different value: C:\Users\GGPC\.stmcufinder\plugins\mcufinder/ => C:\Users\GGPC\.stmcufinder\plugins\mcufinder
2023-10-17 22:11:32,330 [INFO] ApiDb:250 - Set database path to: C:\Users\GGPC\.stmcufinder\plugins\mcufinder//mcu/
2023-10-17 22:11:32,330 [WARN] DbFile:41 - Overriding database path with different value: C:\Users\GGPC\.stmcufinder\plugins\mcufinder/ => C:\Users\GGPC\.stmcufinder\plugins\mcufinder
2023-10-17 22:11:32,330 [INFO] DbMcusAds:125 - Set database path to: C:\Users\GGPC\.stmcufinder\plugins\mcufinder//mcu/
2023-10-17 22:11:32,330 [WARN] DbFile:41 - Overriding database path with different value: C:\Users\GGPC\.stmcufinder\plugins\mcufinder/ => C:\Users\GGPC\.stmcufinder\plugins\mcufinder
2023-10-17 22:11:32,330 [WARN] DbFile:41 - Overriding database path with different value: C:\Users\GGPC\.stmcufinder\plugins\mcufinder/ => C:\Users\GGPC\.stmcufinder\plugins\mcufinder
2023-10-17 22:11:32,330 [INFO] CrossReferenceDbSqlite:203 - Set database path to: C:\Users\GGPC\.stmcufinder\plugins\mcufinder//mcu/cs/
2023-10-17 22:11:32,349 [INFO] ApplicationProperties:184 - Using Application install path: C:\ST\STM32CubeIDE_1.13.2\STM32CubeIDE\plugins\com.st.stm32cube.common.mx_6.9.2.202309101412
2023-10-17 22:11:32,350 [INFO] PluginManage:196 - Search for loadable plugins [exclusion list=, ]
2023-10-17 22:11:32,352 [INFO] PluginManage:310 - Check plugin analytics
2023-10-17 22:11:32,496 [INFO] AnalyticsPlugin:253 - Accepted Software Licenses: 
2023-10-17 22:11:32,496 [INFO] AnalyticsPlugin:255 - Accepted CMSIS Pack Licenses: 
2023-10-17 22:11:32,496 [INFO] AnalyticsPlugin:257 - Accepted Firmware Licenses: 
2023-10-17 22:11:32,498 [INFO] PluginManage:359 - Loaded plugin analytics (category:tool,tabindex:-1)
2023-10-17 22:11:32,499 [INFO] PluginManage:310 - Check plugin cadmodel
2023-10-17 22:11:32,514 [INFO] CADModel:105 - Init CAD model plugin
2023-10-17 22:11:32,514 [INFO] PluginManage:359 - Loaded plugin cadmodel (category:power,tabindex:5)
2023-10-17 22:11:32,514 [INFO] PluginManage:310 - Check plugin clock
2023-10-17 22:11:32,531 [INFO] PluginManage:359 - Loaded plugin clock (category:base,tabindex:2)
2023-10-17 22:11:32,532 [INFO] PluginManage:310 - Check plugin ddr
2023-10-17 22:11:32,533 [INFO] PluginManage:359 - Loaded plugin ddr (category:tool,tabindex:6)
2023-10-17 22:11:32,534 [INFO] PluginManage:310 - Check plugin filemanager
2023-10-17 22:11:32,654 [INFO] PluginManage:359 - Loaded plugin filemanager (category:base,tabindex:10)
2023-10-17 22:11:32,654 [INFO] PluginManage:310 - Check plugin ipmanager
2023-10-17 22:11:32,660 [INFO] PluginManage:359 - Loaded plugin ipmanager (category:base,tabindex:5)
2023-10-17 22:11:32,661 [INFO] PluginManage:310 - Check plugin lpbam
2023-10-17 22:11:32,675 [INFO] PluginManage:359 - Loaded plugin lpbam (category:base,tabindex:0)
2023-10-17 22:11:32,676 [INFO] PluginManage:310 - Check plugin memorymap
2023-10-17 22:11:32,696 [INFO] PluginManage:359 - Loaded plugin memorymap (category:base,tabindex:4)
2023-10-17 22:11:32,696 [INFO] PluginManage:310 - Check plugin pinoutandconfiguration
2023-10-17 22:11:32,710 [INFO] PluginManage:359 - Loaded plugin pinoutandconfiguration (category:base,tabindex:1)
2023-10-17 22:11:32,710 [INFO] PluginManage:310 - Check plugin pinoutconfig
2023-10-17 22:11:32,797 [WARN] SupportedApi:132 - Cannot load RTOS API schema: s4s-elt-must-match.1: The content of 'definitions' must match (annotation?, (simpleType | complexType)?, (unique | key | keyref)*)). A problem was found starting at: attribute.
2023-10-17 22:11:32,909 [INFO] PluginManage:359 - Loaded plugin pinoutconfig (category:base,tabindex:0)
2023-10-17 22:11:32,909 [INFO] PluginManage:310 - Check plugin power
2023-10-17 22:11:32,926 [INFO] PluginManage:359 - Loaded plugin power (category:power,tabindex:4)
2023-10-17 22:11:32,926 [INFO] PluginManage:310 - Check plugin projectmanager
2023-10-17 22:11:32,938 [INFO] PluginManage:359 - Loaded plugin projectmanager (category:projectmanager,tabindex:3)
2023-10-17 22:11:32,938 [INFO] PluginManage:310 - Check plugin thirdparty
2023-10-17 22:11:33,148 [INFO] PluginManage:359 - Loaded plugin thirdparty (category:base,tabindex:-1)
2023-10-17 22:11:33,148 [INFO] PluginManage:310 - Check plugin tools
2023-10-17 22:11:33,148 [WARN] IntegrityCheckThread:84 - waiting for thirdparty lock release [integrity check]
2023-10-17 22:11:33,148 [INFO] IntegrityCheckThread:86 - entering critical section [integrity check]
2023-10-17 22:11:33,149 [INFO] ThirdPartyUpdaterWithRetryManager:70 - Updater plugin not ready yet. [1/15]
2023-10-17 22:11:33,179 [INFO] PluginManage:359 - Loaded plugin tools (category:base,tabindex:7)
2023-10-17 22:11:33,179 [INFO] PluginManage:310 - Check plugin tutovideos
2023-10-17 22:11:33,344 [INFO] PluginManage:359 - Loaded plugin tutovideos (category:base,tabindex:-1)
2023-10-17 22:11:33,345 [INFO] PluginManage:310 - Check plugin updater
2023-10-17 22:11:33,355 [INFO] PluginManage:359 - Loaded plugin updater (category:base,tabindex:12)
2023-10-17 22:11:33,355 [INFO] PluginManage:310 - Check plugin userauth
2023-10-17 22:11:33,361 [INFO] UserAuth:113 - Init User Auth plugin
2023-10-17 22:11:33,361 [INFO] PluginManage:359 - Loaded plugin userauth (category:base,tabindex:14)
2023-10-17 22:11:33,361 [INFO] PluginManage:283 - PluginManage : Loaded plugins [17]
2023-10-17 22:11:33,535 [INFO] PinOutPanel:1499 - setPackage(No Configuration,No Configuration)
2023-10-17 22:11:33,621 [INFO] CADModel:165 - CPN selected for project level
2023-10-17 22:11:33,621 [INFO] CADModel:114 - Register for checkConnection events
2023-10-17 22:11:33,644 [INFO] IPUIPlugin:80 - create IPUIPlugin
2023-10-17 22:11:33,644 [INFO] PluginManager:220 - loadIPPluginJar : add adc
2023-10-17 22:11:33,674 [INFO] IPUIPlugin:80 - create IPUIPlugin
2023-10-17 22:11:33,674 [INFO] PluginManager:220 - loadIPPluginJar : add aes
2023-10-17 22:11:33,706 [INFO] IPUIPlugin:80 - create IPUIPlugin
2023-10-17 22:11:33,706 [INFO] PluginManager:220 - loadIPPluginJar : add can
2023-10-17 22:11:33,726 [INFO] IPUIPlugin:80 - create IPUIPlugin
2023-10-17 22:11:33,726 [INFO] PluginManager:220 - loadIPPluginJar : add comp
2023-10-17 22:11:33,760 [INFO] IPUIPlugin:80 - create IPUIPlugin
2023-10-17 22:11:33,761 [INFO] PluginManager:220 - loadIPPluginJar : add cryp
2023-10-17 22:11:33,789 [INFO] IPUIPlugin:80 - create IPUIPlugin
2023-10-17 22:11:33,790 [INFO] PluginManager:220 - loadIPPluginJar : add dfsdm
2023-10-17 22:11:33,802 [INFO] IPUIPlugin:80 - create IPUIPlugin
2023-10-17 22:11:33,802 [INFO] PluginManager:220 - loadIPPluginJar : add dma
2023-10-17 22:11:33,837 [INFO] IPUIPlugin:80 - create IPUIPlugin
2023-10-17 22:11:33,837 [INFO] PluginManager:220 - loadIPPluginJar : add dma3
2023-10-17 22:11:33,855 [INFO] IPUIPlugin:80 - create IPUIPlugin
2023-10-17 22:11:33,855 [INFO] PluginManager:220 - loadIPPluginJar : add fatfs
2023-10-17 22:11:33,891 [INFO] IPUIPlugin:80 - create IPUIPlugin
2023-10-17 22:11:33,891 [INFO] PluginManager:220 - loadIPPluginJar : add fmc
2023-10-17 22:11:33,904 [INFO] IPUIPlugin:80 - create IPUIPlugin
2023-10-17 22:11:33,904 [INFO] PluginManager:220 - loadIPPluginJar : add freertos
2023-10-17 22:11:33,923 [INFO] IPUIPlugin:80 - create IPUIPlugin
2023-10-17 22:11:33,923 [INFO] PluginManager:220 - loadIPPluginJar : add genericplugin
2023-10-17 22:11:34,008 [INFO] IPUIPlugin:80 - create IPUIPlugin
2023-10-17 22:11:34,009 [INFO] PluginManager:220 - loadIPPluginJar : add gfxmmu
2023-10-17 22:11:34,111 [INFO] IPUIPlugin:80 - create IPUIPlugin
2023-10-17 22:11:34,112 [INFO] PluginManager:220 - loadIPPluginJar : add gic
2023-10-17 22:11:34,122 [INFO] IPUIPlugin:80 - create IPUIPlugin
2023-10-17 22:11:34,123 [INFO] PluginManager:220 - loadIPPluginJar : add gpio
2023-10-17 22:11:34,204 [INFO] IPUIPlugin:80 - create IPUIPlugin
2023-10-17 22:11:34,204 [INFO] PluginManager:220 - loadIPPluginJar : add gtzc
2023-10-17 22:11:34,240 [INFO] IPUIPlugin:80 - create IPUIPlugin
2023-10-17 22:11:34,240 [INFO] PluginManager:220 - loadIPPluginJar : add hash
2023-10-17 22:11:34,284 [INFO] IPUIPlugin:80 - create IPUIPlugin
2023-10-17 22:11:34,284 [INFO] PluginManager:220 - loadIPPluginJar : add i2c
2023-10-17 22:11:34,313 [INFO] IPUIPlugin:80 - create IPUIPlugin
2023-10-17 22:11:34,313 [INFO] PluginManager:220 - loadIPPluginJar : add i2s
2023-10-17 22:11:34,345 [INFO] IPUIPlugin:80 - create IPUIPlugin
2023-10-17 22:11:34,345 [INFO] PluginManager:220 - loadIPPluginJar : add i3c
2023-10-17 22:11:34,425 [INFO] IPUIPlugin:80 - create IPUIPlugin
2023-10-17 22:11:34,425 [INFO] PluginManager:220 - loadIPPluginJar : add ipddr
2023-10-17 22:11:34,497 [INFO] IPUIPlugin:80 - create IPUIPlugin
2023-10-17 22:11:34,497 [INFO] PluginManager:220 - loadIPPluginJar : add linkedlist
2023-10-17 22:11:34,528 [INFO] IPUIPlugin:80 - create IPUIPlugin
2023-10-17 22:11:34,528 [INFO] PluginManager:220 - loadIPPluginJar : add lorawan
2023-10-17 22:11:34,564 [INFO] IPUIPlugin:80 - create IPUIPlugin
2023-10-17 22:11:34,564 [INFO] PluginManager:220 - loadIPPluginJar : add ltdc
2023-10-17 22:11:34,576 [INFO] IPUIPlugin:80 - create IPUIPlugin
2023-10-17 22:11:34,576 [INFO] PluginManager:220 - loadIPPluginJar : add mdma
2023-10-17 22:11:34,587 [INFO] IPUIPlugin:80 - create IPUIPlugin
2023-10-17 22:11:34,587 [INFO] PluginManager:220 - loadIPPluginJar : add nvic
2023-10-17 22:11:34,626 [INFO] IPUIPlugin:80 - create IPUIPlugin
2023-10-17 22:11:34,626 [INFO] PluginManager:220 - loadIPPluginJar : add opamp
2023-10-17 22:11:34,683 [INFO] IPUIPlugin:80 - create IPUIPlugin
2023-10-17 22:11:34,684 [INFO] PluginManager:220 - loadIPPluginJar : add openamp
2023-10-17 22:11:34,722 [INFO] IPUIPlugin:80 - create IPUIPlugin
2023-10-17 22:11:34,723 [INFO] PluginManager:220 - loadIPPluginJar : add pdm2pcm
2023-10-17 22:11:34,735 [INFO] IPUIPlugin:80 - create IPUIPlugin
2023-10-17 22:11:34,737 [INFO] PluginManager:220 - loadIPPluginJar : add plateformsettings
2023-10-17 22:11:34,757 [INFO] IPUIPlugin:80 - create IPUIPlugin
2023-10-17 22:11:34,757 [INFO] PluginManager:220 - loadIPPluginJar : add quadspi
2023-10-17 22:11:34,768 [INFO] IPUIPlugin:80 - create IPUIPlugin
2023-10-17 22:11:34,768 [INFO] PluginManager:220 - loadIPPluginJar : add resmgrutility
2023-10-17 22:11:34,810 [INFO] IPUIPlugin:80 - create IPUIPlugin
2023-10-17 22:11:34,810 [INFO] PluginManager:220 - loadIPPluginJar : add sai
2023-10-17 22:11:34,837 [INFO] IPUIPlugin:80 - create IPUIPlugin
2023-10-17 22:11:34,837 [INFO] PluginManager:220 - loadIPPluginJar : add spi
2023-10-17 22:11:34,892 [INFO] IPUIPlugin:80 - create IPUIPlugin
2023-10-17 22:11:34,892 [INFO] PluginManager:220 - loadIPPluginJar : add stm32_wpan
2023-10-17 22:11:34,895 [INFO] IPUIPlugin:80 - create IPUIPlugin
2023-10-17 22:11:34,895 [INFO] PluginManager:220 - loadIPPluginJar : add tim
2023-10-17 22:11:34,945 [INFO] IPUIPlugin:80 - create IPUIPlugin
2023-10-17 22:11:34,945 [INFO] PluginManager:220 - loadIPPluginJar : add touchsensing
2023-10-17 22:11:34,966 [INFO] IPUIPlugin:80 - create IPUIPlugin
2023-10-17 22:11:34,966 [INFO] PluginManager:220 - loadIPPluginJar : add tracer_emb
2023-10-17 22:11:34,986 [INFO] IPUIPlugin:80 - create IPUIPlugin
2023-10-17 22:11:34,986 [INFO] PluginManager:220 - loadIPPluginJar : add ts
2023-10-17 22:11:35,006 [INFO] IPUIPlugin:80 - create IPUIPlugin
2023-10-17 22:11:35,006 [INFO] PluginManager:220 - loadIPPluginJar : add tsc
2023-10-17 22:11:35,029 [INFO] IPUIPlugin:80 - create IPUIPlugin
2023-10-17 22:11:35,029 [INFO] PluginManager:220 - loadIPPluginJar : add ucpd
2023-10-17 22:11:35,072 [INFO] IPUIPlugin:80 - create IPUIPlugin
2023-10-17 22:11:35,072 [INFO] PluginManager:220 - loadIPPluginJar : add usart
2023-10-17 22:11:35,115 [INFO] IPUIPlugin:80 - create IPUIPlugin
2023-10-17 22:11:35,115 [INFO] PluginManager:220 - loadIPPluginJar : add usbx
2023-10-17 22:11:35,234 [INFO] CADModel:165 - CPN selected for project level
2023-10-17 22:11:35,234 [INFO] CADModel:114 - Register for checkConnection events
2023-10-17 22:11:35,234 [FATAL] Updater:308 - Updater called before beeing initialized
2023-10-17 22:11:35,234 [ERROR] CADModel:125 - Updater not yet initialized, retry later 
2023-10-17 22:11:35,340 [INFO] CADModel:165 - CPN selected for project level
2023-10-17 22:11:35,340 [INFO] CADModel:114 - Register for checkConnection events
2023-10-17 22:11:35,340 [FATAL] Updater:308 - Updater called before beeing initialized
2023-10-17 22:11:35,340 [ERROR] CADModel:125 - Updater not yet initialized, retry later 
2023-10-17 22:11:35,343 [FATAL] Updater:308 - Updater called before beeing initialized
2023-10-17 22:11:35,417 [FATAL] Updater:308 - Updater called before beeing initialized
2023-10-17 22:11:35,428 [INFO] DbMcusAds:53 - JSON generation date=Thu Sep 30 19:55:09 NZDT 2021 (1632984909247)
2023-10-17 22:11:35,428 [FATAL] Updater:308 - Updater called before beeing initialized
2023-10-17 22:11:35,502 [WARN] DetailPanel:346 - Failed to get advertising image, set to default
2023-10-17 22:11:35,586 [FATAL] Updater:308 - Updater called before beeing initialized
2023-10-17 22:11:35,588 [FATAL] Updater:308 - Updater called before beeing initialized
2023-10-17 22:11:35,588 [FATAL] Updater:308 - Updater called before beeing initialized
2023-10-17 22:11:35,588 [WARN] DetailPanel:346 - Failed to get advertising image, set to default
2023-10-17 22:11:35,589 [FATAL] Updater:308 - Updater called before beeing initialized
2023-10-17 22:11:35,671 [ERROR] Updater:1120 - MainUpdater not yet initialized. External WinMGr cannot be set.
2023-10-17 22:11:35,680 [INFO] Updater:1056 - Updater Version found : 6.9.2
2023-10-17 22:11:35,697 [INFO] ApplicationProperties:184 - Using Application install path: C:\ST\STM32CubeIDE_1.13.2\STM32CubeIDE\plugins\com.st.stm32cube.common.mx_6.9.2.202309101412
2023-10-17 22:11:35,783 [INFO] MainUpdater:2868 - connection check result : 10
2023-10-17 22:11:35,783 [INFO] MainUpdater:285 - Updater Check For Update Now.
2023-10-17 22:11:35,783 [INFO] MicroXplorer:498 - Change Database Version : DB.6.0.92
2023-10-17 22:11:35,801 [INFO] McuFinderGlobals:63 - Set McuFinder mode to 2 (CubeIDE integrated)
2023-10-17 22:11:35,801 [INFO] UserAuth:179 - activating auth plugin
2023-10-17 22:11:35,803 [INFO] UserAuth:393 - Internet connection configuration mode: 1
2023-10-17 22:11:35,818 [INFO] JxBrowserEngine:151 - Initiate JxBrowser Engine with user profile folder
2023-10-17 22:11:35,973 [INFO] CheckServerUpdateThread:120 - End of CheckServer Thread
2023-10-17 22:11:36,290 [WARN] PackLoader:240 - Cannot read IP mode file for STMicroelectronics.X-CUBE-SMBUS.2.1.0
2023-10-17 22:11:36,322 [WARN] PackLoader:240 - Cannot read IP mode file for STMicroelectronics.X-CUBE-AZRTOS-F7.1.1.0
2023-10-17 22:11:36,337 [WARN] PackLoader:240 - Cannot read IP mode file for STMicroelectronics.FP-SNS-MOTENV1.4.3.2
2023-10-17 22:11:36,349 [WARN] PackLoader:240 - Cannot read IP mode file for STMicroelectronics.FP-SNS-FLIGHT1.5.0.2
2023-10-17 22:11:36,362 [WARN] PackLoader:240 - Cannot read IP mode file for STMicroelectronics.X-CUBE-DISPLAY.3.0.0
2023-10-17 22:11:36,377 [WARN] PackLoader:240 - Cannot read IP mode file for STMicroelectronics.X-CUBE-BLE1.7.0.0
2023-10-17 22:11:36,389 [WARN] PackLoader:240 - Cannot read IP mode file for emotas.I-CUBE-CANOPEN.1.3.0
2023-10-17 22:11:36,403 [WARN] PackLoader:240 - Cannot read IP mode file for STMicroelectronics.X-CUBE-TOUCHGFX.4.22.1
2023-10-17 22:11:36,413 [WARN] PackLoader:240 - Cannot read IP mode file for STMicroelectronics.FP-SNS-SMARTAG2.1.2.0
2023-10-17 22:11:36,431 [INFO] LogOutputStream:77 - [STDOUT_REDIRECT] 1 : Invalid condition id : UX_CORESTACK_Condition cause : null
2023-10-17 22:11:36,432 [INFO] LogOutputStream:77 - [STDOUT_REDIRECT] 1 : Invalid condition id : UX_CORESTACK_Condition cause : null
2023-10-17 22:11:36,433 [INFO] LogOutputStream:77 - [STDOUT_REDIRECT] 1 : Invalid condition id : UX_CORESTACK_Condition cause : null
2023-10-17 22:11:36,434 [INFO] LogOutputStream:77 - [STDOUT_REDIRECT] 1 : Invalid condition id : UX_CORESTACK_Condition cause : null
2023-10-17 22:11:36,434 [INFO] LogOutputStream:77 - [STDOUT_REDIRECT] 1 : Invalid condition id : UX_CORESTACK_Condition cause : null
2023-10-17 22:11:36,438 [WARN] PackLoader:240 - Cannot read IP mode file for STMicroelectronics.X-CUBE-AZRTOS-WL.2.0.0
2023-10-17 22:11:36,452 [WARN] PackLoader:240 - Cannot read IP mode file for WES.I-CUBE-Cesium.1.3.0
2023-10-17 22:11:36,463 [WARN] PackLoader:240 - Cannot read IP mode file for STMicroelectronics.X-CUBE-BLE2.3.3.0
2023-10-17 22:11:36,476 [WARN] PackLoader:240 - Cannot read IP mode file for STMicroelectronics.X-CUBE-ALGOBUILD.1.3.0
2023-10-17 22:11:36,496 [WARN] PackLoader:240 - Cannot read IP mode file for STMicroelectronics.X-CUBE-AZRTOS-G0.1.1.0
2023-10-17 22:11:36,511 [WARN] PackLoader:240 - Cannot read IP mode file for STMicroelectronics.X-CUBE-NFC4.3.0.0
2023-10-17 22:11:36,523 [WARN] PackLoader:240 - Cannot read IP mode file for STMicroelectronics.FP-ATR-SIGFOX1.3.2.0
2023-10-17 22:11:36,556 [WARN] PackLoader:240 - Cannot read IP mode file for SEGGER.I-CUBE-embOS.1.3.1
2023-10-17 22:11:36,603 [WARN] PackLoader:240 - Cannot read IP mode file for STMicroelectronics.X-CUBE-GNSS1.6.0.0
2023-10-17 22:11:36,629 [WARN] PackLoader:240 - Cannot read IP mode file for STMicroelectronics.X-CUBE-AZRTOS-F4.1.1.0
2023-10-17 22:11:36,643 [WARN] PackLoader:240 - Cannot read IP mode file for wolfSSL.I-CUBE-wolfSSL.5.6.3
2023-10-17 22:11:36,664 [WARN] PackLoader:240 - Cannot read IP mode file for STMicroelectronics.X-CUBE-AZRTOS-L5.2.0.0
2023-10-17 22:11:36,700 [WARN] PackLoader:240 - Cannot read IP mode file for STMicroelectronics.X-CUBE-MEMS1.9.6.0
2023-10-17 22:11:36,818 [WARN] PackLoader:240 - Cannot read IP mode file for ITTIA_DB.I-CUBE-ITTIADB.8.8.0
2023-10-17 22:11:36,834 [WARN] PackLoader:240 - Cannot read IP mode file for STMicroelectronics.X-CUBE-BLEMGR.2.0.0
2023-10-17 22:11:36,879 [WARN] ConditionMgr:438 - getConditionDescription Invalid condition id : UX DEVICE CLASS RTOS Condition cause : null
2023-10-17 22:11:36,879 [WARN] ConditionMgr:438 - getConditionDescription Invalid condition id : UX DEVICE CLASS RTOS Condition cause : null
2023-10-17 22:11:36,883 [WARN] PackLoader:240 - Cannot read IP mode file for STMicroelectronics.X-CUBE-AZRTOS-H7.3.1.0
2023-10-17 22:11:36,884 [WARN] ConditionMgr:1039 - genDependencies : Invalid condition id : UX DEVICE CLASS RTOS Condition cause : null
2023-10-17 22:11:36,885 [WARN] ConditionMgr:1039 - genDependencies : Invalid condition id : UX DEVICE CLASS RTOS Condition cause : null
2023-10-17 22:11:36,886 [WARN] ConditionMgr:1039 - genDependencies : Invalid condition id : UX DEVICE CLASS RTOS Condition cause : null
2023-10-17 22:11:36,886 [WARN] ConditionMgr:1039 - genDependencies : Invalid condition id : UX DEVICE CLASS RTOS Condition cause : null
2023-10-17 22:11:36,886 [WARN] ConditionMgr:1039 - genDependencies : Invalid condition id : UX DEVICE CLASS RTOS Condition cause : null
2023-10-17 22:11:36,898 [WARN] PackLoader:240 - Cannot read IP mode file for STMicroelectronics.X-CUBE-NFC7.1.0.1
2023-10-17 22:11:36,913 [WARN] PackLoader:240 - Cannot read IP mode file for STMicroelectronics.X-CUBE-NFC6.3.0.0
2023-10-17 22:11:36,925 [WARN] PackLoader:240 - Cannot read IP mode file for STMicroelectronics.X-CUBE-EEPRMA1.4.1.0
2023-10-17 22:11:36,936 [WARN] PackLoader:240 - Cannot read IP mode file for STMicroelectronics.X-CUBE-AI.8.1.0
2023-10-17 22:11:36,963 [WARN] ConditionMgr:438 - getConditionDescription Invalid condition id : LAN8742 Phy interface Condition cause : null
2023-10-17 22:11:36,963 [WARN] PackLoader:240 - Cannot read IP mode file for STMicroelectronics.X-CUBE-AZRTOS-L4.2.0.0
2023-10-17 22:11:36,965 [WARN] ConditionMgr:1039 - genDependencies : Invalid condition id : LAN8742 Phy interface Condition cause : null
2023-10-17 22:11:36,965 [WARN] ConditionMgr:1039 - genDependencies : Invalid condition id : LAN8742 Phy interface Condition cause : null
2023-10-17 22:11:36,966 [WARN] ConditionMgr:1039 - genDependencies : Invalid condition id : LAN8742 Phy interface Condition cause : null
2023-10-17 22:11:36,980 [WARN] PackLoader:240 - Cannot read IP mode file for STMicroelectronics.X-CUBE-SFXS2LP1.4.0.0
2023-10-17 22:11:36,991 [WARN] PackLoader:240 - Cannot read IP mode file for STMicroelectronics.X-CUBE-ISPU.1.1.0
2023-10-17 22:11:37,015 [WARN] ConditionMgr:438 - getConditionDescription Invalid condition id : UX DEVICE CLASS RTOS Condition cause : null
2023-10-17 22:11:37,015 [WARN] ConditionMgr:438 - getConditionDescription Invalid condition id : UX DEVICE CLASS RTOS Condition cause : null
2023-10-17 22:11:37,017 [WARN] PackLoader:240 - Cannot read IP mode file for STMicroelectronics.X-CUBE-AZRTOS-WB.2.0.0
2023-10-17 22:11:37,017 [WARN] ConditionMgr:1039 - genDependencies : Invalid condition id : UX DEVICE CLASS RTOS Condition cause : null
2023-10-17 22:11:37,017 [WARN] ConditionMgr:1039 - genDependencies : Invalid condition id : UX DEVICE CLASS RTOS Condition cause : null
2023-10-17 22:11:37,018 [WARN] ConditionMgr:1039 - genDependencies : Invalid condition id : UX DEVICE CLASS RTOS Condition cause : null
2023-10-17 22:11:37,018 [WARN] ConditionMgr:1039 - genDependencies : Invalid condition id : UX DEVICE CLASS RTOS Condition cause : null
2023-10-17 22:11:37,018 [WARN] ConditionMgr:1039 - genDependencies : Invalid condition id : UX DEVICE CLASS RTOS Condition cause : null
2023-10-17 22:11:37,036 [WARN] PackLoader:240 - Cannot read IP mode file for STMicroelectronics.X-CUBE-SUBG2.5.0.0
2023-10-17 22:11:37,061 [WARN] PackLoader:240 - Cannot read IP mode file for STMicroelectronics.X-CUBE-TOF1.3.3.1
2023-10-17 22:11:37,088 [WARN] PackLoader:240 - Cannot read IP mode file for STMicroelectronics.X-CUBE-AZRTOS-G4.2.0.0
2023-10-17 22:11:37,107 [WARN] PackLoader:240 - Cannot read IP mode file for Infineon.AIROC-Wi-Fi-Bluetooth-STM32.1.5.1
2023-10-17 22:11:37,119 [WARN] PackLoader:240 - Cannot read IP mode file for STMicroelectronics.X-CUBE-FREERTOS.1.1.0
2023-10-17 22:11:37,133 [WARN] PackLoader:240 - Cannot read IP mode file for portGmbH.I-Cube-SoM-uGOAL.1.1.0
2023-10-17 22:11:37,144 [WARN] PackLoader:240 - Cannot read IP mode file for STMicroelectronics.X-CUBE-ALS.1.0.1
2023-10-17 22:11:37,154 [WARN] PackLoader:240 - Cannot read IP mode file for STMicroelectronics.FP-ATR-ASTRA1.2.0.0
2023-10-17 22:11:37,155 [INFO] ThirdParty:978 - Integrity check success = true
2023-10-17 22:11:37,155 [INFO] IntegrityCheckThread:100 - exiting critical section [integrity check]
2023-10-17 22:11:37,155 [INFO] IntegrityCheckThread:103 - End integrity checks thread
2023-10-17 22:11:38,053 [INFO] WebApp:157 - Instantiating new browser for Auth
2023-10-17 22:11:38,485 [INFO] WebApp:753 - Register for checkConnection events
2023-10-17 22:11:38,485 [INFO] WebApp:390 - Apply proxy settings
2023-10-17 22:11:38,485 [INFO] WebApp:475 - Chromium requires no authentication
2023-10-17 22:11:38,491 [INFO] WebApp:418 - Direct internet connection detected
2023-10-17 22:11:38,629 [INFO] WebApp:188 - Starting web application
2023-10-17 22:11:38,629 [INFO] WebApp:520 - Web application path used C:\ST\STM32CubeIDE_1.13.2\STM32CubeIDE\plugins\com.st.stm32cube.common.mx_6.9.2.202309101412\db\plugins\mcufinder\reactClient1\index.html
2023-10-17 22:11:59,310 [ERROR] LogOutputStream:75 - [STDERR_REDIRECT] SLF4J: Failed to load class "org.slf4j.impl.StaticLoggerBinder".
2023-10-17 22:11:59,310 [ERROR] LogOutputStream:75 - [STDERR_REDIRECT] SLF4J: Defaulting to no-operation (NOP) logger implementation
2023-10-17 22:11:59,311 [ERROR] LogOutputStream:75 - [STDERR_REDIRECT] SLF4J: See http://www.slf4j.org/codes.html#StaticLoggerBinder for further details.
