2023-10-12 01:21:31,298 [ERROR] LogOutputStream:75 - [STDERR_REDIRECT] 
2023-10-12 08:59:22,387 [INFO] Activator:176 - 


2023-10-12 08:59:22,389 [INFO] Activator:177 - !SESSION log4j initialized
2023-10-12 08:59:27,826 [INFO] LogOutputStream:77 - [STDOUT_REDIRECT] 
2023-10-12 08:59:29,388 [INFO] ApplicationProperties:184 - Using Application install path: C:\ST\STM32CubeIDE_1.13.2\STM32CubeIDE\plugins\com.st.stm32cube.common.mx_6.9.2.202309101412
2023-10-12 08:59:29,410 [INFO] DbMcusXml:78 - Set database path to: C:\ST\STM32CubeIDE_1.13.2\STM32CubeIDE\plugins\com.st.stm32cube.common.mx_6.9.2.202309101412\\db\/mcu/
2023-10-12 08:59:29,411 [INFO] ApiDb:274 - Set plugin database path to: C:\ST\STM32CubeIDE_1.13.2\STM32CubeIDE\plugins\com.st.stm32cube.common.mx_6.9.2.202309101412\\db\/plugins/boardmanager/
2023-10-12 08:59:29,411 [WARN] ApiDb:259 - Overriding images path with different value:  => C:\ST\STM32CubeIDE_1.13.2\STM32CubeIDE\plugins\com.st.stm32cube.common.mx_6.9.2.202309101412\\db\/plugins/mcufinder/images/
2023-10-12 08:59:29,435 [INFO] ApiDb:250 - Set database path to: C:\Users\GGPC\.stmcufinder\plugins\mcufinder//mcu/
2023-10-12 08:59:29,436 [INFO] DbMcusAds:125 - Set database path to: C:\Users\GGPC\.stmcufinder\plugins\mcufinder//mcu/
2023-10-12 08:59:29,439 [INFO] CrossReferenceDbSqlite:203 - Set database path to: C:\Users\GGPC\.stmcufinder\plugins\mcufinder//mcu/cs/
2023-10-12 08:59:29,884 [INFO] RulesReader:64 - Compatibility file has been processed (293 Rules)
2023-10-12 08:59:30,003 [INFO] DbMcusXml:78 - Set database path to: C:\ST\STM32CubeIDE_1.13.2\STM32CubeIDE\plugins\com.st.stm32cube.common.mx_6.9.2.202309101412\\db\/mcu/
2023-10-12 08:59:30,003 [INFO] ApiDb:274 - Set plugin database path to: C:\ST\STM32CubeIDE_1.13.2\STM32CubeIDE\plugins\com.st.stm32cube.common.mx_6.9.2.202309101412\\db\/plugins/boardmanager/
2023-10-12 08:59:30,004 [INFO] ApiDb:261 - Set plugin images path to: C:\ST\STM32CubeIDE_1.13.2\STM32CubeIDE\plugins\com.st.stm32cube.common.mx_6.9.2.202309101412\\db\/plugins/mcufinder/images/
2023-10-12 08:59:30,004 [WARN] DbFile:41 - Overriding database path with different value: C:\Users\GGPC\.stmcufinder\plugins\mcufinder/ => C:\Users\GGPC\.stmcufinder\plugins\mcufinder
2023-10-12 08:59:30,004 [INFO] ApiDb:250 - Set database path to: C:\Users\GGPC\.stmcufinder\plugins\mcufinder//mcu/
2023-10-12 08:59:30,004 [WARN] DbFile:41 - Overriding database path with different value: C:\Users\GGPC\.stmcufinder\plugins\mcufinder/ => C:\Users\GGPC\.stmcufinder\plugins\mcufinder
2023-10-12 08:59:30,004 [INFO] DbMcusAds:125 - Set database path to: C:\Users\GGPC\.stmcufinder\plugins\mcufinder//mcu/
2023-10-12 08:59:30,004 [WARN] DbFile:41 - Overriding database path with different value: C:\Users\GGPC\.stmcufinder\plugins\mcufinder/ => C:\Users\GGPC\.stmcufinder\plugins\mcufinder
2023-10-12 08:59:30,004 [WARN] DbFile:41 - Overriding database path with different value: C:\Users\GGPC\.stmcufinder\plugins\mcufinder/ => C:\Users\GGPC\.stmcufinder\plugins\mcufinder
2023-10-12 08:59:30,005 [INFO] CrossReferenceDbSqlite:203 - Set database path to: C:\Users\GGPC\.stmcufinder\plugins\mcufinder//mcu/cs/
2023-10-12 08:59:30,101 [INFO] MainPanel:262 - HeapMemory: 268435456
2023-10-12 08:59:30,215 [INFO] DbMcusXml:78 - Set database path to: C:\ST\STM32CubeIDE_1.13.2\STM32CubeIDE\plugins\com.st.stm32cube.common.mx_6.9.2.202309101412\\db\/mcu/
2023-10-12 08:59:30,215 [INFO] ApiDb:274 - Set plugin database path to: C:\ST\STM32CubeIDE_1.13.2\STM32CubeIDE\plugins\com.st.stm32cube.common.mx_6.9.2.202309101412\\db\/plugins/boardmanager/
2023-10-12 08:59:30,215 [INFO] ApiDb:261 - Set plugin images path to: C:\ST\STM32CubeIDE_1.13.2\STM32CubeIDE\plugins\com.st.stm32cube.common.mx_6.9.2.202309101412\\db\/plugins/mcufinder/images/
2023-10-12 08:59:30,216 [WARN] DbFile:41 - Overriding database path with different value: C:\Users\GGPC\.stmcufinder\plugins\mcufinder/ => C:\Users\GGPC\.stmcufinder\plugins\mcufinder
2023-10-12 08:59:30,216 [INFO] ApiDb:250 - Set database path to: C:\Users\GGPC\.stmcufinder\plugins\mcufinder//mcu/
2023-10-12 08:59:30,216 [WARN] DbFile:41 - Overriding database path with different value: C:\Users\GGPC\.stmcufinder\plugins\mcufinder/ => C:\Users\GGPC\.stmcufinder\plugins\mcufinder
2023-10-12 08:59:30,216 [INFO] DbMcusAds:125 - Set database path to: C:\Users\GGPC\.stmcufinder\plugins\mcufinder//mcu/
2023-10-12 08:59:30,216 [WARN] DbFile:41 - Overriding database path with different value: C:\Users\GGPC\.stmcufinder\plugins\mcufinder/ => C:\Users\GGPC\.stmcufinder\plugins\mcufinder
2023-10-12 08:59:30,216 [WARN] DbFile:41 - Overriding database path with different value: C:\Users\GGPC\.stmcufinder\plugins\mcufinder/ => C:\Users\GGPC\.stmcufinder\plugins\mcufinder
2023-10-12 08:59:30,216 [INFO] CrossReferenceDbSqlite:203 - Set database path to: C:\Users\GGPC\.stmcufinder\plugins\mcufinder//mcu/cs/
2023-10-12 08:59:30,239 [INFO] ApplicationProperties:184 - Using Application install path: C:\ST\STM32CubeIDE_1.13.2\STM32CubeIDE\plugins\com.st.stm32cube.common.mx_6.9.2.202309101412
2023-10-12 08:59:30,241 [INFO] PluginManage:196 - Search for loadable plugins [exclusion list=, ]
2023-10-12 08:59:30,242 [INFO] PluginManage:310 - Check plugin analytics
2023-10-12 08:59:30,431 [INFO] AnalyticsPlugin:253 - Accepted Software Licenses: 
2023-10-12 08:59:30,431 [INFO] AnalyticsPlugin:255 - Accepted CMSIS Pack Licenses: 
2023-10-12 08:59:30,431 [INFO] AnalyticsPlugin:257 - Accepted Firmware Licenses: 
2023-10-12 08:59:30,435 [INFO] PluginManage:359 - Loaded plugin analytics (category:tool,tabindex:-1)
2023-10-12 08:59:30,436 [INFO] PluginManage:310 - Check plugin cadmodel
2023-10-12 08:59:30,454 [INFO] CADModel:105 - Init CAD model plugin
2023-10-12 08:59:30,454 [INFO] PluginManage:359 - Loaded plugin cadmodel (category:power,tabindex:5)
2023-10-12 08:59:30,454 [INFO] PluginManage:310 - Check plugin clock
2023-10-12 08:59:30,477 [INFO] PluginManage:359 - Loaded plugin clock (category:base,tabindex:2)
2023-10-12 08:59:30,477 [INFO] PluginManage:310 - Check plugin ddr
2023-10-12 08:59:30,481 [INFO] PluginManage:359 - Loaded plugin ddr (category:tool,tabindex:6)
2023-10-12 08:59:30,481 [INFO] PluginManage:310 - Check plugin filemanager
2023-10-12 08:59:30,628 [INFO] PluginManage:359 - Loaded plugin filemanager (category:base,tabindex:10)
2023-10-12 08:59:30,628 [INFO] PluginManage:310 - Check plugin ipmanager
2023-10-12 08:59:30,635 [INFO] PluginManage:359 - Loaded plugin ipmanager (category:base,tabindex:5)
2023-10-12 08:59:30,635 [INFO] PluginManage:310 - Check plugin lpbam
2023-10-12 08:59:30,650 [INFO] PluginManage:359 - Loaded plugin lpbam (category:base,tabindex:0)
2023-10-12 08:59:30,650 [INFO] PluginManage:310 - Check plugin memorymap
2023-10-12 08:59:30,673 [INFO] PluginManage:359 - Loaded plugin memorymap (category:base,tabindex:4)
2023-10-12 08:59:30,673 [INFO] PluginManage:310 - Check plugin pinoutandconfiguration
2023-10-12 08:59:30,693 [INFO] PluginManage:359 - Loaded plugin pinoutandconfiguration (category:base,tabindex:1)
2023-10-12 08:59:30,693 [INFO] PluginManage:310 - Check plugin pinoutconfig
2023-10-12 08:59:30,811 [WARN] SupportedApi:132 - Cannot load RTOS API schema: s4s-elt-must-match.1: The content of 'definitions' must match (annotation?, (simpleType | complexType)?, (unique | key | keyref)*)). A problem was found starting at: attribute.
2023-10-12 08:59:30,959 [INFO] PluginManage:359 - Loaded plugin pinoutconfig (category:base,tabindex:0)
2023-10-12 08:59:30,959 [INFO] PluginManage:310 - Check plugin power
2023-10-12 08:59:30,977 [INFO] PluginManage:359 - Loaded plugin power (category:power,tabindex:4)
2023-10-12 08:59:30,977 [INFO] PluginManage:310 - Check plugin projectmanager
2023-10-12 08:59:30,990 [INFO] PluginManage:359 - Loaded plugin projectmanager (category:projectmanager,tabindex:3)
2023-10-12 08:59:30,990 [INFO] PluginManage:310 - Check plugin thirdparty
2023-10-12 08:59:31,243 [INFO] PluginManage:359 - Loaded plugin thirdparty (category:base,tabindex:-1)
2023-10-12 08:59:31,243 [INFO] PluginManage:310 - Check plugin tools
2023-10-12 08:59:31,243 [WARN] IntegrityCheckThread:84 - waiting for thirdparty lock release [integrity check]
2023-10-12 08:59:31,244 [INFO] IntegrityCheckThread:86 - entering critical section [integrity check]
2023-10-12 08:59:31,244 [INFO] ThirdPartyUpdaterWithRetryManager:70 - Updater plugin not ready yet. [1/15]
2023-10-12 08:59:31,273 [INFO] PluginManage:359 - Loaded plugin tools (category:base,tabindex:7)
2023-10-12 08:59:31,274 [INFO] PluginManage:310 - Check plugin tutovideos
2023-10-12 08:59:31,443 [INFO] PluginManage:359 - Loaded plugin tutovideos (category:base,tabindex:-1)
2023-10-12 08:59:31,443 [INFO] PluginManage:310 - Check plugin updater
2023-10-12 08:59:31,452 [INFO] PluginManage:359 - Loaded plugin updater (category:base,tabindex:12)
2023-10-12 08:59:31,453 [INFO] PluginManage:310 - Check plugin userauth
2023-10-12 08:59:31,457 [INFO] UserAuth:113 - Init User Auth plugin
2023-10-12 08:59:31,457 [INFO] PluginManage:359 - Loaded plugin userauth (category:base,tabindex:14)
2023-10-12 08:59:31,458 [INFO] PluginManage:283 - PluginManage : Loaded plugins [17]
2023-10-12 08:59:31,650 [INFO] PinOutPanel:1499 - setPackage(No Configuration,No Configuration)
2023-10-12 08:59:31,750 [INFO] CADModel:165 - CPN selected for project level
2023-10-12 08:59:31,750 [INFO] CADModel:114 - Register for checkConnection events
2023-10-12 08:59:31,775 [INFO] IPUIPlugin:80 - create IPUIPlugin
2023-10-12 08:59:31,775 [INFO] PluginManager:220 - loadIPPluginJar : add adc
2023-10-12 08:59:31,802 [INFO] IPUIPlugin:80 - create IPUIPlugin
2023-10-12 08:59:31,802 [INFO] PluginManager:220 - loadIPPluginJar : add aes
2023-10-12 08:59:31,832 [INFO] IPUIPlugin:80 - create IPUIPlugin
2023-10-12 08:59:31,833 [INFO] PluginManager:220 - loadIPPluginJar : add can
2023-10-12 08:59:31,849 [INFO] IPUIPlugin:80 - create IPUIPlugin
2023-10-12 08:59:31,849 [INFO] PluginManager:220 - loadIPPluginJar : add comp
2023-10-12 08:59:31,874 [INFO] IPUIPlugin:80 - create IPUIPlugin
2023-10-12 08:59:31,874 [INFO] PluginManager:220 - loadIPPluginJar : add cryp
2023-10-12 08:59:31,896 [INFO] IPUIPlugin:80 - create IPUIPlugin
2023-10-12 08:59:31,896 [INFO] PluginManager:220 - loadIPPluginJar : add dfsdm
2023-10-12 08:59:31,908 [INFO] IPUIPlugin:80 - create IPUIPlugin
2023-10-12 08:59:31,908 [INFO] PluginManager:220 - loadIPPluginJar : add dma
2023-10-12 08:59:31,941 [INFO] IPUIPlugin:80 - create IPUIPlugin
2023-10-12 08:59:31,942 [INFO] PluginManager:220 - loadIPPluginJar : add dma3
2023-10-12 08:59:31,959 [INFO] IPUIPlugin:80 - create IPUIPlugin
2023-10-12 08:59:31,959 [INFO] PluginManager:220 - loadIPPluginJar : add fatfs
2023-10-12 08:59:31,994 [INFO] IPUIPlugin:80 - create IPUIPlugin
2023-10-12 08:59:31,994 [INFO] PluginManager:220 - loadIPPluginJar : add fmc
2023-10-12 08:59:32,006 [INFO] IPUIPlugin:80 - create IPUIPlugin
2023-10-12 08:59:32,006 [INFO] PluginManager:220 - loadIPPluginJar : add freertos
2023-10-12 08:59:32,021 [INFO] IPUIPlugin:80 - create IPUIPlugin
2023-10-12 08:59:32,021 [INFO] PluginManager:220 - loadIPPluginJar : add genericplugin
2023-10-12 08:59:32,083 [INFO] IPUIPlugin:80 - create IPUIPlugin
2023-10-12 08:59:32,084 [INFO] PluginManager:220 - loadIPPluginJar : add gfxmmu
2023-10-12 08:59:32,175 [INFO] IPUIPlugin:80 - create IPUIPlugin
2023-10-12 08:59:32,175 [INFO] PluginManager:220 - loadIPPluginJar : add gic
2023-10-12 08:59:32,187 [INFO] IPUIPlugin:80 - create IPUIPlugin
2023-10-12 08:59:32,187 [INFO] PluginManager:220 - loadIPPluginJar : add gpio
2023-10-12 08:59:32,254 [INFO] IPUIPlugin:80 - create IPUIPlugin
2023-10-12 08:59:32,254 [INFO] PluginManager:220 - loadIPPluginJar : add gtzc
2023-10-12 08:59:32,280 [INFO] IPUIPlugin:80 - create IPUIPlugin
2023-10-12 08:59:32,280 [INFO] PluginManager:220 - loadIPPluginJar : add hash
2023-10-12 08:59:32,322 [INFO] IPUIPlugin:80 - create IPUIPlugin
2023-10-12 08:59:32,322 [INFO] PluginManager:220 - loadIPPluginJar : add i2c
2023-10-12 08:59:32,353 [INFO] IPUIPlugin:80 - create IPUIPlugin
2023-10-12 08:59:32,354 [INFO] PluginManager:220 - loadIPPluginJar : add i2s
2023-10-12 08:59:32,388 [INFO] IPUIPlugin:80 - create IPUIPlugin
2023-10-12 08:59:32,388 [INFO] PluginManager:220 - loadIPPluginJar : add i3c
2023-10-12 08:59:32,476 [INFO] IPUIPlugin:80 - create IPUIPlugin
2023-10-12 08:59:32,477 [INFO] PluginManager:220 - loadIPPluginJar : add ipddr
2023-10-12 08:59:32,570 [INFO] IPUIPlugin:80 - create IPUIPlugin
2023-10-12 08:59:32,570 [INFO] PluginManager:220 - loadIPPluginJar : add linkedlist
2023-10-12 08:59:32,607 [INFO] IPUIPlugin:80 - create IPUIPlugin
2023-10-12 08:59:32,607 [INFO] PluginManager:220 - loadIPPluginJar : add lorawan
2023-10-12 08:59:32,652 [INFO] IPUIPlugin:80 - create IPUIPlugin
2023-10-12 08:59:32,652 [INFO] PluginManager:220 - loadIPPluginJar : add ltdc
2023-10-12 08:59:32,667 [INFO] IPUIPlugin:80 - create IPUIPlugin
2023-10-12 08:59:32,667 [INFO] PluginManager:220 - loadIPPluginJar : add mdma
2023-10-12 08:59:32,679 [INFO] IPUIPlugin:80 - create IPUIPlugin
2023-10-12 08:59:32,679 [INFO] PluginManager:220 - loadIPPluginJar : add nvic
2023-10-12 08:59:32,713 [INFO] IPUIPlugin:80 - create IPUIPlugin
2023-10-12 08:59:32,713 [INFO] PluginManager:220 - loadIPPluginJar : add opamp
2023-10-12 08:59:32,758 [INFO] IPUIPlugin:80 - create IPUIPlugin
2023-10-12 08:59:32,758 [INFO] PluginManager:220 - loadIPPluginJar : add openamp
2023-10-12 08:59:32,794 [INFO] IPUIPlugin:80 - create IPUIPlugin
2023-10-12 08:59:32,794 [INFO] PluginManager:220 - loadIPPluginJar : add pdm2pcm
2023-10-12 08:59:32,807 [INFO] IPUIPlugin:80 - create IPUIPlugin
2023-10-12 08:59:32,810 [INFO] PluginManager:220 - loadIPPluginJar : add plateformsettings
2023-10-12 08:59:32,834 [INFO] IPUIPlugin:80 - create IPUIPlugin
2023-10-12 08:59:32,835 [INFO] PluginManager:220 - loadIPPluginJar : add quadspi
2023-10-12 08:59:32,845 [INFO] IPUIPlugin:80 - create IPUIPlugin
2023-10-12 08:59:32,846 [INFO] PluginManager:220 - loadIPPluginJar : add resmgrutility
2023-10-12 08:59:32,892 [INFO] IPUIPlugin:80 - create IPUIPlugin
2023-10-12 08:59:32,892 [INFO] PluginManager:220 - loadIPPluginJar : add sai
2023-10-12 08:59:32,935 [INFO] IPUIPlugin:80 - create IPUIPlugin
2023-10-12 08:59:32,935 [INFO] PluginManager:220 - loadIPPluginJar : add spi
2023-10-12 08:59:32,989 [INFO] IPUIPlugin:80 - create IPUIPlugin
2023-10-12 08:59:32,989 [INFO] PluginManager:220 - loadIPPluginJar : add stm32_wpan
2023-10-12 08:59:33,010 [INFO] IPUIPlugin:80 - create IPUIPlugin
2023-10-12 08:59:33,010 [INFO] PluginManager:220 - loadIPPluginJar : add tim
2023-10-12 08:59:33,059 [INFO] IPUIPlugin:80 - create IPUIPlugin
2023-10-12 08:59:33,059 [INFO] PluginManager:220 - loadIPPluginJar : add touchsensing
2023-10-12 08:59:33,075 [INFO] IPUIPlugin:80 - create IPUIPlugin
2023-10-12 08:59:33,075 [INFO] PluginManager:220 - loadIPPluginJar : add tracer_emb
2023-10-12 08:59:33,093 [INFO] IPUIPlugin:80 - create IPUIPlugin
2023-10-12 08:59:33,093 [INFO] PluginManager:220 - loadIPPluginJar : add ts
2023-10-12 08:59:33,110 [INFO] IPUIPlugin:80 - create IPUIPlugin
2023-10-12 08:59:33,110 [INFO] PluginManager:220 - loadIPPluginJar : add tsc
2023-10-12 08:59:33,126 [INFO] IPUIPlugin:80 - create IPUIPlugin
2023-10-12 08:59:33,126 [INFO] PluginManager:220 - loadIPPluginJar : add ucpd
2023-10-12 08:59:33,161 [INFO] IPUIPlugin:80 - create IPUIPlugin
2023-10-12 08:59:33,161 [INFO] PluginManager:220 - loadIPPluginJar : add usart
2023-10-12 08:59:33,192 [INFO] IPUIPlugin:80 - create IPUIPlugin
2023-10-12 08:59:33,192 [INFO] PluginManager:220 - loadIPPluginJar : add usbx
2023-10-12 08:59:33,320 [INFO] CADModel:165 - CPN selected for project level
2023-10-12 08:59:33,320 [INFO] CADModel:114 - Register for checkConnection events
2023-10-12 08:59:33,320 [FATAL] Updater:308 - Updater called before beeing initialized
2023-10-12 08:59:33,320 [ERROR] CADModel:125 - Updater not yet initialized, retry later 
2023-10-12 08:59:33,449 [INFO] CADModel:165 - CPN selected for project level
2023-10-12 08:59:33,449 [INFO] CADModel:114 - Register for checkConnection events
2023-10-12 08:59:33,449 [FATAL] Updater:308 - Updater called before beeing initialized
2023-10-12 08:59:33,449 [ERROR] CADModel:125 - Updater not yet initialized, retry later 
2023-10-12 08:59:33,453 [FATAL] Updater:308 - Updater called before beeing initialized
2023-10-12 08:59:33,579 [FATAL] Updater:308 - Updater called before beeing initialized
2023-10-12 08:59:33,591 [INFO] DbMcusAds:53 - JSON generation date=Thu Sep 30 19:55:09 NZDT 2021 (1632984909247)
2023-10-12 08:59:33,592 [FATAL] Updater:308 - Updater called before beeing initialized
2023-10-12 08:59:33,676 [WARN] DetailPanel:346 - Failed to get advertising image, set to default
2023-10-12 08:59:33,784 [FATAL] Updater:308 - Updater called before beeing initialized
2023-10-12 08:59:33,787 [FATAL] Updater:308 - Updater called before beeing initialized
2023-10-12 08:59:33,787 [FATAL] Updater:308 - Updater called before beeing initialized
2023-10-12 08:59:33,787 [WARN] DetailPanel:346 - Failed to get advertising image, set to default
2023-10-12 08:59:33,788 [FATAL] Updater:308 - Updater called before beeing initialized
2023-10-12 08:59:33,875 [ERROR] Updater:1120 - MainUpdater not yet initialized. External WinMGr cannot be set.
2023-10-12 08:59:33,889 [INFO] Updater:1056 - Updater Version found : 6.9.2
2023-10-12 08:59:33,910 [INFO] ApplicationProperties:184 - Using Application install path: C:\ST\STM32CubeIDE_1.13.2\STM32CubeIDE\plugins\com.st.stm32cube.common.mx_6.9.2.202309101412
2023-10-12 08:59:34,105 [INFO] MainUpdater:2868 - connection check result : 10
2023-10-12 08:59:34,106 [INFO] MainUpdater:285 - Updater Check For Update Now.
2023-10-12 08:59:34,106 [INFO] MicroXplorer:498 - Change Database Version : DB.6.0.92
2023-10-12 08:59:34,119 [INFO] McuFinderGlobals:63 - Set McuFinder mode to 2 (CubeIDE integrated)
2023-10-12 08:59:34,120 [INFO] UserAuth:179 - activating auth plugin
2023-10-12 08:59:34,122 [INFO] UserAuth:393 - Internet connection configuration mode: 1
2023-10-12 08:59:34,149 [INFO] JxBrowserEngine:151 - Initiate JxBrowser Engine with user profile folder
2023-10-12 08:59:34,252 [WARN] MainUpdater:1189 - Updater busy. Cannot search thirdparties
2023-10-12 08:59:34,252 [INFO] ThirdPartyUpdaterWithRetryManager:96 - Updater plugin is busy. [1/15]
2023-10-12 08:59:34,300 [INFO] CheckServerUpdateThread:120 - End of CheckServer Thread
2023-10-12 08:59:36,417 [INFO] WebApp:157 - Instantiating new browser for Auth
2023-10-12 08:59:36,881 [INFO] WebApp:753 - Register for checkConnection events
2023-10-12 08:59:36,881 [INFO] WebApp:390 - Apply proxy settings
2023-10-12 08:59:36,881 [INFO] WebApp:475 - Chromium requires no authentication
2023-10-12 08:59:36,888 [INFO] WebApp:418 - Direct internet connection detected
2023-10-12 08:59:37,028 [INFO] WebApp:188 - Starting web application
2023-10-12 08:59:37,028 [INFO] WebApp:520 - Web application path used C:\ST\STM32CubeIDE_1.13.2\STM32CubeIDE\plugins\com.st.stm32cube.common.mx_6.9.2.202309101412\db\plugins\mcufinder\reactClient1\index.html
2023-10-12 08:59:37,402 [WARN] PackLoader:240 - Cannot read IP mode file for STMicroelectronics.X-CUBE-SMBUS.2.1.0
2023-10-12 08:59:37,456 [WARN] PackLoader:240 - Cannot read IP mode file for STMicroelectronics.X-CUBE-AZRTOS-F7.1.1.0
2023-10-12 08:59:37,472 [WARN] PackLoader:240 - Cannot read IP mode file for STMicroelectronics.FP-SNS-MOTENV1.4.3.2
2023-10-12 08:59:37,485 [WARN] PackLoader:240 - Cannot read IP mode file for STMicroelectronics.FP-SNS-FLIGHT1.5.0.2
2023-10-12 08:59:37,500 [WARN] PackLoader:240 - Cannot read IP mode file for STMicroelectronics.X-CUBE-DISPLAY.3.0.0
2023-10-12 08:59:37,516 [WARN] PackLoader:240 - Cannot read IP mode file for STMicroelectronics.X-CUBE-BLE1.7.0.0
2023-10-12 08:59:37,528 [WARN] PackLoader:240 - Cannot read IP mode file for emotas.I-CUBE-CANOPEN.1.3.0
2023-10-12 08:59:37,540 [WARN] PackLoader:240 - Cannot read IP mode file for STMicroelectronics.X-CUBE-TOUCHGFX.4.22.1
2023-10-12 08:59:37,550 [WARN] PackLoader:240 - Cannot read IP mode file for STMicroelectronics.FP-SNS-SMARTAG2.1.2.0
2023-10-12 08:59:37,567 [INFO] LogOutputStream:77 - [STDOUT_REDIRECT] 1 : Invalid condition id : UX_CORESTACK_Condition cause : null
2023-10-12 08:59:37,568 [INFO] LogOutputStream:77 - [STDOUT_REDIRECT] 1 : Invalid condition id : UX_CORESTACK_Condition cause : null
2023-10-12 08:59:37,568 [INFO] LogOutputStream:77 - [STDOUT_REDIRECT] 1 : Invalid condition id : UX_CORESTACK_Condition cause : null
2023-10-12 08:59:37,569 [INFO] LogOutputStream:77 - [STDOUT_REDIRECT] 1 : Invalid condition id : UX_CORESTACK_Condition cause : null
2023-10-12 08:59:37,570 [INFO] LogOutputStream:77 - [STDOUT_REDIRECT] 1 : Invalid condition id : UX_CORESTACK_Condition cause : null
2023-10-12 08:59:37,573 [WARN] PackLoader:240 - Cannot read IP mode file for STMicroelectronics.X-CUBE-AZRTOS-WL.2.0.0
2023-10-12 08:59:37,587 [WARN] PackLoader:240 - Cannot read IP mode file for WES.I-CUBE-Cesium.1.3.0
2023-10-12 08:59:37,598 [WARN] PackLoader:240 - Cannot read IP mode file for STMicroelectronics.X-CUBE-BLE2.3.3.0
2023-10-12 08:59:37,609 [WARN] PackLoader:240 - Cannot read IP mode file for STMicroelectronics.X-CUBE-ALGOBUILD.1.3.0
2023-10-12 08:59:37,633 [WARN] PackLoader:240 - Cannot read IP mode file for STMicroelectronics.X-CUBE-AZRTOS-G0.1.1.0
2023-10-12 08:59:37,648 [WARN] PackLoader:240 - Cannot read IP mode file for STMicroelectronics.X-CUBE-NFC4.3.0.0
2023-10-12 08:59:37,658 [WARN] PackLoader:240 - Cannot read IP mode file for STMicroelectronics.FP-ATR-SIGFOX1.3.2.0
2023-10-12 08:59:37,686 [WARN] PackLoader:240 - Cannot read IP mode file for SEGGER.I-CUBE-embOS.1.3.1
2023-10-12 08:59:37,719 [WARN] PackLoader:240 - Cannot read IP mode file for STMicroelectronics.X-CUBE-GNSS1.6.0.0
2023-10-12 08:59:37,742 [WARN] PackLoader:240 - Cannot read IP mode file for STMicroelectronics.X-CUBE-AZRTOS-F4.1.1.0
2023-10-12 08:59:37,754 [WARN] PackLoader:240 - Cannot read IP mode file for wolfSSL.I-CUBE-wolfSSL.5.6.3
2023-10-12 08:59:37,785 [WARN] PackLoader:240 - Cannot read IP mode file for STMicroelectronics.X-CUBE-AZRTOS-L5.2.0.0
2023-10-12 08:59:37,852 [WARN] PackLoader:240 - Cannot read IP mode file for STMicroelectronics.X-CUBE-MEMS1.9.6.0
2023-10-12 08:59:37,961 [WARN] PackLoader:240 - Cannot read IP mode file for ITTIA_DB.I-CUBE-ITTIADB.8.8.0
2023-10-12 08:59:37,973 [WARN] PackLoader:240 - Cannot read IP mode file for STMicroelectronics.X-CUBE-BLEMGR.2.0.0
2023-10-12 08:59:37,995 [WARN] ConditionMgr:438 - getConditionDescription Invalid condition id : UX DEVICE CLASS RTOS Condition cause : null
2023-10-12 08:59:37,995 [WARN] ConditionMgr:438 - getConditionDescription Invalid condition id : UX DEVICE CLASS RTOS Condition cause : null
2023-10-12 08:59:37,997 [WARN] PackLoader:240 - Cannot read IP mode file for STMicroelectronics.X-CUBE-AZRTOS-H7.3.1.0
2023-10-12 08:59:37,998 [WARN] ConditionMgr:1039 - genDependencies : Invalid condition id : UX DEVICE CLASS RTOS Condition cause : null
2023-10-12 08:59:37,998 [WARN] ConditionMgr:1039 - genDependencies : Invalid condition id : UX DEVICE CLASS RTOS Condition cause : null
2023-10-12 08:59:37,998 [WARN] ConditionMgr:1039 - genDependencies : Invalid condition id : UX DEVICE CLASS RTOS Condition cause : null
2023-10-12 08:59:37,998 [WARN] ConditionMgr:1039 - genDependencies : Invalid condition id : UX DEVICE CLASS RTOS Condition cause : null
2023-10-12 08:59:37,998 [WARN] ConditionMgr:1039 - genDependencies : Invalid condition id : UX DEVICE CLASS RTOS Condition cause : null
2023-10-12 08:59:38,009 [WARN] PackLoader:240 - Cannot read IP mode file for STMicroelectronics.X-CUBE-NFC7.1.0.1
2023-10-12 08:59:38,020 [WARN] PackLoader:240 - Cannot read IP mode file for STMicroelectronics.X-CUBE-NFC6.3.0.0
2023-10-12 08:59:38,032 [WARN] PackLoader:240 - Cannot read IP mode file for STMicroelectronics.X-CUBE-EEPRMA1.4.1.0
2023-10-12 08:59:38,042 [WARN] PackLoader:240 - Cannot read IP mode file for STMicroelectronics.X-CUBE-AI.8.1.0
2023-10-12 08:59:38,065 [WARN] ConditionMgr:438 - getConditionDescription Invalid condition id : LAN8742 Phy interface Condition cause : null
2023-10-12 08:59:38,066 [WARN] PackLoader:240 - Cannot read IP mode file for STMicroelectronics.X-CUBE-AZRTOS-L4.2.0.0
2023-10-12 08:59:38,067 [WARN] ConditionMgr:1039 - genDependencies : Invalid condition id : LAN8742 Phy interface Condition cause : null
2023-10-12 08:59:38,067 [WARN] ConditionMgr:1039 - genDependencies : Invalid condition id : LAN8742 Phy interface Condition cause : null
2023-10-12 08:59:38,067 [WARN] ConditionMgr:1039 - genDependencies : Invalid condition id : LAN8742 Phy interface Condition cause : null
2023-10-12 08:59:38,080 [WARN] PackLoader:240 - Cannot read IP mode file for STMicroelectronics.X-CUBE-SFXS2LP1.4.0.0
2023-10-12 08:59:38,090 [WARN] PackLoader:240 - Cannot read IP mode file for STMicroelectronics.X-CUBE-ISPU.1.1.0
2023-10-12 08:59:38,107 [WARN] ConditionMgr:438 - getConditionDescription Invalid condition id : UX DEVICE CLASS RTOS Condition cause : null
2023-10-12 08:59:38,107 [WARN] ConditionMgr:438 - getConditionDescription Invalid condition id : UX DEVICE CLASS RTOS Condition cause : null
2023-10-12 08:59:38,109 [WARN] PackLoader:240 - Cannot read IP mode file for STMicroelectronics.X-CUBE-AZRTOS-WB.2.0.0
2023-10-12 08:59:38,109 [WARN] ConditionMgr:1039 - genDependencies : Invalid condition id : UX DEVICE CLASS RTOS Condition cause : null
2023-10-12 08:59:38,109 [WARN] ConditionMgr:1039 - genDependencies : Invalid condition id : UX DEVICE CLASS RTOS Condition cause : null
2023-10-12 08:59:38,109 [WARN] ConditionMgr:1039 - genDependencies : Invalid condition id : UX DEVICE CLASS RTOS Condition cause : null
2023-10-12 08:59:38,109 [WARN] ConditionMgr:1039 - genDependencies : Invalid condition id : UX DEVICE CLASS RTOS Condition cause : null
2023-10-12 08:59:38,109 [WARN] ConditionMgr:1039 - genDependencies : Invalid condition id : UX DEVICE CLASS RTOS Condition cause : null
2023-10-12 08:59:38,123 [WARN] PackLoader:240 - Cannot read IP mode file for STMicroelectronics.X-CUBE-SUBG2.5.0.0
2023-10-12 08:59:38,140 [WARN] PackLoader:240 - Cannot read IP mode file for STMicroelectronics.X-CUBE-TOF1.3.3.1
2023-10-12 08:59:38,171 [WARN] PackLoader:240 - Cannot read IP mode file for STMicroelectronics.X-CUBE-AZRTOS-G4.2.0.0
2023-10-12 08:59:38,205 [WARN] PackLoader:240 - Cannot read IP mode file for Infineon.AIROC-Wi-Fi-Bluetooth-STM32.1.5.1
2023-10-12 08:59:38,248 [WARN] PackLoader:240 - Cannot read IP mode file for STMicroelectronics.X-CUBE-FREERTOS.1.1.0
2023-10-12 08:59:38,265 [WARN] PackLoader:240 - Cannot read IP mode file for portGmbH.I-Cube-SoM-uGOAL.1.1.0
2023-10-12 08:59:38,279 [WARN] PackLoader:240 - Cannot read IP mode file for STMicroelectronics.X-CUBE-ALS.1.0.1
2023-10-12 08:59:38,293 [WARN] PackLoader:240 - Cannot read IP mode file for STMicroelectronics.FP-ATR-ASTRA1.2.0.0
2023-10-12 08:59:38,294 [INFO] ThirdParty:978 - Integrity check success = true
2023-10-12 08:59:38,294 [INFO] IntegrityCheckThread:100 - exiting critical section [integrity check]
2023-10-12 08:59:38,294 [INFO] IntegrityCheckThread:103 - End integrity checks thread
2023-10-12 08:59:57,793 [ERROR] LogOutputStream:75 - [STDERR_REDIRECT] SLF4J: Failed to load class "org.slf4j.impl.StaticLoggerBinder".
2023-10-12 08:59:57,793 [ERROR] LogOutputStream:75 - [STDERR_REDIRECT] SLF4J: Defaulting to no-operation (NOP) logger implementation
2023-10-12 08:59:57,794 [ERROR] LogOutputStream:75 - [STDERR_REDIRECT] SLF4J: See http://www.slf4j.org/codes.html#StaticLoggerBinder for further details.
2023-10-12 10:30:04,990 [INFO] WebApp:330 - JxBrowser engine has been closed 
2023-10-12 10:30:08,298 [ERROR] LogOutputStream:75 - [STDERR_REDIRECT] 
