2023-10-23 03:58:38,643 [ERROR] LogOutputStream:75 - [STDERR_REDIRECT] 
2023-10-23 03:59:06,100 [INFO] Activator:176 - 


2023-10-23 03:59:06,102 [INFO] Activator:177 - !SESSION log4j initialized
2023-10-23 03:59:11,650 [INFO] LogOutputStream:77 - [STDOUT_REDIRECT] 
2023-10-23 03:59:12,671 [INFO] ApplicationProperties:184 - Using Application install path: C:\ST\STM32CubeIDE_1.13.2\STM32CubeIDE\plugins\com.st.stm32cube.common.mx_6.9.2.202309101412
2023-10-23 03:59:12,686 [INFO] DbMcusXml:78 - Set database path to: C:\ST\STM32CubeIDE_1.13.2\STM32CubeIDE\plugins\com.st.stm32cube.common.mx_6.9.2.202309101412\\db\/mcu/
2023-10-23 03:59:12,687 [INFO] ApiDb:274 - Set plugin database path to: C:\ST\STM32CubeIDE_1.13.2\STM32CubeIDE\plugins\com.st.stm32cube.common.mx_6.9.2.202309101412\\db\/plugins/boardmanager/
2023-10-23 03:59:12,687 [WARN] ApiDb:259 - Overriding images path with different value:  => C:\ST\STM32CubeIDE_1.13.2\STM32CubeIDE\plugins\com.st.stm32cube.common.mx_6.9.2.202309101412\\db\/plugins/mcufinder/images/
2023-10-23 03:59:12,698 [INFO] ApiDb:250 - Set database path to: C:\Users\GGPC\.stmcufinder\plugins\mcufinder//mcu/
2023-10-23 03:59:12,699 [INFO] DbMcusAds:125 - Set database path to: C:\Users\GGPC\.stmcufinder\plugins\mcufinder//mcu/
2023-10-23 03:59:12,701 [INFO] CrossReferenceDbSqlite:203 - Set database path to: C:\Users\GGPC\.stmcufinder\plugins\mcufinder//mcu/cs/
2023-10-23 03:59:12,797 [INFO] RulesReader:64 - Compatibility file has been processed (293 Rules)
2023-10-23 03:59:12,866 [INFO] DbMcusXml:78 - Set database path to: C:\ST\STM32CubeIDE_1.13.2\STM32CubeIDE\plugins\com.st.stm32cube.common.mx_6.9.2.202309101412\\db\/mcu/
2023-10-23 03:59:12,866 [INFO] ApiDb:274 - Set plugin database path to: C:\ST\STM32CubeIDE_1.13.2\STM32CubeIDE\plugins\com.st.stm32cube.common.mx_6.9.2.202309101412\\db\/plugins/boardmanager/
2023-10-23 03:59:12,866 [INFO] ApiDb:261 - Set plugin images path to: C:\ST\STM32CubeIDE_1.13.2\STM32CubeIDE\plugins\com.st.stm32cube.common.mx_6.9.2.202309101412\\db\/plugins/mcufinder/images/
2023-10-23 03:59:12,867 [WARN] DbFile:41 - Overriding database path with different value: C:\Users\GGPC\.stmcufinder\plugins\mcufinder/ => C:\Users\GGPC\.stmcufinder\plugins\mcufinder
2023-10-23 03:59:12,867 [INFO] ApiDb:250 - Set database path to: C:\Users\GGPC\.stmcufinder\plugins\mcufinder//mcu/
2023-10-23 03:59:12,867 [WARN] DbFile:41 - Overriding database path with different value: C:\Users\GGPC\.stmcufinder\plugins\mcufinder/ => C:\Users\GGPC\.stmcufinder\plugins\mcufinder
2023-10-23 03:59:12,867 [INFO] DbMcusAds:125 - Set database path to: C:\Users\GGPC\.stmcufinder\plugins\mcufinder//mcu/
2023-10-23 03:59:12,867 [WARN] DbFile:41 - Overriding database path with different value: C:\Users\GGPC\.stmcufinder\plugins\mcufinder/ => C:\Users\GGPC\.stmcufinder\plugins\mcufinder
2023-10-23 03:59:12,867 [WARN] DbFile:41 - Overriding database path with different value: C:\Users\GGPC\.stmcufinder\plugins\mcufinder/ => C:\Users\GGPC\.stmcufinder\plugins\mcufinder
2023-10-23 03:59:12,867 [INFO] CrossReferenceDbSqlite:203 - Set database path to: C:\Users\GGPC\.stmcufinder\plugins\mcufinder//mcu/cs/
2023-10-23 03:59:12,937 [INFO] MainPanel:262 - HeapMemory: 268435456
2023-10-23 03:59:13,025 [INFO] DbMcusXml:78 - Set database path to: C:\ST\STM32CubeIDE_1.13.2\STM32CubeIDE\plugins\com.st.stm32cube.common.mx_6.9.2.202309101412\\db\/mcu/
2023-10-23 03:59:13,025 [INFO] ApiDb:274 - Set plugin database path to: C:\ST\STM32CubeIDE_1.13.2\STM32CubeIDE\plugins\com.st.stm32cube.common.mx_6.9.2.202309101412\\db\/plugins/boardmanager/
2023-10-23 03:59:13,025 [INFO] ApiDb:261 - Set plugin images path to: C:\ST\STM32CubeIDE_1.13.2\STM32CubeIDE\plugins\com.st.stm32cube.common.mx_6.9.2.202309101412\\db\/plugins/mcufinder/images/
2023-10-23 03:59:13,026 [WARN] DbFile:41 - Overriding database path with different value: C:\Users\GGPC\.stmcufinder\plugins\mcufinder/ => C:\Users\GGPC\.stmcufinder\plugins\mcufinder
2023-10-23 03:59:13,026 [INFO] ApiDb:250 - Set database path to: C:\Users\GGPC\.stmcufinder\plugins\mcufinder//mcu/
2023-10-23 03:59:13,026 [WARN] DbFile:41 - Overriding database path with different value: C:\Users\GGPC\.stmcufinder\plugins\mcufinder/ => C:\Users\GGPC\.stmcufinder\plugins\mcufinder
2023-10-23 03:59:13,026 [INFO] DbMcusAds:125 - Set database path to: C:\Users\GGPC\.stmcufinder\plugins\mcufinder//mcu/
2023-10-23 03:59:13,026 [WARN] DbFile:41 - Overriding database path with different value: C:\Users\GGPC\.stmcufinder\plugins\mcufinder/ => C:\Users\GGPC\.stmcufinder\plugins\mcufinder
2023-10-23 03:59:13,026 [WARN] DbFile:41 - Overriding database path with different value: C:\Users\GGPC\.stmcufinder\plugins\mcufinder/ => C:\Users\GGPC\.stmcufinder\plugins\mcufinder
2023-10-23 03:59:13,026 [INFO] CrossReferenceDbSqlite:203 - Set database path to: C:\Users\GGPC\.stmcufinder\plugins\mcufinder//mcu/cs/
2023-10-23 03:59:13,043 [INFO] ApplicationProperties:184 - Using Application install path: C:\ST\STM32CubeIDE_1.13.2\STM32CubeIDE\plugins\com.st.stm32cube.common.mx_6.9.2.202309101412
2023-10-23 03:59:13,045 [INFO] PluginManage:196 - Search for loadable plugins [exclusion list=, ]
2023-10-23 03:59:13,047 [INFO] PluginManage:310 - Check plugin analytics
2023-10-23 03:59:13,185 [INFO] AnalyticsPlugin:253 - Accepted Software Licenses: 
2023-10-23 03:59:13,186 [INFO] AnalyticsPlugin:255 - Accepted CMSIS Pack Licenses: 
2023-10-23 03:59:13,186 [INFO] AnalyticsPlugin:257 - Accepted Firmware Licenses: 
2023-10-23 03:59:13,188 [INFO] PluginManage:359 - Loaded plugin analytics (category:tool,tabindex:-1)
2023-10-23 03:59:13,189 [INFO] PluginManage:310 - Check plugin cadmodel
2023-10-23 03:59:13,204 [INFO] CADModel:105 - Init CAD model plugin
2023-10-23 03:59:13,205 [INFO] PluginManage:359 - Loaded plugin cadmodel (category:power,tabindex:5)
2023-10-23 03:59:13,205 [INFO] PluginManage:310 - Check plugin clock
2023-10-23 03:59:13,224 [INFO] PluginManage:359 - Loaded plugin clock (category:base,tabindex:2)
2023-10-23 03:59:13,225 [INFO] PluginManage:310 - Check plugin ddr
2023-10-23 03:59:13,227 [INFO] PluginManage:359 - Loaded plugin ddr (category:tool,tabindex:6)
2023-10-23 03:59:13,227 [INFO] PluginManage:310 - Check plugin filemanager
2023-10-23 03:59:13,353 [INFO] PluginManage:359 - Loaded plugin filemanager (category:base,tabindex:10)
2023-10-23 03:59:13,353 [INFO] PluginManage:310 - Check plugin ipmanager
2023-10-23 03:59:13,361 [INFO] PluginManage:359 - Loaded plugin ipmanager (category:base,tabindex:5)
2023-10-23 03:59:13,361 [INFO] PluginManage:310 - Check plugin lpbam
2023-10-23 03:59:13,379 [INFO] PluginManage:359 - Loaded plugin lpbam (category:base,tabindex:0)
2023-10-23 03:59:13,379 [INFO] PluginManage:310 - Check plugin memorymap
2023-10-23 03:59:13,401 [INFO] PluginManage:359 - Loaded plugin memorymap (category:base,tabindex:4)
2023-10-23 03:59:13,401 [INFO] PluginManage:310 - Check plugin pinoutandconfiguration
2023-10-23 03:59:13,417 [INFO] PluginManage:359 - Loaded plugin pinoutandconfiguration (category:base,tabindex:1)
2023-10-23 03:59:13,417 [INFO] PluginManage:310 - Check plugin pinoutconfig
2023-10-23 03:59:13,501 [WARN] SupportedApi:132 - Cannot load RTOS API schema: s4s-elt-must-match.1: The content of 'definitions' must match (annotation?, (simpleType | complexType)?, (unique | key | keyref)*)). A problem was found starting at: attribute.
2023-10-23 03:59:13,613 [INFO] PluginManage:359 - Loaded plugin pinoutconfig (category:base,tabindex:0)
2023-10-23 03:59:13,613 [INFO] PluginManage:310 - Check plugin power
2023-10-23 03:59:13,630 [INFO] PluginManage:359 - Loaded plugin power (category:power,tabindex:4)
2023-10-23 03:59:13,630 [INFO] PluginManage:310 - Check plugin projectmanager
2023-10-23 03:59:13,642 [INFO] PluginManage:359 - Loaded plugin projectmanager (category:projectmanager,tabindex:3)
2023-10-23 03:59:13,642 [INFO] PluginManage:310 - Check plugin thirdparty
2023-10-23 03:59:13,863 [INFO] PluginManage:359 - Loaded plugin thirdparty (category:base,tabindex:-1)
2023-10-23 03:59:13,863 [INFO] PluginManage:310 - Check plugin tools
2023-10-23 03:59:13,863 [WARN] IntegrityCheckThread:84 - waiting for thirdparty lock release [integrity check]
2023-10-23 03:59:13,863 [INFO] IntegrityCheckThread:86 - entering critical section [integrity check]
2023-10-23 03:59:13,863 [INFO] ThirdPartyUpdaterWithRetryManager:70 - Updater plugin not ready yet. [1/15]
2023-10-23 03:59:13,889 [INFO] PluginManage:359 - Loaded plugin tools (category:base,tabindex:7)
2023-10-23 03:59:13,889 [INFO] PluginManage:310 - Check plugin tutovideos
2023-10-23 03:59:14,048 [INFO] PluginManage:359 - Loaded plugin tutovideos (category:base,tabindex:-1)
2023-10-23 03:59:14,048 [INFO] PluginManage:310 - Check plugin updater
2023-10-23 03:59:14,057 [INFO] PluginManage:359 - Loaded plugin updater (category:base,tabindex:12)
2023-10-23 03:59:14,057 [INFO] PluginManage:310 - Check plugin userauth
2023-10-23 03:59:14,062 [INFO] UserAuth:113 - Init User Auth plugin
2023-10-23 03:59:14,062 [INFO] PluginManage:359 - Loaded plugin userauth (category:base,tabindex:14)
2023-10-23 03:59:14,063 [INFO] PluginManage:283 - PluginManage : Loaded plugins [17]
2023-10-23 03:59:14,251 [INFO] PinOutPanel:1499 - setPackage(No Configuration,No Configuration)
2023-10-23 03:59:14,349 [INFO] CADModel:165 - CPN selected for project level
2023-10-23 03:59:14,349 [INFO] CADModel:114 - Register for checkConnection events
2023-10-23 03:59:14,380 [INFO] IPUIPlugin:80 - create IPUIPlugin
2023-10-23 03:59:14,380 [INFO] PluginManager:220 - loadIPPluginJar : add adc
2023-10-23 03:59:14,408 [INFO] IPUIPlugin:80 - create IPUIPlugin
2023-10-23 03:59:14,408 [INFO] PluginManager:220 - loadIPPluginJar : add aes
2023-10-23 03:59:14,445 [INFO] IPUIPlugin:80 - create IPUIPlugin
2023-10-23 03:59:14,445 [INFO] PluginManager:220 - loadIPPluginJar : add can
2023-10-23 03:59:14,463 [INFO] IPUIPlugin:80 - create IPUIPlugin
2023-10-23 03:59:14,463 [INFO] PluginManager:220 - loadIPPluginJar : add comp
2023-10-23 03:59:14,489 [INFO] IPUIPlugin:80 - create IPUIPlugin
2023-10-23 03:59:14,490 [INFO] PluginManager:220 - loadIPPluginJar : add cryp
2023-10-23 03:59:14,514 [INFO] IPUIPlugin:80 - create IPUIPlugin
2023-10-23 03:59:14,514 [INFO] PluginManager:220 - loadIPPluginJar : add dfsdm
2023-10-23 03:59:14,530 [INFO] IPUIPlugin:80 - create IPUIPlugin
2023-10-23 03:59:14,530 [INFO] PluginManager:220 - loadIPPluginJar : add dma
2023-10-23 03:59:14,565 [INFO] IPUIPlugin:80 - create IPUIPlugin
2023-10-23 03:59:14,565 [INFO] PluginManager:220 - loadIPPluginJar : add dma3
2023-10-23 03:59:14,583 [INFO] IPUIPlugin:80 - create IPUIPlugin
2023-10-23 03:59:14,583 [INFO] PluginManager:220 - loadIPPluginJar : add fatfs
2023-10-23 03:59:14,620 [INFO] IPUIPlugin:80 - create IPUIPlugin
2023-10-23 03:59:14,620 [INFO] PluginManager:220 - loadIPPluginJar : add fmc
2023-10-23 03:59:14,633 [INFO] IPUIPlugin:80 - create IPUIPlugin
2023-10-23 03:59:14,633 [INFO] PluginManager:220 - loadIPPluginJar : add freertos
2023-10-23 03:59:14,649 [INFO] IPUIPlugin:80 - create IPUIPlugin
2023-10-23 03:59:14,650 [INFO] PluginManager:220 - loadIPPluginJar : add genericplugin
2023-10-23 03:59:14,721 [INFO] IPUIPlugin:80 - create IPUIPlugin
2023-10-23 03:59:14,722 [INFO] PluginManager:220 - loadIPPluginJar : add gfxmmu
2023-10-23 03:59:14,823 [INFO] IPUIPlugin:80 - create IPUIPlugin
2023-10-23 03:59:14,823 [INFO] PluginManager:220 - loadIPPluginJar : add gic
2023-10-23 03:59:14,835 [INFO] IPUIPlugin:80 - create IPUIPlugin
2023-10-23 03:59:14,835 [INFO] PluginManager:220 - loadIPPluginJar : add gpio
2023-10-23 03:59:14,919 [INFO] IPUIPlugin:80 - create IPUIPlugin
2023-10-23 03:59:14,919 [INFO] PluginManager:220 - loadIPPluginJar : add gtzc
2023-10-23 03:59:14,947 [INFO] IPUIPlugin:80 - create IPUIPlugin
2023-10-23 03:59:14,947 [INFO] PluginManager:220 - loadIPPluginJar : add hash
2023-10-23 03:59:14,988 [INFO] IPUIPlugin:80 - create IPUIPlugin
2023-10-23 03:59:14,988 [INFO] PluginManager:220 - loadIPPluginJar : add i2c
2023-10-23 03:59:15,017 [INFO] IPUIPlugin:80 - create IPUIPlugin
2023-10-23 03:59:15,017 [INFO] PluginManager:220 - loadIPPluginJar : add i2s
2023-10-23 03:59:15,047 [INFO] IPUIPlugin:80 - create IPUIPlugin
2023-10-23 03:59:15,047 [INFO] PluginManager:220 - loadIPPluginJar : add i3c
2023-10-23 03:59:15,130 [INFO] IPUIPlugin:80 - create IPUIPlugin
2023-10-23 03:59:15,130 [INFO] PluginManager:220 - loadIPPluginJar : add ipddr
2023-10-23 03:59:15,206 [INFO] IPUIPlugin:80 - create IPUIPlugin
2023-10-23 03:59:15,206 [INFO] PluginManager:220 - loadIPPluginJar : add linkedlist
2023-10-23 03:59:15,238 [INFO] IPUIPlugin:80 - create IPUIPlugin
2023-10-23 03:59:15,238 [INFO] PluginManager:220 - loadIPPluginJar : add lorawan
2023-10-23 03:59:15,267 [INFO] IPUIPlugin:80 - create IPUIPlugin
2023-10-23 03:59:15,267 [INFO] PluginManager:220 - loadIPPluginJar : add ltdc
2023-10-23 03:59:15,280 [INFO] IPUIPlugin:80 - create IPUIPlugin
2023-10-23 03:59:15,280 [INFO] PluginManager:220 - loadIPPluginJar : add mdma
2023-10-23 03:59:15,292 [INFO] IPUIPlugin:80 - create IPUIPlugin
2023-10-23 03:59:15,292 [INFO] PluginManager:220 - loadIPPluginJar : add nvic
2023-10-23 03:59:15,320 [INFO] IPUIPlugin:80 - create IPUIPlugin
2023-10-23 03:59:15,320 [INFO] PluginManager:220 - loadIPPluginJar : add opamp
2023-10-23 03:59:15,367 [INFO] IPUIPlugin:80 - create IPUIPlugin
2023-10-23 03:59:15,367 [INFO] PluginManager:220 - loadIPPluginJar : add openamp
2023-10-23 03:59:15,404 [INFO] IPUIPlugin:80 - create IPUIPlugin
2023-10-23 03:59:15,405 [INFO] PluginManager:220 - loadIPPluginJar : add pdm2pcm
2023-10-23 03:59:15,416 [INFO] IPUIPlugin:80 - create IPUIPlugin
2023-10-23 03:59:15,418 [INFO] PluginManager:220 - loadIPPluginJar : add plateformsettings
2023-10-23 03:59:15,437 [INFO] IPUIPlugin:80 - create IPUIPlugin
2023-10-23 03:59:15,437 [INFO] PluginManager:220 - loadIPPluginJar : add quadspi
2023-10-23 03:59:15,449 [INFO] IPUIPlugin:80 - create IPUIPlugin
2023-10-23 03:59:15,449 [INFO] PluginManager:220 - loadIPPluginJar : add resmgrutility
2023-10-23 03:59:15,492 [INFO] IPUIPlugin:80 - create IPUIPlugin
2023-10-23 03:59:15,492 [INFO] PluginManager:220 - loadIPPluginJar : add sai
2023-10-23 03:59:15,522 [INFO] IPUIPlugin:80 - create IPUIPlugin
2023-10-23 03:59:15,522 [INFO] PluginManager:220 - loadIPPluginJar : add spi
2023-10-23 03:59:15,569 [INFO] IPUIPlugin:80 - create IPUIPlugin
2023-10-23 03:59:15,569 [INFO] PluginManager:220 - loadIPPluginJar : add stm32_wpan
2023-10-23 03:59:15,587 [INFO] IPUIPlugin:80 - create IPUIPlugin
2023-10-23 03:59:15,588 [INFO] PluginManager:220 - loadIPPluginJar : add tim
2023-10-23 03:59:15,639 [INFO] IPUIPlugin:80 - create IPUIPlugin
2023-10-23 03:59:15,639 [INFO] PluginManager:220 - loadIPPluginJar : add touchsensing
2023-10-23 03:59:15,657 [INFO] IPUIPlugin:80 - create IPUIPlugin
2023-10-23 03:59:15,657 [INFO] PluginManager:220 - loadIPPluginJar : add tracer_emb
2023-10-23 03:59:15,677 [INFO] IPUIPlugin:80 - create IPUIPlugin
2023-10-23 03:59:15,677 [INFO] PluginManager:220 - loadIPPluginJar : add ts
2023-10-23 03:59:15,696 [INFO] IPUIPlugin:80 - create IPUIPlugin
2023-10-23 03:59:15,696 [INFO] PluginManager:220 - loadIPPluginJar : add tsc
2023-10-23 03:59:15,715 [INFO] IPUIPlugin:80 - create IPUIPlugin
2023-10-23 03:59:15,715 [INFO] PluginManager:220 - loadIPPluginJar : add ucpd
2023-10-23 03:59:15,751 [INFO] IPUIPlugin:80 - create IPUIPlugin
2023-10-23 03:59:15,751 [INFO] PluginManager:220 - loadIPPluginJar : add usart
2023-10-23 03:59:15,785 [INFO] IPUIPlugin:80 - create IPUIPlugin
2023-10-23 03:59:15,785 [INFO] PluginManager:220 - loadIPPluginJar : add usbx
2023-10-23 03:59:15,904 [INFO] CADModel:165 - CPN selected for project level
2023-10-23 03:59:15,905 [INFO] CADModel:114 - Register for checkConnection events
2023-10-23 03:59:15,905 [FATAL] Updater:308 - Updater called before beeing initialized
2023-10-23 03:59:15,905 [ERROR] CADModel:125 - Updater not yet initialized, retry later 
2023-10-23 03:59:16,021 [INFO] CADModel:165 - CPN selected for project level
2023-10-23 03:59:16,021 [INFO] CADModel:114 - Register for checkConnection events
2023-10-23 03:59:16,021 [FATAL] Updater:308 - Updater called before beeing initialized
2023-10-23 03:59:16,021 [ERROR] CADModel:125 - Updater not yet initialized, retry later 
2023-10-23 03:59:16,024 [FATAL] Updater:308 - Updater called before beeing initialized
2023-10-23 03:59:16,110 [FATAL] Updater:308 - Updater called before beeing initialized
2023-10-23 03:59:16,119 [INFO] DbMcusAds:53 - JSON generation date=Thu Sep 30 19:55:09 NZDT 2021 (1632984909247)
2023-10-23 03:59:16,119 [FATAL] Updater:308 - Updater called before beeing initialized
2023-10-23 03:59:16,187 [WARN] DetailPanel:346 - Failed to get advertising image, set to default
2023-10-23 03:59:16,274 [FATAL] Updater:308 - Updater called before beeing initialized
2023-10-23 03:59:16,276 [FATAL] Updater:308 - Updater called before beeing initialized
2023-10-23 03:59:16,276 [FATAL] Updater:308 - Updater called before beeing initialized
2023-10-23 03:59:16,276 [WARN] DetailPanel:346 - Failed to get advertising image, set to default
2023-10-23 03:59:16,277 [FATAL] Updater:308 - Updater called before beeing initialized
2023-10-23 03:59:16,352 [ERROR] Updater:1120 - MainUpdater not yet initialized. External WinMGr cannot be set.
2023-10-23 03:59:16,361 [INFO] Updater:1056 - Updater Version found : 6.9.2
2023-10-23 03:59:16,376 [INFO] ApplicationProperties:184 - Using Application install path: C:\ST\STM32CubeIDE_1.13.2\STM32CubeIDE\plugins\com.st.stm32cube.common.mx_6.9.2.202309101412
2023-10-23 03:59:16,865 [INFO] ThirdPartyUpdaterWithRetryManager:70 - Updater plugin not ready yet. [2/15]
2023-10-23 03:59:17,827 [INFO] MainUpdater:2868 - connection check result : 10
2023-10-23 03:59:17,827 [INFO] MainUpdater:3562 - Updater definition file requires update
2023-10-23 03:59:17,828 [INFO] MainUpdater:285 - Updater Check For Update Now.
2023-10-23 03:59:17,828 [INFO] MicroXplorer:498 - Change Database Version : DB.6.0.92
2023-10-23 03:59:17,842 [INFO] McuFinderGlobals:63 - Set McuFinder mode to 2 (CubeIDE integrated)
2023-10-23 03:59:17,842 [INFO] UserAuth:179 - activating auth plugin
2023-10-23 03:59:17,844 [INFO] UserAuth:393 - Internet connection configuration mode: 1
2023-10-23 03:59:17,862 [INFO] JxBrowserEngine:151 - Initiate JxBrowser Engine with user profile folder
2023-10-23 03:59:19,685 [INFO] WebApp:157 - Instantiating new browser for Auth
2023-10-23 03:59:19,866 [WARN] MainUpdater:1189 - Updater busy. Cannot search thirdparties
2023-10-23 03:59:19,866 [INFO] ThirdPartyUpdaterWithRetryManager:96 - Updater plugin is busy. [1/15]
2023-10-23 03:59:20,156 [INFO] WebApp:753 - Register for checkConnection events
2023-10-23 03:59:20,156 [INFO] WebApp:390 - Apply proxy settings
2023-10-23 03:59:20,156 [INFO] WebApp:475 - Chromium requires no authentication
2023-10-23 03:59:20,165 [INFO] WebApp:418 - Direct internet connection detected
2023-10-23 03:59:20,315 [INFO] WebApp:188 - Starting web application
2023-10-23 03:59:20,315 [INFO] WebApp:520 - Web application path used C:\ST\STM32CubeIDE_1.13.2\STM32CubeIDE\plugins\com.st.stm32cube.common.mx_6.9.2.202309101412\db\plugins\mcufinder\reactClient1\index.html
2023-10-23 03:59:22,404 [INFO] ServerAccessManage:473 - Download File updaters.zip
2023-10-23 03:59:22,459 [INFO] FileExtend:240 - Unzip File : updaters.zip
2023-10-23 03:59:22,459 [INFO] FileExtend:255 - Standard Zip Deflate
2023-10-23 03:59:22,866 [WARN] MainUpdater:1189 - Updater busy. Cannot search thirdparties
2023-10-23 03:59:22,866 [INFO] ThirdPartyUpdaterWithRetryManager:96 - Updater plugin is busy. [2/15]
2023-10-23 03:59:23,875 [INFO] ServerAccessManage:473 - Download File PacksControlFlags.xml
2023-10-23 03:59:25,337 [INFO] ServerAccessManage:473 - Download File cubemx.pidx
2023-10-23 03:59:25,418 [INFO] LoadServerUpdatesThread:373 - End of LoadServerUpdate Thread
2023-10-23 03:59:25,576 [INFO] CheckServerUpdateThread:120 - End of CheckServer Thread
2023-10-23 03:59:26,004 [WARN] PackLoader:240 - Cannot read IP mode file for STMicroelectronics.X-CUBE-SMBUS.2.1.0
2023-10-23 03:59:26,039 [WARN] PackLoader:240 - Cannot read IP mode file for STMicroelectronics.X-CUBE-AZRTOS-F7.1.1.0
2023-10-23 03:59:26,058 [WARN] PackLoader:240 - Cannot read IP mode file for STMicroelectronics.FP-SNS-MOTENV1.4.3.2
2023-10-23 03:59:26,075 [WARN] PackLoader:240 - Cannot read IP mode file for STMicroelectronics.FP-SNS-FLIGHT1.5.0.2
2023-10-23 03:59:26,091 [WARN] PackLoader:240 - Cannot read IP mode file for STMicroelectronics.X-CUBE-DISPLAY.3.0.0
2023-10-23 03:59:26,114 [WARN] PackLoader:240 - Cannot read IP mode file for STMicroelectronics.X-CUBE-BLE1.7.0.0
2023-10-23 03:59:26,129 [WARN] PackLoader:240 - Cannot read IP mode file for emotas.I-CUBE-CANOPEN.1.3.0
2023-10-23 03:59:26,146 [WARN] PackLoader:240 - Cannot read IP mode file for STMicroelectronics.X-CUBE-TOUCHGFX.4.22.1
2023-10-23 03:59:26,157 [WARN] PackLoader:240 - Cannot read IP mode file for STMicroelectronics.FP-SNS-SMARTAG2.1.2.0
2023-10-23 03:59:26,173 [INFO] LogOutputStream:77 - [STDOUT_REDIRECT] 1 : Invalid condition id : UX_CORESTACK_Condition cause : null
2023-10-23 03:59:26,173 [INFO] LogOutputStream:77 - [STDOUT_REDIRECT] 1 : Invalid condition id : UX_CORESTACK_Condition cause : null
2023-10-23 03:59:26,174 [INFO] LogOutputStream:77 - [STDOUT_REDIRECT] 1 : Invalid condition id : UX_CORESTACK_Condition cause : null
2023-10-23 03:59:26,175 [INFO] LogOutputStream:77 - [STDOUT_REDIRECT] 1 : Invalid condition id : UX_CORESTACK_Condition cause : null
2023-10-23 03:59:26,176 [INFO] LogOutputStream:77 - [STDOUT_REDIRECT] 1 : Invalid condition id : UX_CORESTACK_Condition cause : null
2023-10-23 03:59:26,179 [WARN] PackLoader:240 - Cannot read IP mode file for STMicroelectronics.X-CUBE-AZRTOS-WL.2.0.0
2023-10-23 03:59:26,192 [WARN] PackLoader:240 - Cannot read IP mode file for WES.I-CUBE-Cesium.1.3.0
2023-10-23 03:59:26,203 [WARN] PackLoader:240 - Cannot read IP mode file for STMicroelectronics.X-CUBE-BLE2.3.3.0
2023-10-23 03:59:26,215 [WARN] PackLoader:240 - Cannot read IP mode file for STMicroelectronics.X-CUBE-ALGOBUILD.1.3.0
2023-10-23 03:59:26,240 [WARN] PackLoader:240 - Cannot read IP mode file for STMicroelectronics.X-CUBE-AZRTOS-G0.1.1.0
2023-10-23 03:59:26,254 [WARN] PackLoader:240 - Cannot read IP mode file for STMicroelectronics.X-CUBE-NFC4.3.0.0
2023-10-23 03:59:26,267 [WARN] PackLoader:240 - Cannot read IP mode file for STMicroelectronics.FP-ATR-SIGFOX1.3.2.0
2023-10-23 03:59:26,299 [WARN] PackLoader:240 - Cannot read IP mode file for SEGGER.I-CUBE-embOS.1.3.1
2023-10-23 03:59:26,345 [WARN] PackLoader:240 - Cannot read IP mode file for STMicroelectronics.X-CUBE-GNSS1.6.0.0
2023-10-23 03:59:26,367 [WARN] PackLoader:240 - Cannot read IP mode file for STMicroelectronics.X-CUBE-AZRTOS-F4.1.1.0
2023-10-23 03:59:26,382 [WARN] PackLoader:240 - Cannot read IP mode file for wolfSSL.I-CUBE-wolfSSL.5.6.3
2023-10-23 03:59:26,410 [WARN] PackLoader:240 - Cannot read IP mode file for STMicroelectronics.X-CUBE-AZRTOS-L5.2.0.0
2023-10-23 03:59:26,462 [WARN] PackLoader:240 - Cannot read IP mode file for STMicroelectronics.X-CUBE-MEMS1.9.6.0
2023-10-23 03:59:26,585 [WARN] PackLoader:240 - Cannot read IP mode file for ITTIA_DB.I-CUBE-ITTIADB.8.8.0
2023-10-23 03:59:26,598 [WARN] PackLoader:240 - Cannot read IP mode file for STMicroelectronics.X-CUBE-BLEMGR.2.0.0
2023-10-23 03:59:26,623 [WARN] ConditionMgr:438 - getConditionDescription Invalid condition id : UX DEVICE CLASS RTOS Condition cause : null
2023-10-23 03:59:26,624 [WARN] ConditionMgr:438 - getConditionDescription Invalid condition id : UX DEVICE CLASS RTOS Condition cause : null
2023-10-23 03:59:26,626 [WARN] PackLoader:240 - Cannot read IP mode file for STMicroelectronics.X-CUBE-AZRTOS-H7.3.1.0
2023-10-23 03:59:26,627 [WARN] ConditionMgr:1039 - genDependencies : Invalid condition id : UX DEVICE CLASS RTOS Condition cause : null
2023-10-23 03:59:26,627 [WARN] ConditionMgr:1039 - genDependencies : Invalid condition id : UX DEVICE CLASS RTOS Condition cause : null
2023-10-23 03:59:26,627 [WARN] ConditionMgr:1039 - genDependencies : Invalid condition id : UX DEVICE CLASS RTOS Condition cause : null
2023-10-23 03:59:26,627 [WARN] ConditionMgr:1039 - genDependencies : Invalid condition id : UX DEVICE CLASS RTOS Condition cause : null
2023-10-23 03:59:26,627 [WARN] ConditionMgr:1039 - genDependencies : Invalid condition id : UX DEVICE CLASS RTOS Condition cause : null
2023-10-23 03:59:26,639 [WARN] PackLoader:240 - Cannot read IP mode file for STMicroelectronics.X-CUBE-NFC7.1.0.1
2023-10-23 03:59:26,652 [WARN] PackLoader:240 - Cannot read IP mode file for STMicroelectronics.X-CUBE-NFC6.3.0.0
2023-10-23 03:59:26,666 [WARN] PackLoader:240 - Cannot read IP mode file for STMicroelectronics.X-CUBE-EEPRMA1.4.1.0
2023-10-23 03:59:26,678 [WARN] PackLoader:240 - Cannot read IP mode file for STMicroelectronics.X-CUBE-AI.8.1.0
2023-10-23 03:59:26,702 [WARN] ConditionMgr:438 - getConditionDescription Invalid condition id : LAN8742 Phy interface Condition cause : null
2023-10-23 03:59:26,702 [WARN] PackLoader:240 - Cannot read IP mode file for STMicroelectronics.X-CUBE-AZRTOS-L4.2.0.0
2023-10-23 03:59:26,704 [WARN] ConditionMgr:1039 - genDependencies : Invalid condition id : LAN8742 Phy interface Condition cause : null
2023-10-23 03:59:26,704 [WARN] ConditionMgr:1039 - genDependencies : Invalid condition id : LAN8742 Phy interface Condition cause : null
2023-10-23 03:59:26,705 [WARN] ConditionMgr:1039 - genDependencies : Invalid condition id : LAN8742 Phy interface Condition cause : null
2023-10-23 03:59:26,720 [WARN] PackLoader:240 - Cannot read IP mode file for STMicroelectronics.X-CUBE-SFXS2LP1.4.0.0
2023-10-23 03:59:26,734 [WARN] PackLoader:240 - Cannot read IP mode file for STMicroelectronics.X-CUBE-ISPU.1.1.0
2023-10-23 03:59:26,753 [WARN] ConditionMgr:438 - getConditionDescription Invalid condition id : UX DEVICE CLASS RTOS Condition cause : null
2023-10-23 03:59:26,754 [WARN] ConditionMgr:438 - getConditionDescription Invalid condition id : UX DEVICE CLASS RTOS Condition cause : null
2023-10-23 03:59:26,755 [WARN] PackLoader:240 - Cannot read IP mode file for STMicroelectronics.X-CUBE-AZRTOS-WB.2.0.0
2023-10-23 03:59:26,756 [WARN] ConditionMgr:1039 - genDependencies : Invalid condition id : UX DEVICE CLASS RTOS Condition cause : null
2023-10-23 03:59:26,756 [WARN] ConditionMgr:1039 - genDependencies : Invalid condition id : UX DEVICE CLASS RTOS Condition cause : null
2023-10-23 03:59:26,756 [WARN] ConditionMgr:1039 - genDependencies : Invalid condition id : UX DEVICE CLASS RTOS Condition cause : null
2023-10-23 03:59:26,756 [WARN] ConditionMgr:1039 - genDependencies : Invalid condition id : UX DEVICE CLASS RTOS Condition cause : null
2023-10-23 03:59:26,756 [WARN] ConditionMgr:1039 - genDependencies : Invalid condition id : UX DEVICE CLASS RTOS Condition cause : null
2023-10-23 03:59:26,771 [WARN] PackLoader:240 - Cannot read IP mode file for STMicroelectronics.X-CUBE-SUBG2.5.0.0
2023-10-23 03:59:26,786 [WARN] PackLoader:240 - Cannot read IP mode file for STMicroelectronics.X-CUBE-TOF1.3.3.1
2023-10-23 03:59:26,809 [WARN] PackLoader:240 - Cannot read IP mode file for STMicroelectronics.X-CUBE-AZRTOS-G4.2.0.0
2023-10-23 03:59:26,828 [WARN] PackLoader:240 - Cannot read IP mode file for Infineon.AIROC-Wi-Fi-Bluetooth-STM32.1.5.1
2023-10-23 03:59:26,840 [WARN] PackLoader:240 - Cannot read IP mode file for STMicroelectronics.X-CUBE-FREERTOS.1.1.0
2023-10-23 03:59:26,852 [WARN] PackLoader:240 - Cannot read IP mode file for portGmbH.I-Cube-SoM-uGOAL.1.1.0
2023-10-23 03:59:26,864 [WARN] PackLoader:240 - Cannot read IP mode file for STMicroelectronics.X-CUBE-ALS.1.0.1
2023-10-23 03:59:26,874 [WARN] PackLoader:240 - Cannot read IP mode file for STMicroelectronics.FP-ATR-ASTRA1.2.0.0
2023-10-23 03:59:26,876 [INFO] ThirdParty:978 - Integrity check success = true
2023-10-23 03:59:26,876 [INFO] IntegrityCheckThread:100 - exiting critical section [integrity check]
2023-10-23 03:59:26,876 [INFO] IntegrityCheckThread:103 - End integrity checks thread
2023-10-23 03:59:41,008 [ERROR] LogOutputStream:75 - [STDERR_REDIRECT] SLF4J: Failed to load class "org.slf4j.impl.StaticLoggerBinder".
2023-10-23 03:59:41,009 [ERROR] LogOutputStream:75 - [STDERR_REDIRECT] SLF4J: Defaulting to no-operation (NOP) logger implementation
2023-10-23 03:59:41,010 [ERROR] LogOutputStream:75 - [STDERR_REDIRECT] SLF4J: See http://www.slf4j.org/codes.html#StaticLoggerBinder for further details.
