2023-10-11 08:30:31,859 [INFO] Activator:176 - 


2023-10-11 08:30:31,865 [INFO] Activator:177 - !SESSION log4j initialized
2023-10-11 08:30:36,338 [INFO] LogOutputStream:77 - [STDOUT_REDIRECT] 
2023-10-11 08:30:39,247 [INFO] ApplicationProperties:184 - Using Application install path: C:\ST\STM32CubeIDE_1.13.2\STM32CubeIDE\plugins\com.st.stm32cube.common.mx_6.9.2.202309101412
2023-10-11 08:30:39,263 [INFO] DbMcusXml:78 - Set database path to: C:\ST\STM32CubeIDE_1.13.2\STM32CubeIDE\plugins\com.st.stm32cube.common.mx_6.9.2.202309101412\\db\/mcu/
2023-10-11 08:30:39,263 [INFO] ApiDb:274 - Set plugin database path to: C:\ST\STM32CubeIDE_1.13.2\STM32CubeIDE\plugins\com.st.stm32cube.common.mx_6.9.2.202309101412\\db\/plugins/boardmanager/
2023-10-11 08:30:39,264 [WARN] ApiDb:259 - Overriding images path with different value:  => C:\ST\STM32CubeIDE_1.13.2\STM32CubeIDE\plugins\com.st.stm32cube.common.mx_6.9.2.202309101412\\db\/plugins/mcufinder/images/
2023-10-11 08:30:39,275 [INFO] ApiDb:250 - Set database path to: C:\Users\GGPC\.stmcufinder\plugins\mcufinder//mcu/
2023-10-11 08:30:39,276 [INFO] DbMcusAds:125 - Set database path to: C:\Users\GGPC\.stmcufinder\plugins\mcufinder//mcu/
2023-10-11 08:30:39,278 [INFO] CrossReferenceDbSqlite:203 - Set database path to: C:\Users\GGPC\.stmcufinder\plugins\mcufinder//mcu/cs/
2023-10-11 08:30:39,395 [INFO] RulesReader:64 - Compatibility file has been processed (293 Rules)
2023-10-11 08:30:39,475 [INFO] DbMcusXml:78 - Set database path to: C:\ST\STM32CubeIDE_1.13.2\STM32CubeIDE\plugins\com.st.stm32cube.common.mx_6.9.2.202309101412\\db\/mcu/
2023-10-11 08:30:39,475 [INFO] ApiDb:274 - Set plugin database path to: C:\ST\STM32CubeIDE_1.13.2\STM32CubeIDE\plugins\com.st.stm32cube.common.mx_6.9.2.202309101412\\db\/plugins/boardmanager/
2023-10-11 08:30:39,475 [INFO] ApiDb:261 - Set plugin images path to: C:\ST\STM32CubeIDE_1.13.2\STM32CubeIDE\plugins\com.st.stm32cube.common.mx_6.9.2.202309101412\\db\/plugins/mcufinder/images/
2023-10-11 08:30:39,476 [WARN] DbFile:41 - Overriding database path with different value: C:\Users\GGPC\.stmcufinder\plugins\mcufinder/ => C:\Users\GGPC\.stmcufinder\plugins\mcufinder
2023-10-11 08:30:39,476 [INFO] ApiDb:250 - Set database path to: C:\Users\GGPC\.stmcufinder\plugins\mcufinder//mcu/
2023-10-11 08:30:39,476 [WARN] DbFile:41 - Overriding database path with different value: C:\Users\GGPC\.stmcufinder\plugins\mcufinder/ => C:\Users\GGPC\.stmcufinder\plugins\mcufinder
2023-10-11 08:30:39,476 [INFO] DbMcusAds:125 - Set database path to: C:\Users\GGPC\.stmcufinder\plugins\mcufinder//mcu/
2023-10-11 08:30:39,476 [WARN] DbFile:41 - Overriding database path with different value: C:\Users\GGPC\.stmcufinder\plugins\mcufinder/ => C:\Users\GGPC\.stmcufinder\plugins\mcufinder
2023-10-11 08:30:39,476 [WARN] DbFile:41 - Overriding database path with different value: C:\Users\GGPC\.stmcufinder\plugins\mcufinder/ => C:\Users\GGPC\.stmcufinder\plugins\mcufinder
2023-10-11 08:30:39,476 [INFO] CrossReferenceDbSqlite:203 - Set database path to: C:\Users\GGPC\.stmcufinder\plugins\mcufinder//mcu/cs/
2023-10-11 08:30:39,555 [INFO] MainPanel:262 - HeapMemory: 268435456
2023-10-11 08:30:39,644 [INFO] DbMcusXml:78 - Set database path to: C:\ST\STM32CubeIDE_1.13.2\STM32CubeIDE\plugins\com.st.stm32cube.common.mx_6.9.2.202309101412\\db\/mcu/
2023-10-11 08:30:39,644 [INFO] ApiDb:274 - Set plugin database path to: C:\ST\STM32CubeIDE_1.13.2\STM32CubeIDE\plugins\com.st.stm32cube.common.mx_6.9.2.202309101412\\db\/plugins/boardmanager/
2023-10-11 08:30:39,644 [INFO] ApiDb:261 - Set plugin images path to: C:\ST\STM32CubeIDE_1.13.2\STM32CubeIDE\plugins\com.st.stm32cube.common.mx_6.9.2.202309101412\\db\/plugins/mcufinder/images/
2023-10-11 08:30:39,644 [WARN] DbFile:41 - Overriding database path with different value: C:\Users\GGPC\.stmcufinder\plugins\mcufinder/ => C:\Users\GGPC\.stmcufinder\plugins\mcufinder
2023-10-11 08:30:39,644 [INFO] ApiDb:250 - Set database path to: C:\Users\GGPC\.stmcufinder\plugins\mcufinder//mcu/
2023-10-11 08:30:39,645 [WARN] DbFile:41 - Overriding database path with different value: C:\Users\GGPC\.stmcufinder\plugins\mcufinder/ => C:\Users\GGPC\.stmcufinder\plugins\mcufinder
2023-10-11 08:30:39,645 [INFO] DbMcusAds:125 - Set database path to: C:\Users\GGPC\.stmcufinder\plugins\mcufinder//mcu/
2023-10-11 08:30:39,645 [WARN] DbFile:41 - Overriding database path with different value: C:\Users\GGPC\.stmcufinder\plugins\mcufinder/ => C:\Users\GGPC\.stmcufinder\plugins\mcufinder
2023-10-11 08:30:39,645 [WARN] DbFile:41 - Overriding database path with different value: C:\Users\GGPC\.stmcufinder\plugins\mcufinder/ => C:\Users\GGPC\.stmcufinder\plugins\mcufinder
2023-10-11 08:30:39,645 [INFO] CrossReferenceDbSqlite:203 - Set database path to: C:\Users\GGPC\.stmcufinder\plugins\mcufinder//mcu/cs/
2023-10-11 08:30:39,662 [INFO] ApplicationProperties:184 - Using Application install path: C:\ST\STM32CubeIDE_1.13.2\STM32CubeIDE\plugins\com.st.stm32cube.common.mx_6.9.2.202309101412
2023-10-11 08:30:39,663 [INFO] PluginManage:196 - Search for loadable plugins [exclusion list=, ]
2023-10-11 08:30:39,664 [INFO] PluginManage:310 - Check plugin analytics
2023-10-11 08:30:39,790 [INFO] AnalyticsPlugin:253 - Accepted Software Licenses: 
2023-10-11 08:30:39,790 [INFO] AnalyticsPlugin:255 - Accepted CMSIS Pack Licenses: 
2023-10-11 08:30:39,791 [INFO] AnalyticsPlugin:257 - Accepted Firmware Licenses: 
2023-10-11 08:30:39,793 [INFO] PluginManage:359 - Loaded plugin analytics (category:tool,tabindex:-1)
2023-10-11 08:30:39,793 [INFO] PluginManage:310 - Check plugin cadmodel
2023-10-11 08:30:39,806 [INFO] CADModel:105 - Init CAD model plugin
2023-10-11 08:30:39,806 [INFO] PluginManage:359 - Loaded plugin cadmodel (category:power,tabindex:5)
2023-10-11 08:30:39,806 [INFO] PluginManage:310 - Check plugin clock
2023-10-11 08:30:39,824 [INFO] PluginManage:359 - Loaded plugin clock (category:base,tabindex:2)
2023-10-11 08:30:39,824 [INFO] PluginManage:310 - Check plugin ddr
2023-10-11 08:30:39,826 [INFO] PluginManage:359 - Loaded plugin ddr (category:tool,tabindex:6)
2023-10-11 08:30:39,826 [INFO] PluginManage:310 - Check plugin filemanager
2023-10-11 08:30:39,944 [INFO] PluginManage:359 - Loaded plugin filemanager (category:base,tabindex:10)
2023-10-11 08:30:39,945 [INFO] PluginManage:310 - Check plugin ipmanager
2023-10-11 08:30:39,951 [INFO] PluginManage:359 - Loaded plugin ipmanager (category:base,tabindex:5)
2023-10-11 08:30:39,951 [INFO] PluginManage:310 - Check plugin lpbam
2023-10-11 08:30:39,965 [INFO] PluginManage:359 - Loaded plugin lpbam (category:base,tabindex:0)
2023-10-11 08:30:39,965 [INFO] PluginManage:310 - Check plugin memorymap
2023-10-11 08:30:39,983 [INFO] PluginManage:359 - Loaded plugin memorymap (category:base,tabindex:4)
2023-10-11 08:30:39,983 [INFO] PluginManage:310 - Check plugin pinoutandconfiguration
2023-10-11 08:30:39,996 [INFO] PluginManage:359 - Loaded plugin pinoutandconfiguration (category:base,tabindex:1)
2023-10-11 08:30:39,996 [INFO] PluginManage:310 - Check plugin pinoutconfig
2023-10-11 08:30:40,077 [WARN] SupportedApi:132 - Cannot load RTOS API schema: s4s-elt-must-match.1: The content of 'definitions' must match (annotation?, (simpleType | complexType)?, (unique | key | keyref)*)). A problem was found starting at: attribute.
2023-10-11 08:30:40,190 [INFO] PluginManage:359 - Loaded plugin pinoutconfig (category:base,tabindex:0)
2023-10-11 08:30:40,190 [INFO] PluginManage:310 - Check plugin power
2023-10-11 08:30:40,206 [INFO] PluginManage:359 - Loaded plugin power (category:power,tabindex:4)
2023-10-11 08:30:40,206 [INFO] PluginManage:310 - Check plugin projectmanager
2023-10-11 08:30:40,217 [INFO] PluginManage:359 - Loaded plugin projectmanager (category:projectmanager,tabindex:3)
2023-10-11 08:30:40,217 [INFO] PluginManage:310 - Check plugin thirdparty
2023-10-11 08:30:40,409 [INFO] PluginManage:359 - Loaded plugin thirdparty (category:base,tabindex:-1)
2023-10-11 08:30:40,409 [WARN] IntegrityCheckThread:84 - waiting for thirdparty lock release [integrity check]
2023-10-11 08:30:40,409 [INFO] PluginManage:310 - Check plugin tools
2023-10-11 08:30:40,409 [INFO] IntegrityCheckThread:86 - entering critical section [integrity check]
2023-10-11 08:30:40,409 [INFO] ThirdPartyUpdaterWithRetryManager:70 - Updater plugin not ready yet. [1/15]
2023-10-11 08:30:40,432 [INFO] PluginManage:359 - Loaded plugin tools (category:base,tabindex:7)
2023-10-11 08:30:40,432 [INFO] PluginManage:310 - Check plugin tutovideos
2023-10-11 08:30:40,587 [INFO] PluginManage:359 - Loaded plugin tutovideos (category:base,tabindex:-1)
2023-10-11 08:30:40,587 [INFO] PluginManage:310 - Check plugin updater
2023-10-11 08:30:40,596 [INFO] PluginManage:359 - Loaded plugin updater (category:base,tabindex:12)
2023-10-11 08:30:40,596 [INFO] PluginManage:310 - Check plugin userauth
2023-10-11 08:30:40,600 [INFO] UserAuth:113 - Init User Auth plugin
2023-10-11 08:30:40,601 [INFO] PluginManage:359 - Loaded plugin userauth (category:base,tabindex:14)
2023-10-11 08:30:40,601 [INFO] PluginManage:283 - PluginManage : Loaded plugins [17]
2023-10-11 08:30:40,786 [INFO] PinOutPanel:1499 - setPackage(No Configuration,No Configuration)
2023-10-11 08:30:40,872 [INFO] CADModel:165 - CPN selected for project level
2023-10-11 08:30:40,872 [INFO] CADModel:114 - Register for checkConnection events
2023-10-11 08:30:40,894 [INFO] IPUIPlugin:80 - create IPUIPlugin
2023-10-11 08:30:40,894 [INFO] PluginManager:220 - loadIPPluginJar : add adc
2023-10-11 08:30:40,920 [INFO] IPUIPlugin:80 - create IPUIPlugin
2023-10-11 08:30:40,920 [INFO] PluginManager:220 - loadIPPluginJar : add aes
2023-10-11 08:30:40,953 [INFO] IPUIPlugin:80 - create IPUIPlugin
2023-10-11 08:30:40,953 [INFO] PluginManager:220 - loadIPPluginJar : add can
2023-10-11 08:30:40,969 [INFO] IPUIPlugin:80 - create IPUIPlugin
2023-10-11 08:30:40,969 [INFO] PluginManager:220 - loadIPPluginJar : add comp
2023-10-11 08:30:40,995 [INFO] IPUIPlugin:80 - create IPUIPlugin
2023-10-11 08:30:40,995 [INFO] PluginManager:220 - loadIPPluginJar : add cryp
2023-10-11 08:30:41,019 [INFO] IPUIPlugin:80 - create IPUIPlugin
2023-10-11 08:30:41,019 [INFO] PluginManager:220 - loadIPPluginJar : add dfsdm
2023-10-11 08:30:41,032 [INFO] IPUIPlugin:80 - create IPUIPlugin
2023-10-11 08:30:41,032 [INFO] PluginManager:220 - loadIPPluginJar : add dma
2023-10-11 08:30:41,062 [INFO] IPUIPlugin:80 - create IPUIPlugin
2023-10-11 08:30:41,062 [INFO] PluginManager:220 - loadIPPluginJar : add dma3
2023-10-11 08:30:41,079 [INFO] IPUIPlugin:80 - create IPUIPlugin
2023-10-11 08:30:41,079 [INFO] PluginManager:220 - loadIPPluginJar : add fatfs
2023-10-11 08:30:41,115 [INFO] IPUIPlugin:80 - create IPUIPlugin
2023-10-11 08:30:41,116 [INFO] PluginManager:220 - loadIPPluginJar : add fmc
2023-10-11 08:30:41,128 [INFO] IPUIPlugin:80 - create IPUIPlugin
2023-10-11 08:30:41,128 [INFO] PluginManager:220 - loadIPPluginJar : add freertos
2023-10-11 08:30:41,142 [INFO] IPUIPlugin:80 - create IPUIPlugin
2023-10-11 08:30:41,142 [INFO] PluginManager:220 - loadIPPluginJar : add genericplugin
2023-10-11 08:30:41,203 [INFO] IPUIPlugin:80 - create IPUIPlugin
2023-10-11 08:30:41,203 [INFO] PluginManager:220 - loadIPPluginJar : add gfxmmu
2023-10-11 08:30:41,294 [INFO] IPUIPlugin:80 - create IPUIPlugin
2023-10-11 08:30:41,294 [INFO] PluginManager:220 - loadIPPluginJar : add gic
2023-10-11 08:30:41,304 [INFO] IPUIPlugin:80 - create IPUIPlugin
2023-10-11 08:30:41,304 [INFO] PluginManager:220 - loadIPPluginJar : add gpio
2023-10-11 08:30:41,371 [INFO] IPUIPlugin:80 - create IPUIPlugin
2023-10-11 08:30:41,371 [INFO] PluginManager:220 - loadIPPluginJar : add gtzc
2023-10-11 08:30:41,395 [INFO] IPUIPlugin:80 - create IPUIPlugin
2023-10-11 08:30:41,395 [INFO] PluginManager:220 - loadIPPluginJar : add hash
2023-10-11 08:30:41,431 [INFO] IPUIPlugin:80 - create IPUIPlugin
2023-10-11 08:30:41,431 [INFO] PluginManager:220 - loadIPPluginJar : add i2c
2023-10-11 08:30:41,457 [INFO] IPUIPlugin:80 - create IPUIPlugin
2023-10-11 08:30:41,457 [INFO] PluginManager:220 - loadIPPluginJar : add i2s
2023-10-11 08:30:41,485 [INFO] IPUIPlugin:80 - create IPUIPlugin
2023-10-11 08:30:41,485 [INFO] PluginManager:220 - loadIPPluginJar : add i3c
2023-10-11 08:30:41,561 [INFO] IPUIPlugin:80 - create IPUIPlugin
2023-10-11 08:30:41,561 [INFO] PluginManager:220 - loadIPPluginJar : add ipddr
2023-10-11 08:30:41,621 [INFO] IPUIPlugin:80 - create IPUIPlugin
2023-10-11 08:30:41,621 [INFO] PluginManager:220 - loadIPPluginJar : add linkedlist
2023-10-11 08:30:41,645 [INFO] IPUIPlugin:80 - create IPUIPlugin
2023-10-11 08:30:41,645 [INFO] PluginManager:220 - loadIPPluginJar : add lorawan
2023-10-11 08:30:41,670 [INFO] IPUIPlugin:80 - create IPUIPlugin
2023-10-11 08:30:41,670 [INFO] PluginManager:220 - loadIPPluginJar : add ltdc
2023-10-11 08:30:41,681 [INFO] IPUIPlugin:80 - create IPUIPlugin
2023-10-11 08:30:41,682 [INFO] PluginManager:220 - loadIPPluginJar : add mdma
2023-10-11 08:30:41,692 [INFO] IPUIPlugin:80 - create IPUIPlugin
2023-10-11 08:30:41,693 [INFO] PluginManager:220 - loadIPPluginJar : add nvic
2023-10-11 08:30:41,717 [INFO] IPUIPlugin:80 - create IPUIPlugin
2023-10-11 08:30:41,718 [INFO] PluginManager:220 - loadIPPluginJar : add opamp
2023-10-11 08:30:41,756 [INFO] IPUIPlugin:80 - create IPUIPlugin
2023-10-11 08:30:41,757 [INFO] PluginManager:220 - loadIPPluginJar : add openamp
2023-10-11 08:30:41,788 [INFO] IPUIPlugin:80 - create IPUIPlugin
2023-10-11 08:30:41,788 [INFO] PluginManager:220 - loadIPPluginJar : add pdm2pcm
2023-10-11 08:30:41,800 [INFO] IPUIPlugin:80 - create IPUIPlugin
2023-10-11 08:30:41,802 [INFO] PluginManager:220 - loadIPPluginJar : add plateformsettings
2023-10-11 08:30:41,819 [INFO] IPUIPlugin:80 - create IPUIPlugin
2023-10-11 08:30:41,819 [INFO] PluginManager:220 - loadIPPluginJar : add quadspi
2023-10-11 08:30:41,829 [INFO] IPUIPlugin:80 - create IPUIPlugin
2023-10-11 08:30:41,829 [INFO] PluginManager:220 - loadIPPluginJar : add resmgrutility
2023-10-11 08:30:41,863 [INFO] IPUIPlugin:80 - create IPUIPlugin
2023-10-11 08:30:41,863 [INFO] PluginManager:220 - loadIPPluginJar : add sai
2023-10-11 08:30:41,887 [INFO] IPUIPlugin:80 - create IPUIPlugin
2023-10-11 08:30:41,887 [INFO] PluginManager:220 - loadIPPluginJar : add spi
2023-10-11 08:30:41,925 [INFO] IPUIPlugin:80 - create IPUIPlugin
2023-10-11 08:30:41,925 [INFO] PluginManager:220 - loadIPPluginJar : add stm32_wpan
2023-10-11 08:30:41,941 [INFO] IPUIPlugin:80 - create IPUIPlugin
2023-10-11 08:30:41,941 [INFO] PluginManager:220 - loadIPPluginJar : add tim
2023-10-11 08:30:41,994 [INFO] IPUIPlugin:80 - create IPUIPlugin
2023-10-11 08:30:41,994 [INFO] PluginManager:220 - loadIPPluginJar : add touchsensing
2023-10-11 08:30:42,010 [INFO] IPUIPlugin:80 - create IPUIPlugin
2023-10-11 08:30:42,010 [INFO] PluginManager:220 - loadIPPluginJar : add tracer_emb
2023-10-11 08:30:42,026 [INFO] IPUIPlugin:80 - create IPUIPlugin
2023-10-11 08:30:42,026 [INFO] PluginManager:220 - loadIPPluginJar : add ts
2023-10-11 08:30:42,042 [INFO] IPUIPlugin:80 - create IPUIPlugin
2023-10-11 08:30:42,043 [INFO] PluginManager:220 - loadIPPluginJar : add tsc
2023-10-11 08:30:42,058 [INFO] IPUIPlugin:80 - create IPUIPlugin
2023-10-11 08:30:42,059 [INFO] PluginManager:220 - loadIPPluginJar : add ucpd
2023-10-11 08:30:42,089 [INFO] IPUIPlugin:80 - create IPUIPlugin
2023-10-11 08:30:42,089 [INFO] PluginManager:220 - loadIPPluginJar : add usart
2023-10-11 08:30:42,119 [INFO] IPUIPlugin:80 - create IPUIPlugin
2023-10-11 08:30:42,119 [INFO] PluginManager:220 - loadIPPluginJar : add usbx
2023-10-11 08:30:42,230 [INFO] CADModel:165 - CPN selected for project level
2023-10-11 08:30:42,231 [INFO] CADModel:114 - Register for checkConnection events
2023-10-11 08:30:42,231 [FATAL] Updater:308 - Updater called before beeing initialized
2023-10-11 08:30:42,231 [ERROR] CADModel:125 - Updater not yet initialized, retry later 
2023-10-11 08:30:42,357 [INFO] CADModel:165 - CPN selected for project level
2023-10-11 08:30:42,357 [INFO] CADModel:114 - Register for checkConnection events
2023-10-11 08:30:42,357 [FATAL] Updater:308 - Updater called before beeing initialized
2023-10-11 08:30:42,357 [ERROR] CADModel:125 - Updater not yet initialized, retry later 
2023-10-11 08:30:42,360 [FATAL] Updater:308 - Updater called before beeing initialized
2023-10-11 08:30:42,442 [FATAL] Updater:308 - Updater called before beeing initialized
2023-10-11 08:30:42,453 [INFO] DbMcusAds:53 - JSON generation date=Thu Sep 30 19:55:09 NZDT 2021 (1632984909247)
2023-10-11 08:30:42,454 [FATAL] Updater:308 - Updater called before beeing initialized
2023-10-11 08:30:42,531 [WARN] DetailPanel:346 - Failed to get advertising image, set to default
2023-10-11 08:30:42,618 [FATAL] Updater:308 - Updater called before beeing initialized
2023-10-11 08:30:42,621 [FATAL] Updater:308 - Updater called before beeing initialized
2023-10-11 08:30:42,621 [FATAL] Updater:308 - Updater called before beeing initialized
2023-10-11 08:30:42,621 [WARN] DetailPanel:346 - Failed to get advertising image, set to default
2023-10-11 08:30:42,622 [FATAL] Updater:308 - Updater called before beeing initialized
2023-10-11 08:30:42,704 [ERROR] Updater:1120 - MainUpdater not yet initialized. External WinMGr cannot be set.
2023-10-11 08:30:42,713 [INFO] Updater:1056 - Updater Version found : 6.9.2
2023-10-11 08:30:42,729 [INFO] ApplicationProperties:184 - Using Application install path: C:\ST\STM32CubeIDE_1.13.2\STM32CubeIDE\plugins\com.st.stm32cube.common.mx_6.9.2.202309101412
2023-10-11 08:30:43,044 [INFO] MainUpdater:2868 - connection check result : 10
2023-10-11 08:30:43,044 [INFO] MainUpdater:285 - Updater Check For Update Now.
2023-10-11 08:30:43,044 [INFO] MicroXplorer:498 - Change Database Version : DB.6.0.92
2023-10-11 08:30:43,056 [INFO] McuFinderGlobals:63 - Set McuFinder mode to 2 (CubeIDE integrated)
2023-10-11 08:30:43,057 [INFO] UserAuth:179 - activating auth plugin
2023-10-11 08:30:43,059 [INFO] UserAuth:393 - Internet connection configuration mode: 1
2023-10-11 08:30:43,080 [INFO] JxBrowserEngine:151 - Initiate JxBrowser Engine with user profile folder
2023-10-11 08:30:43,215 [INFO] CheckServerUpdateThread:120 - End of CheckServer Thread
2023-10-11 08:30:43,534 [WARN] PackLoader:240 - Cannot read IP mode file for STMicroelectronics.X-CUBE-SMBUS.2.1.0
2023-10-11 08:30:43,567 [WARN] PackLoader:240 - Cannot read IP mode file for STMicroelectronics.X-CUBE-AZRTOS-F7.1.1.0
2023-10-11 08:30:43,582 [WARN] PackLoader:240 - Cannot read IP mode file for STMicroelectronics.FP-SNS-MOTENV1.4.3.2
2023-10-11 08:30:43,596 [WARN] PackLoader:240 - Cannot read IP mode file for STMicroelectronics.FP-SNS-FLIGHT1.5.0.2
2023-10-11 08:30:43,611 [WARN] PackLoader:240 - Cannot read IP mode file for STMicroelectronics.X-CUBE-DISPLAY.3.0.0
2023-10-11 08:30:43,627 [WARN] PackLoader:240 - Cannot read IP mode file for STMicroelectronics.X-CUBE-BLE1.7.0.0
2023-10-11 08:30:43,639 [WARN] PackLoader:240 - Cannot read IP mode file for emotas.I-CUBE-CANOPEN.1.3.0
2023-10-11 08:30:43,651 [WARN] PackLoader:240 - Cannot read IP mode file for STMicroelectronics.X-CUBE-TOUCHGFX.4.22.1
2023-10-11 08:30:43,661 [WARN] PackLoader:240 - Cannot read IP mode file for STMicroelectronics.FP-SNS-SMARTAG2.1.2.0
2023-10-11 08:30:43,681 [INFO] LogOutputStream:77 - [STDOUT_REDIRECT] 1 : Invalid condition id : UX_CORESTACK_Condition cause : null
2023-10-11 08:30:43,682 [INFO] LogOutputStream:77 - [STDOUT_REDIRECT] 1 : Invalid condition id : UX_CORESTACK_Condition cause : null
2023-10-11 08:30:43,683 [INFO] LogOutputStream:77 - [STDOUT_REDIRECT] 1 : Invalid condition id : UX_CORESTACK_Condition cause : null
2023-10-11 08:30:43,684 [INFO] LogOutputStream:77 - [STDOUT_REDIRECT] 1 : Invalid condition id : UX_CORESTACK_Condition cause : null
2023-10-11 08:30:43,685 [INFO] LogOutputStream:77 - [STDOUT_REDIRECT] 1 : Invalid condition id : UX_CORESTACK_Condition cause : null
2023-10-11 08:30:43,689 [WARN] PackLoader:240 - Cannot read IP mode file for STMicroelectronics.X-CUBE-AZRTOS-WL.2.0.0
2023-10-11 08:30:43,704 [WARN] PackLoader:240 - Cannot read IP mode file for WES.I-CUBE-Cesium.1.3.0
2023-10-11 08:30:43,717 [WARN] PackLoader:240 - Cannot read IP mode file for STMicroelectronics.X-CUBE-BLE2.3.3.0
2023-10-11 08:30:43,730 [WARN] PackLoader:240 - Cannot read IP mode file for STMicroelectronics.X-CUBE-ALGOBUILD.1.3.0
2023-10-11 08:30:43,753 [WARN] PackLoader:240 - Cannot read IP mode file for STMicroelectronics.X-CUBE-AZRTOS-G0.1.1.0
2023-10-11 08:30:43,765 [WARN] PackLoader:240 - Cannot read IP mode file for STMicroelectronics.X-CUBE-NFC4.3.0.0
2023-10-11 08:30:43,776 [WARN] PackLoader:240 - Cannot read IP mode file for STMicroelectronics.FP-ATR-SIGFOX1.3.2.0
2023-10-11 08:30:43,809 [WARN] PackLoader:240 - Cannot read IP mode file for SEGGER.I-CUBE-embOS.1.3.1
2023-10-11 08:30:43,854 [WARN] PackLoader:240 - Cannot read IP mode file for STMicroelectronics.X-CUBE-GNSS1.6.0.0
2023-10-11 08:30:43,874 [WARN] PackLoader:240 - Cannot read IP mode file for STMicroelectronics.X-CUBE-AZRTOS-F4.1.1.0
2023-10-11 08:30:43,908 [WARN] PackLoader:240 - Cannot read IP mode file for wolfSSL.I-CUBE-wolfSSL.5.6.3
2023-10-11 08:30:43,939 [WARN] PackLoader:240 - Cannot read IP mode file for STMicroelectronics.X-CUBE-AZRTOS-L5.2.0.0
2023-10-11 08:30:43,979 [WARN] PackLoader:240 - Cannot read IP mode file for STMicroelectronics.X-CUBE-MEMS1.9.6.0
2023-10-11 08:30:44,135 [WARN] PackLoader:240 - Cannot read IP mode file for ITTIA_DB.I-CUBE-ITTIADB.8.8.0
2023-10-11 08:30:44,148 [WARN] PackLoader:240 - Cannot read IP mode file for STMicroelectronics.X-CUBE-BLEMGR.2.0.0
2023-10-11 08:30:44,170 [WARN] ConditionMgr:438 - getConditionDescription Invalid condition id : UX DEVICE CLASS RTOS Condition cause : null
2023-10-11 08:30:44,170 [WARN] ConditionMgr:438 - getConditionDescription Invalid condition id : UX DEVICE CLASS RTOS Condition cause : null
2023-10-11 08:30:44,173 [WARN] PackLoader:240 - Cannot read IP mode file for STMicroelectronics.X-CUBE-AZRTOS-H7.3.1.0
2023-10-11 08:30:44,173 [WARN] ConditionMgr:1039 - genDependencies : Invalid condition id : UX DEVICE CLASS RTOS Condition cause : null
2023-10-11 08:30:44,173 [WARN] ConditionMgr:1039 - genDependencies : Invalid condition id : UX DEVICE CLASS RTOS Condition cause : null
2023-10-11 08:30:44,174 [WARN] ConditionMgr:1039 - genDependencies : Invalid condition id : UX DEVICE CLASS RTOS Condition cause : null
2023-10-11 08:30:44,174 [WARN] ConditionMgr:1039 - genDependencies : Invalid condition id : UX DEVICE CLASS RTOS Condition cause : null
2023-10-11 08:30:44,174 [WARN] ConditionMgr:1039 - genDependencies : Invalid condition id : UX DEVICE CLASS RTOS Condition cause : null
2023-10-11 08:30:44,184 [WARN] PackLoader:240 - Cannot read IP mode file for STMicroelectronics.X-CUBE-NFC7.1.0.1
2023-10-11 08:30:44,195 [WARN] PackLoader:240 - Cannot read IP mode file for STMicroelectronics.X-CUBE-NFC6.3.0.0
2023-10-11 08:30:44,207 [WARN] PackLoader:240 - Cannot read IP mode file for STMicroelectronics.X-CUBE-EEPRMA1.4.1.0
2023-10-11 08:30:44,217 [WARN] PackLoader:240 - Cannot read IP mode file for STMicroelectronics.X-CUBE-AI.8.1.0
2023-10-11 08:30:44,244 [WARN] ConditionMgr:438 - getConditionDescription Invalid condition id : LAN8742 Phy interface Condition cause : null
2023-10-11 08:30:44,245 [WARN] PackLoader:240 - Cannot read IP mode file for STMicroelectronics.X-CUBE-AZRTOS-L4.2.0.0
2023-10-11 08:30:44,246 [WARN] ConditionMgr:1039 - genDependencies : Invalid condition id : LAN8742 Phy interface Condition cause : null
2023-10-11 08:30:44,246 [WARN] ConditionMgr:1039 - genDependencies : Invalid condition id : LAN8742 Phy interface Condition cause : null
2023-10-11 08:30:44,247 [WARN] ConditionMgr:1039 - genDependencies : Invalid condition id : LAN8742 Phy interface Condition cause : null
2023-10-11 08:30:44,258 [WARN] PackLoader:240 - Cannot read IP mode file for STMicroelectronics.X-CUBE-SFXS2LP1.4.0.0
2023-10-11 08:30:44,274 [WARN] PackLoader:240 - Cannot read IP mode file for STMicroelectronics.X-CUBE-ISPU.1.1.0
2023-10-11 08:30:44,298 [WARN] ConditionMgr:438 - getConditionDescription Invalid condition id : UX DEVICE CLASS RTOS Condition cause : null
2023-10-11 08:30:44,298 [WARN] ConditionMgr:438 - getConditionDescription Invalid condition id : UX DEVICE CLASS RTOS Condition cause : null
2023-10-11 08:30:44,300 [WARN] PackLoader:240 - Cannot read IP mode file for STMicroelectronics.X-CUBE-AZRTOS-WB.2.0.0
2023-10-11 08:30:44,301 [WARN] ConditionMgr:1039 - genDependencies : Invalid condition id : UX DEVICE CLASS RTOS Condition cause : null
2023-10-11 08:30:44,301 [WARN] ConditionMgr:1039 - genDependencies : Invalid condition id : UX DEVICE CLASS RTOS Condition cause : null
2023-10-11 08:30:44,302 [WARN] ConditionMgr:1039 - genDependencies : Invalid condition id : UX DEVICE CLASS RTOS Condition cause : null
2023-10-11 08:30:44,302 [WARN] ConditionMgr:1039 - genDependencies : Invalid condition id : UX DEVICE CLASS RTOS Condition cause : null
2023-10-11 08:30:44,302 [WARN] ConditionMgr:1039 - genDependencies : Invalid condition id : UX DEVICE CLASS RTOS Condition cause : null
2023-10-11 08:30:44,322 [WARN] PackLoader:240 - Cannot read IP mode file for STMicroelectronics.X-CUBE-SUBG2.5.0.0
2023-10-11 08:30:44,345 [WARN] PackLoader:240 - Cannot read IP mode file for STMicroelectronics.X-CUBE-TOF1.3.3.1
2023-10-11 08:30:44,373 [WARN] PackLoader:240 - Cannot read IP mode file for STMicroelectronics.X-CUBE-AZRTOS-G4.2.0.0
2023-10-11 08:30:44,391 [WARN] PackLoader:240 - Cannot read IP mode file for Infineon.AIROC-Wi-Fi-Bluetooth-STM32.1.5.1
2023-10-11 08:30:44,407 [WARN] PackLoader:240 - Cannot read IP mode file for STMicroelectronics.X-CUBE-FREERTOS.1.1.0
2023-10-11 08:30:44,420 [WARN] PackLoader:240 - Cannot read IP mode file for portGmbH.I-Cube-SoM-uGOAL.1.1.0
2023-10-11 08:30:44,430 [WARN] PackLoader:240 - Cannot read IP mode file for STMicroelectronics.X-CUBE-ALS.1.0.1
2023-10-11 08:30:44,439 [WARN] PackLoader:240 - Cannot read IP mode file for STMicroelectronics.FP-ATR-ASTRA1.2.0.0
2023-10-11 08:30:44,439 [INFO] ThirdParty:978 - Integrity check success = true
2023-10-11 08:30:44,439 [INFO] IntegrityCheckThread:100 - exiting critical section [integrity check]
2023-10-11 08:30:44,439 [INFO] IntegrityCheckThread:103 - End integrity checks thread
2023-10-11 08:30:45,138 [INFO] WebApp:157 - Instantiating new browser for Auth
2023-10-11 08:30:45,586 [INFO] WebApp:753 - Register for checkConnection events
2023-10-11 08:30:45,586 [INFO] WebApp:390 - Apply proxy settings
2023-10-11 08:30:45,587 [INFO] WebApp:475 - Chromium requires no authentication
2023-10-11 08:30:45,594 [INFO] WebApp:418 - Direct internet connection detected
2023-10-11 08:30:45,744 [INFO] WebApp:188 - Starting web application
2023-10-11 08:30:45,744 [INFO] WebApp:520 - Web application path used C:\ST\STM32CubeIDE_1.13.2\STM32CubeIDE\plugins\com.st.stm32cube.common.mx_6.9.2.202309101412\db\plugins\mcufinder\reactClient1\index.html
2023-10-11 08:31:06,412 [ERROR] LogOutputStream:75 - [STDERR_REDIRECT] SLF4J: Failed to load class "org.slf4j.impl.StaticLoggerBinder".
2023-10-11 08:31:06,413 [ERROR] LogOutputStream:75 - [STDERR_REDIRECT] SLF4J: Defaulting to no-operation (NOP) logger implementation
2023-10-11 08:31:06,414 [ERROR] LogOutputStream:75 - [STDERR_REDIRECT] SLF4J: See http://www.slf4j.org/codes.html#StaticLoggerBinder for further details.
