2023-10-20 12:32:37,976 [ERROR] LogOutputStream:75 - [STDERR_REDIRECT] 
2023-10-20 12:33:18,956 [INFO] Activator:176 - 


2023-10-20 12:33:18,957 [INFO] Activator:177 - !SESSION log4j initialized
2023-10-20 12:33:24,858 [INFO] LogOutputStream:77 - [STDOUT_REDIRECT] 
2023-10-20 12:33:25,909 [INFO] ApplicationProperties:184 - Using Application install path: C:\ST\STM32CubeIDE_1.13.2\STM32CubeIDE\plugins\com.st.stm32cube.common.mx_6.9.2.202309101412
2023-10-20 12:33:25,925 [INFO] DbMcusXml:78 - Set database path to: C:\ST\STM32CubeIDE_1.13.2\STM32CubeIDE\plugins\com.st.stm32cube.common.mx_6.9.2.202309101412\\db\/mcu/
2023-10-20 12:33:25,925 [INFO] ApiDb:274 - Set plugin database path to: C:\ST\STM32CubeIDE_1.13.2\STM32CubeIDE\plugins\com.st.stm32cube.common.mx_6.9.2.202309101412\\db\/plugins/boardmanager/
2023-10-20 12:33:25,926 [WARN] ApiDb:259 - Overriding images path with different value:  => C:\ST\STM32CubeIDE_1.13.2\STM32CubeIDE\plugins\com.st.stm32cube.common.mx_6.9.2.202309101412\\db\/plugins/mcufinder/images/
2023-10-20 12:33:25,937 [INFO] ApiDb:250 - Set database path to: C:\Users\GGPC\.stmcufinder\plugins\mcufinder//mcu/
2023-10-20 12:33:25,938 [INFO] DbMcusAds:125 - Set database path to: C:\Users\GGPC\.stmcufinder\plugins\mcufinder//mcu/
2023-10-20 12:33:25,939 [INFO] CrossReferenceDbSqlite:203 - Set database path to: C:\Users\GGPC\.stmcufinder\plugins\mcufinder//mcu/cs/
2023-10-20 12:33:26,039 [INFO] RulesReader:64 - Compatibility file has been processed (293 Rules)
2023-10-20 12:33:26,113 [INFO] DbMcusXml:78 - Set database path to: C:\ST\STM32CubeIDE_1.13.2\STM32CubeIDE\plugins\com.st.stm32cube.common.mx_6.9.2.202309101412\\db\/mcu/
2023-10-20 12:33:26,113 [INFO] ApiDb:274 - Set plugin database path to: C:\ST\STM32CubeIDE_1.13.2\STM32CubeIDE\plugins\com.st.stm32cube.common.mx_6.9.2.202309101412\\db\/plugins/boardmanager/
2023-10-20 12:33:26,113 [INFO] ApiDb:261 - Set plugin images path to: C:\ST\STM32CubeIDE_1.13.2\STM32CubeIDE\plugins\com.st.stm32cube.common.mx_6.9.2.202309101412\\db\/plugins/mcufinder/images/
2023-10-20 12:33:26,113 [WARN] DbFile:41 - Overriding database path with different value: C:\Users\GGPC\.stmcufinder\plugins\mcufinder/ => C:\Users\GGPC\.stmcufinder\plugins\mcufinder
2023-10-20 12:33:26,113 [INFO] ApiDb:250 - Set database path to: C:\Users\GGPC\.stmcufinder\plugins\mcufinder//mcu/
2023-10-20 12:33:26,113 [WARN] DbFile:41 - Overriding database path with different value: C:\Users\GGPC\.stmcufinder\plugins\mcufinder/ => C:\Users\GGPC\.stmcufinder\plugins\mcufinder
2023-10-20 12:33:26,113 [INFO] DbMcusAds:125 - Set database path to: C:\Users\GGPC\.stmcufinder\plugins\mcufinder//mcu/
2023-10-20 12:33:26,113 [WARN] DbFile:41 - Overriding database path with different value: C:\Users\GGPC\.stmcufinder\plugins\mcufinder/ => C:\Users\GGPC\.stmcufinder\plugins\mcufinder
2023-10-20 12:33:26,113 [WARN] DbFile:41 - Overriding database path with different value: C:\Users\GGPC\.stmcufinder\plugins\mcufinder/ => C:\Users\GGPC\.stmcufinder\plugins\mcufinder
2023-10-20 12:33:26,113 [INFO] CrossReferenceDbSqlite:203 - Set database path to: C:\Users\GGPC\.stmcufinder\plugins\mcufinder//mcu/cs/
2023-10-20 12:33:26,184 [INFO] MainPanel:262 - HeapMemory: 268435456
2023-10-20 12:33:26,275 [INFO] DbMcusXml:78 - Set database path to: C:\ST\STM32CubeIDE_1.13.2\STM32CubeIDE\plugins\com.st.stm32cube.common.mx_6.9.2.202309101412\\db\/mcu/
2023-10-20 12:33:26,275 [INFO] ApiDb:274 - Set plugin database path to: C:\ST\STM32CubeIDE_1.13.2\STM32CubeIDE\plugins\com.st.stm32cube.common.mx_6.9.2.202309101412\\db\/plugins/boardmanager/
2023-10-20 12:33:26,275 [INFO] ApiDb:261 - Set plugin images path to: C:\ST\STM32CubeIDE_1.13.2\STM32CubeIDE\plugins\com.st.stm32cube.common.mx_6.9.2.202309101412\\db\/plugins/mcufinder/images/
2023-10-20 12:33:26,276 [WARN] DbFile:41 - Overriding database path with different value: C:\Users\GGPC\.stmcufinder\plugins\mcufinder/ => C:\Users\GGPC\.stmcufinder\plugins\mcufinder
2023-10-20 12:33:26,276 [INFO] ApiDb:250 - Set database path to: C:\Users\GGPC\.stmcufinder\plugins\mcufinder//mcu/
2023-10-20 12:33:26,276 [WARN] DbFile:41 - Overriding database path with different value: C:\Users\GGPC\.stmcufinder\plugins\mcufinder/ => C:\Users\GGPC\.stmcufinder\plugins\mcufinder
2023-10-20 12:33:26,276 [INFO] DbMcusAds:125 - Set database path to: C:\Users\GGPC\.stmcufinder\plugins\mcufinder//mcu/
2023-10-20 12:33:26,276 [WARN] DbFile:41 - Overriding database path with different value: C:\Users\GGPC\.stmcufinder\plugins\mcufinder/ => C:\Users\GGPC\.stmcufinder\plugins\mcufinder
2023-10-20 12:33:26,276 [WARN] DbFile:41 - Overriding database path with different value: C:\Users\GGPC\.stmcufinder\plugins\mcufinder/ => C:\Users\GGPC\.stmcufinder\plugins\mcufinder
2023-10-20 12:33:26,277 [INFO] CrossReferenceDbSqlite:203 - Set database path to: C:\Users\GGPC\.stmcufinder\plugins\mcufinder//mcu/cs/
2023-10-20 12:33:26,293 [INFO] ApplicationProperties:184 - Using Application install path: C:\ST\STM32CubeIDE_1.13.2\STM32CubeIDE\plugins\com.st.stm32cube.common.mx_6.9.2.202309101412
2023-10-20 12:33:26,294 [INFO] PluginManage:196 - Search for loadable plugins [exclusion list=, ]
2023-10-20 12:33:26,296 [INFO] PluginManage:310 - Check plugin analytics
2023-10-20 12:33:26,442 [INFO] AnalyticsPlugin:253 - Accepted Software Licenses: 
2023-10-20 12:33:26,442 [INFO] AnalyticsPlugin:255 - Accepted CMSIS Pack Licenses: 
2023-10-20 12:33:26,442 [INFO] AnalyticsPlugin:257 - Accepted Firmware Licenses: 
2023-10-20 12:33:26,445 [INFO] PluginManage:359 - Loaded plugin analytics (category:tool,tabindex:-1)
2023-10-20 12:33:26,445 [INFO] PluginManage:310 - Check plugin cadmodel
2023-10-20 12:33:26,459 [INFO] CADModel:105 - Init CAD model plugin
2023-10-20 12:33:26,460 [INFO] PluginManage:359 - Loaded plugin cadmodel (category:power,tabindex:5)
2023-10-20 12:33:26,460 [INFO] PluginManage:310 - Check plugin clock
2023-10-20 12:33:26,478 [INFO] PluginManage:359 - Loaded plugin clock (category:base,tabindex:2)
2023-10-20 12:33:26,479 [INFO] PluginManage:310 - Check plugin ddr
2023-10-20 12:33:26,481 [INFO] PluginManage:359 - Loaded plugin ddr (category:tool,tabindex:6)
2023-10-20 12:33:26,482 [INFO] PluginManage:310 - Check plugin filemanager
2023-10-20 12:33:26,601 [INFO] PluginManage:359 - Loaded plugin filemanager (category:base,tabindex:10)
2023-10-20 12:33:26,602 [INFO] PluginManage:310 - Check plugin ipmanager
2023-10-20 12:33:26,608 [INFO] PluginManage:359 - Loaded plugin ipmanager (category:base,tabindex:5)
2023-10-20 12:33:26,608 [INFO] PluginManage:310 - Check plugin lpbam
2023-10-20 12:33:26,622 [INFO] PluginManage:359 - Loaded plugin lpbam (category:base,tabindex:0)
2023-10-20 12:33:26,622 [INFO] PluginManage:310 - Check plugin memorymap
2023-10-20 12:33:26,642 [INFO] PluginManage:359 - Loaded plugin memorymap (category:base,tabindex:4)
2023-10-20 12:33:26,643 [INFO] PluginManage:310 - Check plugin pinoutandconfiguration
2023-10-20 12:33:26,658 [INFO] PluginManage:359 - Loaded plugin pinoutandconfiguration (category:base,tabindex:1)
2023-10-20 12:33:26,658 [INFO] PluginManage:310 - Check plugin pinoutconfig
2023-10-20 12:33:26,747 [WARN] SupportedApi:132 - Cannot load RTOS API schema: s4s-elt-must-match.1: The content of 'definitions' must match (annotation?, (simpleType | complexType)?, (unique | key | keyref)*)). A problem was found starting at: attribute.
2023-10-20 12:33:26,860 [INFO] PluginManage:359 - Loaded plugin pinoutconfig (category:base,tabindex:0)
2023-10-20 12:33:26,860 [INFO] PluginManage:310 - Check plugin power
2023-10-20 12:33:26,877 [INFO] PluginManage:359 - Loaded plugin power (category:power,tabindex:4)
2023-10-20 12:33:26,878 [INFO] PluginManage:310 - Check plugin projectmanager
2023-10-20 12:33:26,891 [INFO] PluginManage:359 - Loaded plugin projectmanager (category:projectmanager,tabindex:3)
2023-10-20 12:33:26,891 [INFO] PluginManage:310 - Check plugin thirdparty
2023-10-20 12:33:27,118 [INFO] PluginManage:359 - Loaded plugin thirdparty (category:base,tabindex:-1)
2023-10-20 12:33:27,118 [INFO] PluginManage:310 - Check plugin tools
2023-10-20 12:33:27,118 [WARN] IntegrityCheckThread:84 - waiting for thirdparty lock release [integrity check]
2023-10-20 12:33:27,119 [INFO] IntegrityCheckThread:86 - entering critical section [integrity check]
2023-10-20 12:33:27,119 [INFO] ThirdPartyUpdaterWithRetryManager:70 - Updater plugin not ready yet. [1/15]
2023-10-20 12:33:27,149 [INFO] PluginManage:359 - Loaded plugin tools (category:base,tabindex:7)
2023-10-20 12:33:27,149 [INFO] PluginManage:310 - Check plugin tutovideos
2023-10-20 12:33:27,308 [INFO] PluginManage:359 - Loaded plugin tutovideos (category:base,tabindex:-1)
2023-10-20 12:33:27,308 [INFO] PluginManage:310 - Check plugin updater
2023-10-20 12:33:27,318 [INFO] PluginManage:359 - Loaded plugin updater (category:base,tabindex:12)
2023-10-20 12:33:27,318 [INFO] PluginManage:310 - Check plugin userauth
2023-10-20 12:33:27,323 [INFO] UserAuth:113 - Init User Auth plugin
2023-10-20 12:33:27,323 [INFO] PluginManage:359 - Loaded plugin userauth (category:base,tabindex:14)
2023-10-20 12:33:27,323 [INFO] PluginManage:283 - PluginManage : Loaded plugins [17]
2023-10-20 12:33:27,517 [INFO] PinOutPanel:1499 - setPackage(No Configuration,No Configuration)
2023-10-20 12:33:27,608 [INFO] CADModel:165 - CPN selected for project level
2023-10-20 12:33:27,608 [INFO] CADModel:114 - Register for checkConnection events
2023-10-20 12:33:27,632 [INFO] IPUIPlugin:80 - create IPUIPlugin
2023-10-20 12:33:27,632 [INFO] PluginManager:220 - loadIPPluginJar : add adc
2023-10-20 12:33:27,662 [INFO] IPUIPlugin:80 - create IPUIPlugin
2023-10-20 12:33:27,663 [INFO] PluginManager:220 - loadIPPluginJar : add aes
2023-10-20 12:33:27,700 [INFO] IPUIPlugin:80 - create IPUIPlugin
2023-10-20 12:33:27,700 [INFO] PluginManager:220 - loadIPPluginJar : add can
2023-10-20 12:33:27,718 [INFO] IPUIPlugin:80 - create IPUIPlugin
2023-10-20 12:33:27,718 [INFO] PluginManager:220 - loadIPPluginJar : add comp
2023-10-20 12:33:27,745 [INFO] IPUIPlugin:80 - create IPUIPlugin
2023-10-20 12:33:27,745 [INFO] PluginManager:220 - loadIPPluginJar : add cryp
2023-10-20 12:33:27,767 [INFO] IPUIPlugin:80 - create IPUIPlugin
2023-10-20 12:33:27,767 [INFO] PluginManager:220 - loadIPPluginJar : add dfsdm
2023-10-20 12:33:27,791 [INFO] IPUIPlugin:80 - create IPUIPlugin
2023-10-20 12:33:27,791 [INFO] PluginManager:220 - loadIPPluginJar : add dma
2023-10-20 12:33:27,823 [INFO] IPUIPlugin:80 - create IPUIPlugin
2023-10-20 12:33:27,823 [INFO] PluginManager:220 - loadIPPluginJar : add dma3
2023-10-20 12:33:27,839 [INFO] IPUIPlugin:80 - create IPUIPlugin
2023-10-20 12:33:27,839 [INFO] PluginManager:220 - loadIPPluginJar : add fatfs
2023-10-20 12:33:27,885 [INFO] IPUIPlugin:80 - create IPUIPlugin
2023-10-20 12:33:27,886 [INFO] PluginManager:220 - loadIPPluginJar : add fmc
2023-10-20 12:33:27,903 [INFO] IPUIPlugin:80 - create IPUIPlugin
2023-10-20 12:33:27,903 [INFO] PluginManager:220 - loadIPPluginJar : add freertos
2023-10-20 12:33:27,923 [INFO] IPUIPlugin:80 - create IPUIPlugin
2023-10-20 12:33:27,923 [INFO] PluginManager:220 - loadIPPluginJar : add genericplugin
2023-10-20 12:33:27,999 [INFO] IPUIPlugin:80 - create IPUIPlugin
2023-10-20 12:33:27,999 [INFO] PluginManager:220 - loadIPPluginJar : add gfxmmu
2023-10-20 12:33:28,099 [INFO] IPUIPlugin:80 - create IPUIPlugin
2023-10-20 12:33:28,099 [INFO] PluginManager:220 - loadIPPluginJar : add gic
2023-10-20 12:33:28,109 [INFO] IPUIPlugin:80 - create IPUIPlugin
2023-10-20 12:33:28,109 [INFO] PluginManager:220 - loadIPPluginJar : add gpio
2023-10-20 12:33:28,174 [INFO] IPUIPlugin:80 - create IPUIPlugin
2023-10-20 12:33:28,174 [INFO] PluginManager:220 - loadIPPluginJar : add gtzc
2023-10-20 12:33:28,196 [INFO] IPUIPlugin:80 - create IPUIPlugin
2023-10-20 12:33:28,197 [INFO] PluginManager:220 - loadIPPluginJar : add hash
2023-10-20 12:33:28,240 [INFO] IPUIPlugin:80 - create IPUIPlugin
2023-10-20 12:33:28,240 [INFO] PluginManager:220 - loadIPPluginJar : add i2c
2023-10-20 12:33:28,268 [INFO] IPUIPlugin:80 - create IPUIPlugin
2023-10-20 12:33:28,268 [INFO] PluginManager:220 - loadIPPluginJar : add i2s
2023-10-20 12:33:28,299 [INFO] IPUIPlugin:80 - create IPUIPlugin
2023-10-20 12:33:28,299 [INFO] PluginManager:220 - loadIPPluginJar : add i3c
2023-10-20 12:33:28,375 [INFO] IPUIPlugin:80 - create IPUIPlugin
2023-10-20 12:33:28,375 [INFO] PluginManager:220 - loadIPPluginJar : add ipddr
2023-10-20 12:33:28,446 [INFO] IPUIPlugin:80 - create IPUIPlugin
2023-10-20 12:33:28,446 [INFO] PluginManager:220 - loadIPPluginJar : add linkedlist
2023-10-20 12:33:28,477 [INFO] IPUIPlugin:80 - create IPUIPlugin
2023-10-20 12:33:28,477 [INFO] PluginManager:220 - loadIPPluginJar : add lorawan
2023-10-20 12:33:28,505 [INFO] IPUIPlugin:80 - create IPUIPlugin
2023-10-20 12:33:28,505 [INFO] PluginManager:220 - loadIPPluginJar : add ltdc
2023-10-20 12:33:28,517 [INFO] IPUIPlugin:80 - create IPUIPlugin
2023-10-20 12:33:28,517 [INFO] PluginManager:220 - loadIPPluginJar : add mdma
2023-10-20 12:33:28,527 [INFO] IPUIPlugin:80 - create IPUIPlugin
2023-10-20 12:33:28,527 [INFO] PluginManager:220 - loadIPPluginJar : add nvic
2023-10-20 12:33:28,553 [INFO] IPUIPlugin:80 - create IPUIPlugin
2023-10-20 12:33:28,553 [INFO] PluginManager:220 - loadIPPluginJar : add opamp
2023-10-20 12:33:28,605 [INFO] IPUIPlugin:80 - create IPUIPlugin
2023-10-20 12:33:28,605 [INFO] PluginManager:220 - loadIPPluginJar : add openamp
2023-10-20 12:33:28,641 [INFO] IPUIPlugin:80 - create IPUIPlugin
2023-10-20 12:33:28,641 [INFO] PluginManager:220 - loadIPPluginJar : add pdm2pcm
2023-10-20 12:33:28,655 [INFO] IPUIPlugin:80 - create IPUIPlugin
2023-10-20 12:33:28,658 [INFO] PluginManager:220 - loadIPPluginJar : add plateformsettings
2023-10-20 12:33:28,677 [INFO] IPUIPlugin:80 - create IPUIPlugin
2023-10-20 12:33:28,678 [INFO] PluginManager:220 - loadIPPluginJar : add quadspi
2023-10-20 12:33:28,688 [INFO] IPUIPlugin:80 - create IPUIPlugin
2023-10-20 12:33:28,688 [INFO] PluginManager:220 - loadIPPluginJar : add resmgrutility
2023-10-20 12:33:28,728 [INFO] IPUIPlugin:80 - create IPUIPlugin
2023-10-20 12:33:28,728 [INFO] PluginManager:220 - loadIPPluginJar : add sai
2023-10-20 12:33:28,758 [INFO] IPUIPlugin:80 - create IPUIPlugin
2023-10-20 12:33:28,758 [INFO] PluginManager:220 - loadIPPluginJar : add spi
2023-10-20 12:33:28,801 [INFO] IPUIPlugin:80 - create IPUIPlugin
2023-10-20 12:33:28,801 [INFO] PluginManager:220 - loadIPPluginJar : add stm32_wpan
2023-10-20 12:33:28,818 [INFO] IPUIPlugin:80 - create IPUIPlugin
2023-10-20 12:33:28,818 [INFO] PluginManager:220 - loadIPPluginJar : add tim
2023-10-20 12:33:28,859 [INFO] IPUIPlugin:80 - create IPUIPlugin
2023-10-20 12:33:28,859 [INFO] PluginManager:220 - loadIPPluginJar : add touchsensing
2023-10-20 12:33:28,877 [INFO] IPUIPlugin:80 - create IPUIPlugin
2023-10-20 12:33:28,877 [INFO] PluginManager:220 - loadIPPluginJar : add tracer_emb
2023-10-20 12:33:28,897 [INFO] IPUIPlugin:80 - create IPUIPlugin
2023-10-20 12:33:28,897 [INFO] PluginManager:220 - loadIPPluginJar : add ts
2023-10-20 12:33:28,913 [INFO] IPUIPlugin:80 - create IPUIPlugin
2023-10-20 12:33:28,913 [INFO] PluginManager:220 - loadIPPluginJar : add tsc
2023-10-20 12:33:28,933 [INFO] IPUIPlugin:80 - create IPUIPlugin
2023-10-20 12:33:28,933 [INFO] PluginManager:220 - loadIPPluginJar : add ucpd
2023-10-20 12:33:28,972 [INFO] IPUIPlugin:80 - create IPUIPlugin
2023-10-20 12:33:28,972 [INFO] PluginManager:220 - loadIPPluginJar : add usart
2023-10-20 12:33:29,009 [INFO] IPUIPlugin:80 - create IPUIPlugin
2023-10-20 12:33:29,009 [INFO] PluginManager:220 - loadIPPluginJar : add usbx
2023-10-20 12:33:29,121 [INFO] CADModel:165 - CPN selected for project level
2023-10-20 12:33:29,121 [INFO] CADModel:114 - Register for checkConnection events
2023-10-20 12:33:29,121 [FATAL] Updater:308 - Updater called before beeing initialized
2023-10-20 12:33:29,121 [ERROR] CADModel:125 - Updater not yet initialized, retry later 
2023-10-20 12:33:29,232 [INFO] CADModel:165 - CPN selected for project level
2023-10-20 12:33:29,232 [INFO] CADModel:114 - Register for checkConnection events
2023-10-20 12:33:29,232 [FATAL] Updater:308 - Updater called before beeing initialized
2023-10-20 12:33:29,232 [ERROR] CADModel:125 - Updater not yet initialized, retry later 
2023-10-20 12:33:29,235 [FATAL] Updater:308 - Updater called before beeing initialized
2023-10-20 12:33:29,311 [FATAL] Updater:308 - Updater called before beeing initialized
2023-10-20 12:33:29,320 [INFO] DbMcusAds:53 - JSON generation date=Thu Sep 30 19:55:09 NZDT 2021 (1632984909247)
2023-10-20 12:33:29,320 [FATAL] Updater:308 - Updater called before beeing initialized
2023-10-20 12:33:29,384 [WARN] DetailPanel:346 - Failed to get advertising image, set to default
2023-10-20 12:33:29,468 [FATAL] Updater:308 - Updater called before beeing initialized
2023-10-20 12:33:29,470 [FATAL] Updater:308 - Updater called before beeing initialized
2023-10-20 12:33:29,470 [FATAL] Updater:308 - Updater called before beeing initialized
2023-10-20 12:33:29,470 [WARN] DetailPanel:346 - Failed to get advertising image, set to default
2023-10-20 12:33:29,470 [FATAL] Updater:308 - Updater called before beeing initialized
2023-10-20 12:33:29,543 [ERROR] Updater:1120 - MainUpdater not yet initialized. External WinMGr cannot be set.
2023-10-20 12:33:29,551 [INFO] Updater:1056 - Updater Version found : 6.9.2
2023-10-20 12:33:29,567 [INFO] ApplicationProperties:184 - Using Application install path: C:\ST\STM32CubeIDE_1.13.2\STM32CubeIDE\plugins\com.st.stm32cube.common.mx_6.9.2.202309101412
2023-10-20 12:33:29,651 [INFO] MainUpdater:2868 - connection check result : 10
2023-10-20 12:33:29,652 [INFO] MainUpdater:285 - Updater Check For Update Now.
2023-10-20 12:33:29,652 [INFO] MicroXplorer:498 - Change Database Version : DB.6.0.92
2023-10-20 12:33:29,666 [INFO] McuFinderGlobals:63 - Set McuFinder mode to 2 (CubeIDE integrated)
2023-10-20 12:33:29,666 [INFO] UserAuth:179 - activating auth plugin
2023-10-20 12:33:29,668 [INFO] UserAuth:393 - Internet connection configuration mode: 1
2023-10-20 12:33:29,689 [INFO] JxBrowserEngine:151 - Initiate JxBrowser Engine with user profile folder
2023-10-20 12:33:29,826 [INFO] CheckServerUpdateThread:120 - End of CheckServer Thread
2023-10-20 12:33:30,271 [WARN] PackLoader:240 - Cannot read IP mode file for STMicroelectronics.X-CUBE-SMBUS.2.1.0
2023-10-20 12:33:30,310 [WARN] PackLoader:240 - Cannot read IP mode file for STMicroelectronics.X-CUBE-AZRTOS-F7.1.1.0
2023-10-20 12:33:30,326 [WARN] PackLoader:240 - Cannot read IP mode file for STMicroelectronics.FP-SNS-MOTENV1.4.3.2
2023-10-20 12:33:30,340 [WARN] PackLoader:240 - Cannot read IP mode file for STMicroelectronics.FP-SNS-FLIGHT1.5.0.2
2023-10-20 12:33:30,354 [WARN] PackLoader:240 - Cannot read IP mode file for STMicroelectronics.X-CUBE-DISPLAY.3.0.0
2023-10-20 12:33:30,374 [WARN] PackLoader:240 - Cannot read IP mode file for STMicroelectronics.X-CUBE-BLE1.7.0.0
2023-10-20 12:33:30,385 [WARN] PackLoader:240 - Cannot read IP mode file for emotas.I-CUBE-CANOPEN.1.3.0
2023-10-20 12:33:30,395 [WARN] PackLoader:240 - Cannot read IP mode file for STMicroelectronics.X-CUBE-TOUCHGFX.4.22.1
2023-10-20 12:33:30,407 [WARN] PackLoader:240 - Cannot read IP mode file for STMicroelectronics.FP-SNS-SMARTAG2.1.2.0
2023-10-20 12:33:30,422 [INFO] LogOutputStream:77 - [STDOUT_REDIRECT] 1 : Invalid condition id : UX_CORESTACK_Condition cause : null
2023-10-20 12:33:30,422 [INFO] LogOutputStream:77 - [STDOUT_REDIRECT] 1 : Invalid condition id : UX_CORESTACK_Condition cause : null
2023-10-20 12:33:30,422 [INFO] LogOutputStream:77 - [STDOUT_REDIRECT] 1 : Invalid condition id : UX_CORESTACK_Condition cause : null
2023-10-20 12:33:30,423 [INFO] LogOutputStream:77 - [STDOUT_REDIRECT] 1 : Invalid condition id : UX_CORESTACK_Condition cause : null
2023-10-20 12:33:30,424 [INFO] LogOutputStream:77 - [STDOUT_REDIRECT] 1 : Invalid condition id : UX_CORESTACK_Condition cause : null
2023-10-20 12:33:30,428 [WARN] PackLoader:240 - Cannot read IP mode file for STMicroelectronics.X-CUBE-AZRTOS-WL.2.0.0
2023-10-20 12:33:30,444 [WARN] PackLoader:240 - Cannot read IP mode file for WES.I-CUBE-Cesium.1.3.0
2023-10-20 12:33:30,456 [WARN] PackLoader:240 - Cannot read IP mode file for STMicroelectronics.X-CUBE-BLE2.3.3.0
2023-10-20 12:33:30,469 [WARN] PackLoader:240 - Cannot read IP mode file for STMicroelectronics.X-CUBE-ALGOBUILD.1.3.0
2023-10-20 12:33:30,495 [WARN] PackLoader:240 - Cannot read IP mode file for STMicroelectronics.X-CUBE-AZRTOS-G0.1.1.0
2023-10-20 12:33:30,511 [WARN] PackLoader:240 - Cannot read IP mode file for STMicroelectronics.X-CUBE-NFC4.3.0.0
2023-10-20 12:33:30,525 [WARN] PackLoader:240 - Cannot read IP mode file for STMicroelectronics.FP-ATR-SIGFOX1.3.2.0
2023-10-20 12:33:30,555 [WARN] PackLoader:240 - Cannot read IP mode file for SEGGER.I-CUBE-embOS.1.3.1
2023-10-20 12:33:30,606 [WARN] PackLoader:240 - Cannot read IP mode file for STMicroelectronics.X-CUBE-GNSS1.6.0.0
2023-10-20 12:33:30,630 [WARN] PackLoader:240 - Cannot read IP mode file for STMicroelectronics.X-CUBE-AZRTOS-F4.1.1.0
2023-10-20 12:33:30,643 [WARN] PackLoader:240 - Cannot read IP mode file for wolfSSL.I-CUBE-wolfSSL.5.6.3
2023-10-20 12:33:30,667 [WARN] PackLoader:240 - Cannot read IP mode file for STMicroelectronics.X-CUBE-AZRTOS-L5.2.0.0
2023-10-20 12:33:30,709 [WARN] PackLoader:240 - Cannot read IP mode file for STMicroelectronics.X-CUBE-MEMS1.9.6.0
2023-10-20 12:33:30,841 [WARN] PackLoader:240 - Cannot read IP mode file for ITTIA_DB.I-CUBE-ITTIADB.8.8.0
2023-10-20 12:33:30,866 [WARN] PackLoader:240 - Cannot read IP mode file for STMicroelectronics.X-CUBE-BLEMGR.2.0.0
2023-10-20 12:33:30,898 [WARN] ConditionMgr:438 - getConditionDescription Invalid condition id : UX DEVICE CLASS RTOS Condition cause : null
2023-10-20 12:33:30,898 [WARN] ConditionMgr:438 - getConditionDescription Invalid condition id : UX DEVICE CLASS RTOS Condition cause : null
2023-10-20 12:33:30,900 [WARN] PackLoader:240 - Cannot read IP mode file for STMicroelectronics.X-CUBE-AZRTOS-H7.3.1.0
2023-10-20 12:33:30,901 [WARN] ConditionMgr:1039 - genDependencies : Invalid condition id : UX DEVICE CLASS RTOS Condition cause : null
2023-10-20 12:33:30,902 [WARN] ConditionMgr:1039 - genDependencies : Invalid condition id : UX DEVICE CLASS RTOS Condition cause : null
2023-10-20 12:33:30,902 [WARN] ConditionMgr:1039 - genDependencies : Invalid condition id : UX DEVICE CLASS RTOS Condition cause : null
2023-10-20 12:33:30,902 [WARN] ConditionMgr:1039 - genDependencies : Invalid condition id : UX DEVICE CLASS RTOS Condition cause : null
2023-10-20 12:33:30,902 [WARN] ConditionMgr:1039 - genDependencies : Invalid condition id : UX DEVICE CLASS RTOS Condition cause : null
2023-10-20 12:33:30,915 [WARN] PackLoader:240 - Cannot read IP mode file for STMicroelectronics.X-CUBE-NFC7.1.0.1
2023-10-20 12:33:30,930 [WARN] PackLoader:240 - Cannot read IP mode file for STMicroelectronics.X-CUBE-NFC6.3.0.0
2023-10-20 12:33:30,944 [WARN] PackLoader:240 - Cannot read IP mode file for STMicroelectronics.X-CUBE-EEPRMA1.4.1.0
2023-10-20 12:33:30,958 [WARN] PackLoader:240 - Cannot read IP mode file for STMicroelectronics.X-CUBE-AI.8.1.0
2023-10-20 12:33:30,985 [WARN] ConditionMgr:438 - getConditionDescription Invalid condition id : LAN8742 Phy interface Condition cause : null
2023-10-20 12:33:30,986 [WARN] PackLoader:240 - Cannot read IP mode file for STMicroelectronics.X-CUBE-AZRTOS-L4.2.0.0
2023-10-20 12:33:30,987 [WARN] ConditionMgr:1039 - genDependencies : Invalid condition id : LAN8742 Phy interface Condition cause : null
2023-10-20 12:33:30,987 [WARN] ConditionMgr:1039 - genDependencies : Invalid condition id : LAN8742 Phy interface Condition cause : null
2023-10-20 12:33:30,988 [WARN] ConditionMgr:1039 - genDependencies : Invalid condition id : LAN8742 Phy interface Condition cause : null
2023-10-20 12:33:31,005 [WARN] PackLoader:240 - Cannot read IP mode file for STMicroelectronics.X-CUBE-SFXS2LP1.4.0.0
2023-10-20 12:33:31,018 [WARN] PackLoader:240 - Cannot read IP mode file for STMicroelectronics.X-CUBE-ISPU.1.1.0
2023-10-20 12:33:31,039 [WARN] ConditionMgr:438 - getConditionDescription Invalid condition id : UX DEVICE CLASS RTOS Condition cause : null
2023-10-20 12:33:31,039 [WARN] ConditionMgr:438 - getConditionDescription Invalid condition id : UX DEVICE CLASS RTOS Condition cause : null
2023-10-20 12:33:31,041 [WARN] PackLoader:240 - Cannot read IP mode file for STMicroelectronics.X-CUBE-AZRTOS-WB.2.0.0
2023-10-20 12:33:31,042 [WARN] ConditionMgr:1039 - genDependencies : Invalid condition id : UX DEVICE CLASS RTOS Condition cause : null
2023-10-20 12:33:31,042 [WARN] ConditionMgr:1039 - genDependencies : Invalid condition id : UX DEVICE CLASS RTOS Condition cause : null
2023-10-20 12:33:31,043 [WARN] ConditionMgr:1039 - genDependencies : Invalid condition id : UX DEVICE CLASS RTOS Condition cause : null
2023-10-20 12:33:31,043 [WARN] ConditionMgr:1039 - genDependencies : Invalid condition id : UX DEVICE CLASS RTOS Condition cause : null
2023-10-20 12:33:31,043 [WARN] ConditionMgr:1039 - genDependencies : Invalid condition id : UX DEVICE CLASS RTOS Condition cause : null
2023-10-20 12:33:31,062 [WARN] PackLoader:240 - Cannot read IP mode file for STMicroelectronics.X-CUBE-SUBG2.5.0.0
2023-10-20 12:33:31,086 [WARN] PackLoader:240 - Cannot read IP mode file for STMicroelectronics.X-CUBE-TOF1.3.3.1
2023-10-20 12:33:31,112 [WARN] PackLoader:240 - Cannot read IP mode file for STMicroelectronics.X-CUBE-AZRTOS-G4.2.0.0
2023-10-20 12:33:31,135 [WARN] PackLoader:240 - Cannot read IP mode file for Infineon.AIROC-Wi-Fi-Bluetooth-STM32.1.5.1
2023-10-20 12:33:31,147 [WARN] PackLoader:240 - Cannot read IP mode file for STMicroelectronics.X-CUBE-FREERTOS.1.1.0
2023-10-20 12:33:31,158 [WARN] PackLoader:240 - Cannot read IP mode file for portGmbH.I-Cube-SoM-uGOAL.1.1.0
2023-10-20 12:33:31,170 [WARN] PackLoader:240 - Cannot read IP mode file for STMicroelectronics.X-CUBE-ALS.1.0.1
2023-10-20 12:33:31,179 [WARN] PackLoader:240 - Cannot read IP mode file for STMicroelectronics.FP-ATR-ASTRA1.2.0.0
2023-10-20 12:33:31,180 [INFO] ThirdParty:978 - Integrity check success = true
2023-10-20 12:33:31,180 [INFO] IntegrityCheckThread:100 - exiting critical section [integrity check]
2023-10-20 12:33:31,180 [INFO] IntegrityCheckThread:103 - End integrity checks thread
2023-10-20 12:33:31,730 [INFO] WebApp:157 - Instantiating new browser for Auth
2023-10-20 12:33:32,166 [INFO] WebApp:753 - Register for checkConnection events
2023-10-20 12:33:32,167 [INFO] WebApp:390 - Apply proxy settings
2023-10-20 12:33:32,167 [INFO] WebApp:475 - Chromium requires no authentication
2023-10-20 12:33:32,174 [INFO] WebApp:418 - Direct internet connection detected
2023-10-20 12:33:32,330 [INFO] WebApp:188 - Starting web application
2023-10-20 12:33:32,330 [INFO] WebApp:520 - Web application path used C:\ST\STM32CubeIDE_1.13.2\STM32CubeIDE\plugins\com.st.stm32cube.common.mx_6.9.2.202309101412\db\plugins\mcufinder\reactClient1\index.html
2023-10-20 12:33:53,657 [ERROR] LogOutputStream:75 - [STDERR_REDIRECT] SLF4J: Failed to load class "org.slf4j.impl.StaticLoggerBinder".
2023-10-20 12:33:53,657 [ERROR] LogOutputStream:75 - [STDERR_REDIRECT] SLF4J: Defaulting to no-operation (NOP) logger implementation
2023-10-20 12:33:53,658 [ERROR] LogOutputStream:75 - [STDERR_REDIRECT] SLF4J: See http://www.slf4j.org/codes.html#StaticLoggerBinder for further details.
